2025-05-14 02:37:34,584 INFO views Backup created by heni: backup_full_20250514_023733 (Type: full, Encrypted: False)
2025-05-15 22:40:36,904 INFO views Backup created by heni: backup_full_20250515_224035 (Type: full, Encrypted: False)
2025-05-15 22:42:59,336 INFO views Backup created by heni: backup_partial_20250515_224258 (Type: partial, Encrypted: False)
2025-05-15 22:44:14,923 INFO views Backup created by heni: backup_full_20250515_224413 (Type: full, Encrypted: False)
2025-05-15 22:45:31,894 INFO views Backup created by heni: backup_full_20250515_224531 (Type: full, Encrypted: True)
2025-05-15 22:46:15,734 INFO views Backup created by heni: backup_full_20250515_224614 (Type: full, Encrypted: True)
2025-05-15 22:47:24,307 INFO views Backup created by heni: backup_partial_20250515_224723 (Type: partial, Encrypted: True)
2025-05-15 22:48:27,897 INFO views Backup created by heni: backup_partial_20250515_224827 (Type: partial, Encrypted: True)
2025-05-15 22:48:55,525 INFO views Backup created by heni: backup_partial_20250515_224854 (Type: partial, Encrypted: True)
2025-05-16 00:27:51,783 INFO backup_utils Creating backup with command: C:/xampp/mysql/bin/mysqldump.exe --user=root --password= --host=localhost --port=3306 --single-transaction --routines --triggers Appligne_06
2025-05-16 00:39:16,274 INFO backup_utils Creating backup with command: C:/xampp/mysql/bin/mysqldump.exe --user=root --password= --host=localhost --port=3306 --single-transaction --routines --triggers Appligne_06
2025-05-16 00:39:17,238 INFO views Backup created by heni: backup_full_20250516_003916 (Type: full, Encrypted: False)
2025-05-16 01:19:58,733 INFO backup_utils Creating backup with command: C:/xampp/mysql/bin/mysqldump.exe --user=root --password= --host=localhost --port=3306 --single-transaction --routines --triggers Appligne_06
2025-05-16 01:19:58,735 ERROR views Backup failed for heni: cannot access local variable 'backup_path' where it is not associated with a value
Traceback (most recent call last):
  File "C:\Education\Appligne\div\Appligne\backups\views.py", line 55, in create_backup_view
  File "C:\Education\Appligne\div\Appligne\backups\utils\backup_utils.py", line 99, in create_backup
    with open(backup_path, 'w') as f:
              ^^^^^^^^^^^
UnboundLocalError: cannot access local variable 'backup_path' where it is not associated with a value
2025-05-16 01:31:22,182 INFO backup_utils Creating backup with command: C:/xampp/mysql/bin/mysqldump.exe --user=root --password= --host=localhost --port=3306 --single-transaction --routines --triggers Appligne_06
2025-05-16 01:31:23,180 INFO views Backup created by heni: backup_full_20250516_013122 (Type: full, Encrypted: False)
2025-05-16 01:33:40,975 INFO backup_utils Creating backup with command: C:/xampp/mysql/bin/mysqldump.exe --user=root --password= --host=localhost --port=3306 --single-transaction --routines --triggers Appligne_06
2025-05-16 01:33:41,902 INFO views Backup created by heni: backup_full_20250516_013340 (Type: full, Encrypted: False)
2025-05-16 01:44:46,578 INFO backup_utils Creating backup with command: C:/xampp/mysql/bin/mysqldump.exe --user=root --password= --host=localhost --port=3306 --single-transaction --routines --triggers Appligne_06
2025-05-16 01:44:47,444 INFO views Backup created by heni: backup_full_20250516_014446 (Type: full, Encrypted: False)
2025-05-16 01:47:09,770 INFO backup_utils Creating backup with command: C:/xampp/mysql/bin/mysqldump.exe --user=root --password= --host=localhost --port=3306 --single-transaction --routines --triggers Appligne_06
2025-05-16 01:47:10,643 INFO views Backup created by heni: backup_full_20250516_014709 (Type: full, Encrypted: True)
2025-05-16 01:47:55,282 INFO backup_utils Creating backup with command: C:/xampp/mysql/bin/mysqldump.exe --user=root --password= --host=localhost --port=3306 --single-transaction --routines --triggers Appligne_06 --ignore-table=Appligne_06.django_session --ignore-table=Appligne_06.django_admin_log
2025-05-16 01:47:56,102 INFO views Backup created by heni: backup_partial_20250516_014755 (Type: partial, Encrypted: False)
2025-05-16 01:48:15,952 INFO backup_utils Creating backup with command: C:/xampp/mysql/bin/mysqldump.exe --user=root --password= --host=localhost --port=3306 --single-transaction --routines --triggers Appligne_06 --ignore-table=Appligne_06.django_session --ignore-table=Appligne_06.django_admin_log
2025-05-16 01:48:16,726 INFO views Backup created by heni: backup_partial_20250516_014815 (Type: partial, Encrypted: False)
2025-05-16 01:48:35,292 INFO backup_utils Creating backup with command: C:/xampp/mysql/bin/mysqldump.exe --user=root --password= --host=localhost --port=3306 --single-transaction --routines --triggers Appligne_06 --ignore-table=Appligne_06.django_session --ignore-table=Appligne_06.django_admin_log
2025-05-16 01:48:36,160 INFO views Backup created by heni: backup_partial_20250516_014835 (Type: partial, Encrypted: True)
2025-05-16 01:56:38,830 INFO backup_utils Creating backup with command: C:/xampp/mysql/bin/mysqldump.exe --user=root --password= --host=localhost --port=3306 --single-transaction --routines --triggers Appligne_06
2025-05-16 01:56:39,670 INFO views Backup created by heni: backup_full_20250516_015638 (Type: full, Encrypted: False)
2025-05-16 02:31:50,805 INFO backup_utils Creating backup with command: C:/xampp/mysql/bin/mysqldump.exe --user=root --password= --host=localhost --port=3306 --single-transaction --routines --triggers Appligne_06
2025-05-16 02:31:52,062 INFO views Backup created by heni: backup_full_20250516_023150 (Type: full, Encrypted: True)
2025-05-16 02:50:15,448 INFO backup_utils Creating backup with command: C:/xampp/mysql/bin/mysqldump.exe --user=root --password= --host=localhost --port=3306 --single-transaction --routines --triggers Appligne_06
2025-05-16 02:50:16,626 INFO views Backup created by heni: backup_full_20250516_025015 (Type: full, Encrypted: True)
2025-05-16 02:51:02,047 INFO backup_utils Creating backup with command: C:/xampp/mysql/bin/mysqldump.exe --user=root --password= --host=localhost --port=3306 --single-transaction --routines --triggers Appligne_06
2025-05-16 02:52:54,648 INFO backup_utils Creating backup with command: C:/xampp/mysql/bin/mysqldump.exe --user=root --password= --host=localhost --port=3306 --single-transaction --routines --triggers Appligne_06
2025-05-16 02:52:55,578 INFO views Backup created by heni: backup_full_20250516_025254 (Type: full, Encrypted: True)
2025-05-16 02:57:00,420 INFO backup_utils Creating backup with command: C:/xampp/mysql/bin/mysqldump.exe --user=root --password= --host=localhost --port=3306 --single-transaction --routines --triggers Appligne_06
2025-05-16 02:57:01,368 INFO views Backup created by heni: backup_full_20250516_025700 (Type: full, Encrypted: True)
2025-05-16 02:59:05,513 INFO backup_utils Creating backup with command: C:/xampp/mysql/bin/mysqldump.exe --user=root --password= --host=localhost --port=3306 --single-transaction --routines --triggers Appligne_06
2025-05-16 03:17:28,802 INFO backup_utils Creating backup with command: C:/xampp/mysql/bin/mysqldump.exe --user=root --password= --host=localhost --port=3306 --single-transaction --routines --triggers Appligne_06
2025-05-16 03:17:29,723 INFO views Backup created by heni: backup_full_20250516_031728 (Type: full, Encrypted: True)
2025-05-16 03:18:30,733 INFO backup_utils Creating backup with command: C:/xampp/mysql/bin/mysqldump.exe --user=root --password= --host=localhost --port=3306 --single-transaction --routines --triggers Appligne_06
2025-05-16 03:19:20,331 INFO backup_utils Creating backup with command: C:/xampp/mysql/bin/mysqldump.exe --user=root --password= --host=localhost --port=3306 --single-transaction --routines --triggers Appligne_06
2025-05-16 03:20:34,536 INFO backup_utils Creating backup with command: C:/xampp/mysql/bin/mysqldump.exe --user=root --password= --host=localhost --port=3306 --single-transaction --routines --triggers Appligne_06 --ignore-table=Appligne_06.django_session --ignore-table=Appligne_06.django_admin_log
2025-05-16 03:21:13,274 INFO backup_utils Creating backup with command: C:/xampp/mysql/bin/mysqldump.exe --user=root --password= --host=localhost --port=3306 --single-transaction --routines --triggers Appligne_06
2025-05-16 03:21:14,134 INFO views Backup created by heni: backup_full_20250516_032113 (Type: full, Encrypted: False)
2025-05-16 03:52:58,290 ERROR views Backup failed for heni: create_backup() got an unexpected keyword argument 'from_admin'
Traceback (most recent call last):
  File "C:\Education\Appligne\div\Appligne\backups\views.py", line 58, in create_backup_view
    backup = create_backup(
             ^^^^^^^^^^^^^^
TypeError: create_backup() got an unexpected keyword argument 'from_admin'
2025-05-16 04:09:17,543 ERROR views Backup failed for heni: create_backup() got an unexpected keyword argument 'from_admin'
Traceback (most recent call last):
  File "C:\Education\Appligne\div\Appligne\backups\views.py", line 58, in create_backup_view
    backup = create_backup(
             ^^^^^^^^^^^^^^
TypeError: create_backup() got an unexpected keyword argument 'from_admin'
2025-05-16 04:14:25,285 INFO backup_utils Creating backup with command: C:/xampp/mysql/bin/mysqldump.exe --user=root --password= --host=localhost --port=3306 --single-transaction --routines --triggers Appligne_06
2025-05-16 04:14:26,178 INFO views Backup created by heni: backup_full_20250516_041425 (Type: full, Encrypted: True)
2025-05-16 04:31:06,793 INFO backup_utils Creating backup with command: C:/xampp/mysql/bin/mysqldump.exe --user=root --password= --host=localhost --port=3306 --single-transaction --routines --triggers Appligne_06
2025-05-16 04:31:07,684 INFO views Backup created by heni: backup_full_20250516_043106 (Type: full, Encrypted: True)
2025-05-16 04:31:35,651 INFO backup_utils Creating backup with command: C:/xampp/mysql/bin/mysqldump.exe --user=root --password= --host=localhost --port=3306 --single-transaction --routines --triggers Appligne_06
2025-05-16 04:38:04,538 INFO backup_utils Creating backup with command: C:/xampp/mysql/bin/mysqldump.exe --user=root --password= --host=localhost --port=3306 --single-transaction --routines --triggers Appligne_06
2025-05-16 04:38:05,468 INFO views Backup created by heni: backup_full_20250516_043804 (Type: full, Encrypted: True)
2025-05-16 04:49:17,349 INFO backup_utils Creating backup with command: C:/xampp/mysql/bin/mysqldump.exe --user=root --password= --host=localhost --port=3306 --single-transaction --routines --triggers Appligne_06
2025-05-16 04:49:18,262 INFO views Backup created by heni: backup_full_20250516_044917 (Type: full, Encrypted: True)
2025-05-16 05:08:48,265 INFO backup_utils Creating backup with command: C:/xampp/mysql/bin/mysqldump.exe --user=root --password= --host=localhost --port=3306 --single-transaction --routines --triggers Appligne_06
2025-05-16 05:18:02,658 INFO backup_utils Creating backup with command: C:/xampp/mysql/bin/mysqldump.exe --user=root --password= --host=localhost --port=3306 --single-transaction --routines --triggers Appligne_06
2025-05-16 05:25:44,966 INFO backup_utils Creating backup with command: C:/xampp/mysql/bin/mysqldump.exe --user=root --password= --host=localhost --port=3306 --single-transaction --routines --triggers Appligne_06
2025-05-16 05:27:21,346 INFO backup_utils Creating backup with command: C:/xampp/mysql/bin/mysqldump.exe --user=root --password= --host=localhost --port=3306 --single-transaction --routines --triggers Appligne_06
2025-05-16 05:32:57,650 INFO backup_utils Creating backup with command: C:/xampp/mysql/bin/mysqldump.exe --user=root --password= --host=localhost --port=3306 --single-transaction --routines --triggers Appligne_06
2025-05-16 05:48:46,623 INFO backup_utils Creating backup with command: C:/xampp/mysql/bin/mysqldump.exe --user=root --password= --host=localhost --port=3306 --single-transaction --routines --triggers Appligne_06
2025-05-16 05:49:50,305 INFO backup_utils Creating backup with command: C:/xampp/mysql/bin/mysqldump.exe --user=root --password= --host=localhost --port=3306 --single-transaction --routines --triggers Appligne_06
2025-05-16 05:51:04,426 INFO backup_utils Creating backup with command: C:/xampp/mysql/bin/mysqldump.exe --user=root --password= --host=localhost --port=3306 --single-transaction --routines --triggers Appligne_06
2025-05-16 06:41:13,194 INFO backup_utils Creating backup with command: C:/xampp/mysql/bin/mysqldump.exe --user=root --password= --host=localhost --port=3306 --single-transaction --routines --triggers Appligne_06
2025-05-16 06:41:14,208 INFO views Backup created by heni: backup_full_20250516_064113 (Type: full, Encrypted: True)
2025-05-16 06:43:41,950 INFO backup_utils Creating backup with command: C:/xampp/mysql/bin/mysqldump.exe --user=root --password= --host=localhost --port=3306 --single-transaction --routines --triggers Appligne_06 --ignore-table=Appligne_06.django_session --ignore-table=Appligne_06.django_admin_log
2025-05-16 06:43:42,767 INFO views Backup created by heni: backup_partial_20250516_064341 (Type: partial, Encrypted: False)
2025-05-16 06:44:05,694 INFO backup_utils Creating backup with command: C:/xampp/mysql/bin/mysqldump.exe --user=root --password= --host=localhost --port=3306 --single-transaction --routines --triggers Appligne_06 --ignore-table=Appligne_06.django_session --ignore-table=Appligne_06.django_admin_log
2025-05-16 06:44:06,565 INFO views Backup created by heni: backup_partial_20250516_064405 (Type: partial, Encrypted: True)
2025-05-16 06:45:32,990 INFO backup_utils Creating backup with command: C:/xampp/mysql/bin/mysqldump.exe --user=root --password= --host=localhost --port=3306 --single-transaction --routines --triggers Appligne_06 --ignore-table=Appligne_06.django_session --ignore-table=Appligne_06.django_admin_log
2025-05-16 06:45:33,853 INFO views Backup created by heni: backup_partial_20250516_064532 (Type: partial, Encrypted: False)
2025-05-16 06:50:57,338 INFO backup_utils Creating backup with command: C:/xampp/mysql/bin/mysqldump.exe --user=root --password= --host=localhost --port=3306 --single-transaction --routines --triggers Appligne_06 --ignore-table=Appligne_06.django_session --ignore-table=Appligne_06.django_admin_log
2025-05-16 06:50:58,171 INFO views Backup created by heni: backup_partial_20250516_065057 (Type: partial, Encrypted: False)
2025-05-16 07:22:32,618 INFO backup_utils Creating backup with command: C:/xampp/mysql/bin/mysqldump.exe --user=root --password= --host=localhost --port=3306 --single-transaction --routines --triggers Appligne_06
2025-05-16 07:22:33,623 INFO views Backup created by heni: backup_full_20250516_072232 (Type: full, Encrypted: True)
2025-05-16 07:36:37,830 INFO backup_utils Creating backup with command: C:/xampp/mysql/bin/mysqldump.exe --user=root --password= --host=localhost --port=3306 --single-transaction --routines --triggers Appligne_06 --ignore-table=Appligne_06.django_session --ignore-table=Appligne_06.django_admin_log
2025-05-16 07:36:56,183 INFO backup_utils Creating backup with command: C:/xampp/mysql/bin/mysqldump.exe --user=root --password= --host=localhost --port=3306 --single-transaction --routines --triggers Appligne_06 --ignore-table=Appligne_06.django_session --ignore-table=Appligne_06.django_admin_log
2025-05-16 07:37:39,606 INFO backup_utils Creating backup with command: C:/xampp/mysql/bin/mysqldump.exe --user=root --password= --host=localhost --port=3306 --single-transaction --routines --triggers Appligne_06
2025-05-16 07:37:40,512 INFO views Backup created by heni: backup_full_20250516_073739 (Type: full, Encrypted: True)
2025-05-16 08:59:42,624 INFO backup_utils Creating backup with command: C:/xampp/mysql/bin/mysqldump.exe --user=root --password= --host=localhost --port=3306 --single-transaction --routines --triggers Appligne_06
2025-05-16 09:00:53,169 INFO backup_utils Creating backup with command: C:/xampp/mysql/bin/mysqldump.exe --user=root --password= --host=localhost --port=3306 --single-transaction --routines --triggers Appligne_06
2025-05-16 09:01:10,073 INFO backup_utils Creating backup with command: C:/xampp/mysql/bin/mysqldump.exe --user=root --password= --host=localhost --port=3306 --single-transaction --routines --triggers Appligne_06
2025-05-16 09:04:33,199 INFO backup_utils Creating backup with command: C:/xampp/mysql/bin/mysqldump.exe --user=root --password= --host=localhost --port=3306 --single-transaction --routines --triggers Appligne_06
2025-05-16 09:08:07,498 INFO backup_utils Creating backup with command: C:/xampp/mysql/bin/mysqldump.exe --user=root --password= --host=localhost --port=3306 --single-transaction --routines --triggers Appligne_06
2025-05-16 09:08:08,312 INFO views Backup created by heni: backup_full_20250516_090807 (Type: full, Encrypted: True)
2025-05-16 11:11:23,978 INFO backup_utils Creating backup with command: C:/xampp/mysql/bin/mysqldump.exe --user=root --password= --host=localhost --port=3306 --single-transaction --routines --triggers Appligne_06
2025-05-16 11:11:56,069 INFO backup_utils Creating backup with command: C:/xampp/mysql/bin/mysqldump.exe --user=root --password= --host=localhost --port=3306 --single-transaction --routines --triggers Appligne_06
2025-05-16 11:11:56,958 INFO views Backup created by heni: backup_full_20250516_111156 (Type: full, Encrypted: True)
2025-05-16 11:35:44,038 INFO backup_utils Creating backup with command: C:/xampp/mysql/bin/mysqldump.exe --user=root --password= --host=localhost --port=3306 --single-transaction --routines --triggers Appligne_06
2025-05-16 11:35:44,896 INFO views Backup created by heni: backup_full_20250516_113544 (Type: full, Encrypted: True)
2025-05-16 11:57:22,477 INFO backup_utils Creating backup with command: C:/xampp/mysql/bin/mysqldump.exe --user=root --password= --host=localhost --port=3306 --single-transaction --routines --triggers Appligne_06
2025-05-16 11:57:23,392 INFO views Backup created by heni: backup_full_20250516_115722 (Type: full, Encrypted: True)
2025-05-16 12:00:55,879 INFO backup_utils Creating backup with command: C:/xampp/mysql/bin/mysqldump.exe --user=root --password= --host=localhost --port=3306 --single-transaction --routines --triggers Appligne_06
2025-05-16 12:00:56,783 INFO views Backup created by heni: backup_full_20250516_120055 (Type: full, Encrypted: True)
2025-05-16 15:23:44,430 INFO backup_utils Creating backup with command: C:/xampp/mysql/bin/mysqldump.exe --user=root --password= --host=localhost --port=3306 --single-transaction --routines --triggers Appligne_06
2025-05-16 15:23:45,573 INFO views Backup created by heni: backup_full_20250516_152344 (Type: full, Encrypted: True)
2025-05-16 15:24:02,607 INFO backup_utils Creating backup with command: C:/xampp/mysql/bin/mysqldump.exe --user=root --password= --host=localhost --port=3306 --single-transaction --routines --triggers Appligne_06 --ignore-table=Appligne_06.django_session --ignore-table=Appligne_06.django_admin_log
2025-05-16 15:24:03,437 INFO views Backup created by heni: backup_partial_20250516_152402 (Type: partial, Encrypted: False)
2025-05-16 16:46:26,605 INFO backup_utils Creating backup with command: C:/xampp/mysql/bin/mysqldump.exe --user=root --password= --host=localhost --port=3306 --single-transaction --routines --triggers Appligne_06 --ignore-table=Appligne_06.django_session --ignore-table=Appligne_06.django_admin_log
2025-05-16 16:46:27,732 INFO views Backup created by heni: backup_partial_20250516_164626 (Type: partial, Encrypted: True)
