2025-04-28 06:25:09,435 [INFO] googleapiclient.discovery_cache.autodetect:49 - file_cache is only supported with oauth2client<4.0.0
2025-04-28 06:38:54,017 [INFO] googleapiclient.discovery_cache.autodetect:49 - file_cache is only supported with oauth2client<4.0.0
2025-04-28 06:39:01,989 [INFO] googleapiclient.discovery_cache.autodetect:49 - file_cache is only supported with oauth2client<4.0.0
2025-04-28 06:51:35,211 [ERROR] pages.views.admin_payment_accord_remboursement:3763 - Le montant du remboursement (65.00) ne peut pas dépasser le montant initial payé (45.00).
2025-04-28 07:00:41,534 [INFO] googleapiclient.discovery_cache.autodetect:49 - file_cache is only supported with oauth2client<4.0.0
2025-04-28 07:00:46,830 [INFO] googleapiclient.discovery_cache.autodetect:49 - file_cache is only supported with oauth2client<4.0.0
2025-04-28 07:02:11,186 [INFO] googleapiclient.discovery_cache.autodetect:49 - file_cache is only supported with oauth2client<4.0.0
2025-04-28 07:02:20,998 [INFO] googleapiclient.discovery_cache.autodetect:49 - file_cache is only supported with oauth2client<4.0.0
2025-04-28 07:02:34,654 [INFO] googleapiclient.discovery_cache.autodetect:49 - file_cache is only supported with oauth2client<4.0.0
2025-04-28 07:10:36,494 [INFO] googleapiclient.discovery_cache.autodetect:49 - file_cache is only supported with oauth2client<4.0.0
2025-04-28 07:10:49,533 [INFO] googleapiclient.discovery_cache.autodetect:49 - file_cache is only supported with oauth2client<4.0.0
2025-04-28 07:11:20,459 [INFO] googleapiclient.discovery_cache.autodetect:49 - file_cache is only supported with oauth2client<4.0.0
2025-04-28 07:11:52,504 [INFO] googleapiclient.discovery_cache.autodetect:49 - file_cache is only supported with oauth2client<4.0.0
2025-04-28 07:11:56,142 [INFO] googleapiclient.discovery_cache.autodetect:49 - file_cache is only supported with oauth2client<4.0.0
2025-04-28 07:12:28,469 [INFO] googleapiclient.discovery_cache.autodetect:49 - file_cache is only supported with oauth2client<4.0.0
2025-04-28 07:12:33,787 [INFO] googleapiclient.discovery_cache.autodetect:49 - file_cache is only supported with oauth2client<4.0.0
2025-04-28 07:12:39,760 [INFO] googleapiclient.discovery_cache.autodetect:49 - file_cache is only supported with oauth2client<4.0.0
2025-04-28 07:12:44,248 [INFO] googleapiclient.discovery_cache.autodetect:49 - file_cache is only supported with oauth2client<4.0.0
2025-04-28 07:19:05,886 [INFO] googleapiclient.discovery_cache.autodetect:49 - file_cache is only supported with oauth2client<4.0.0
2025-04-28 07:19:18,588 [INFO] googleapiclient.discovery_cache.autodetect:49 - file_cache is only supported with oauth2client<4.0.0
2025-04-28 07:19:27,523 [INFO] googleapiclient.discovery_cache.autodetect:49 - file_cache is only supported with oauth2client<4.0.0
2025-04-28 07:20:36,012 [INFO] googleapiclient.discovery_cache.autodetect:49 - file_cache is only supported with oauth2client<4.0.0
2025-04-28 07:23:19,584 [INFO] googleapiclient.discovery_cache.autodetect:49 - file_cache is only supported with oauth2client<4.0.0
2025-04-28 07:23:52,064 [INFO] googleapiclient.discovery_cache.autodetect:49 - file_cache is only supported with oauth2client<4.0.0
2025-04-28 07:25:09,164 [INFO] googleapiclient.discovery_cache.autodetect:49 - file_cache is only supported with oauth2client<4.0.0
2025-04-28 07:25:15,827 [INFO] googleapiclient.discovery_cache.autodetect:49 - file_cache is only supported with oauth2client<4.0.0
2025-04-28 08:00:53,676 [INFO] googleapiclient.discovery_cache.autodetect:49 - file_cache is only supported with oauth2client<4.0.0
2025-04-28 08:13:46,669 [INFO] googleapiclient.discovery_cache.autodetect:49 - file_cache is only supported with oauth2client<4.0.0
2025-04-28 08:14:27,108 [INFO] googleapiclient.discovery_cache.autodetect:49 - file_cache is only supported with oauth2client<4.0.0
2025-04-28 08:14:32,052 [INFO] googleapiclient.discovery_cache.autodetect:49 - file_cache is only supported with oauth2client<4.0.0
2025-04-28 08:15:09,113 [INFO] googleapiclient.discovery_cache.autodetect:49 - file_cache is only supported with oauth2client<4.0.0
2025-04-28 08:15:15,216 [INFO] googleapiclient.discovery_cache.autodetect:49 - file_cache is only supported with oauth2client<4.0.0
2025-04-28 08:15:27,552 [INFO] googleapiclient.discovery_cache.autodetect:49 - file_cache is only supported with oauth2client<4.0.0
2025-04-28 08:15:38,798 [INFO] googleapiclient.discovery_cache.autodetect:49 - file_cache is only supported with oauth2client<4.0.0
2025-04-28 08:16:15,256 [INFO] googleapiclient.discovery_cache.autodetect:49 - file_cache is only supported with oauth2client<4.0.0
2025-04-28 08:16:19,329 [INFO] googleapiclient.discovery_cache.autodetect:49 - file_cache is only supported with oauth2client<4.0.0
2025-04-28 08:16:35,200 [INFO] googleapiclient.discovery_cache.autodetect:49 - file_cache is only supported with oauth2client<4.0.0
2025-04-28 08:17:56,911 [INFO] googleapiclient.discovery_cache.autodetect:49 - file_cache is only supported with oauth2client<4.0.0
2025-04-28 08:29:05,376 [INFO] googleapiclient.discovery_cache.autodetect:49 - file_cache is only supported with oauth2client<4.0.0
2025-04-28 08:29:15,901 [INFO] googleapiclient.discovery_cache.autodetect:49 - file_cache is only supported with oauth2client<4.0.0
2025-04-28 08:29:20,612 [INFO] googleapiclient.discovery_cache.autodetect:49 - file_cache is only supported with oauth2client<4.0.0
2025-04-28 08:30:47,048 [INFO] googleapiclient.discovery_cache.autodetect:49 - file_cache is only supported with oauth2client<4.0.0
2025-04-28 08:31:33,302 [INFO] googleapiclient.discovery_cache.autodetect:49 - file_cache is only supported with oauth2client<4.0.0
2025-04-28 08:31:39,818 [INFO] googleapiclient.discovery_cache.autodetect:49 - file_cache is only supported with oauth2client<4.0.0
2025-04-28 08:32:23,244 [INFO] googleapiclient.discovery_cache.autodetect:49 - file_cache is only supported with oauth2client<4.0.0
2025-04-28 08:32:31,030 [INFO] googleapiclient.discovery_cache.autodetect:49 - file_cache is only supported with oauth2client<4.0.0
2025-04-28 08:32:41,688 [INFO] googleapiclient.discovery_cache.autodetect:49 - file_cache is only supported with oauth2client<4.0.0
2025-04-28 08:32:45,843 [INFO] googleapiclient.discovery_cache.autodetect:49 - file_cache is only supported with oauth2client<4.0.0
2025-04-28 09:17:52,128 [INFO] googleapiclient.discovery_cache.autodetect:49 - file_cache is only supported with oauth2client<4.0.0
2025-04-28 09:48:54,487 [INFO] googleapiclient.discovery_cache.autodetect:49 - file_cache is only supported with oauth2client<4.0.0
2025-04-28 09:53:16,654 [INFO] googleapiclient.discovery_cache.autodetect:49 - file_cache is only supported with oauth2client<4.0.0
2025-04-28 09:53:46,370 [INFO] googleapiclient.discovery_cache.autodetect:49 - file_cache is only supported with oauth2client<4.0.0
2025-04-28 09:53:51,113 [INFO] googleapiclient.discovery_cache.autodetect:49 - file_cache is only supported with oauth2client<4.0.0
2025-04-28 09:54:25,756 [INFO] googleapiclient.discovery_cache.autodetect:49 - file_cache is only supported with oauth2client<4.0.0
2025-04-28 09:55:30,318 [INFO] googleapiclient.discovery_cache.autodetect:49 - file_cache is only supported with oauth2client<4.0.0
2025-04-28 09:55:36,245 [INFO] googleapiclient.discovery_cache.autodetect:49 - file_cache is only supported with oauth2client<4.0.0
2025-04-28 09:55:46,257 [INFO] googleapiclient.discovery_cache.autodetect:49 - file_cache is only supported with oauth2client<4.0.0
2025-04-28 09:55:52,231 [INFO] googleapiclient.discovery_cache.autodetect:49 - file_cache is only supported with oauth2client<4.0.0
2025-04-28 09:55:56,181 [INFO] googleapiclient.discovery_cache.autodetect:49 - file_cache is only supported with oauth2client<4.0.0
2025-04-28 09:56:06,423 [INFO] googleapiclient.discovery_cache.autodetect:49 - file_cache is only supported with oauth2client<4.0.0
2025-04-28 09:56:10,806 [INFO] googleapiclient.discovery_cache.autodetect:49 - file_cache is only supported with oauth2client<4.0.0
2025-04-28 09:58:56,604 [INFO] googleapiclient.discovery_cache.autodetect:49 - file_cache is only supported with oauth2client<4.0.0
2025-04-28 09:59:26,000 [INFO] googleapiclient.discovery_cache.autodetect:49 - file_cache is only supported with oauth2client<4.0.0
2025-04-28 09:59:34,866 [INFO] googleapiclient.discovery_cache.autodetect:49 - file_cache is only supported with oauth2client<4.0.0
2025-04-28 09:59:42,709 [INFO] googleapiclient.discovery_cache.autodetect:49 - file_cache is only supported with oauth2client<4.0.0
2025-04-28 10:04:13,974 [INFO] googleapiclient.discovery_cache.autodetect:49 - file_cache is only supported with oauth2client<4.0.0
2025-04-28 10:05:32,260 [INFO] googleapiclient.discovery_cache.autodetect:49 - file_cache is only supported with oauth2client<4.0.0
2025-04-28 10:05:37,303 [INFO] googleapiclient.discovery_cache.autodetect:49 - file_cache is only supported with oauth2client<4.0.0
2025-04-28 10:05:42,412 [INFO] googleapiclient.discovery_cache.autodetect:49 - file_cache is only supported with oauth2client<4.0.0
2025-04-28 10:07:43,404 [INFO] googleapiclient.discovery_cache.autodetect:49 - file_cache is only supported with oauth2client<4.0.0
2025-04-28 10:09:43,284 [INFO] googleapiclient.discovery_cache.autodetect:49 - file_cache is only supported with oauth2client<4.0.0
2025-04-28 10:09:55,113 [INFO] googleapiclient.discovery_cache.autodetect:49 - file_cache is only supported with oauth2client<4.0.0
2025-04-28 10:10:02,473 [INFO] googleapiclient.discovery_cache.autodetect:49 - file_cache is only supported with oauth2client<4.0.0
2025-04-28 10:10:08,114 [INFO] googleapiclient.discovery_cache.autodetect:49 - file_cache is only supported with oauth2client<4.0.0
2025-04-28 10:10:14,519 [INFO] googleapiclient.discovery_cache.autodetect:49 - file_cache is only supported with oauth2client<4.0.0
2025-04-28 10:16:58,944 [INFO] googleapiclient.discovery_cache.autodetect:49 - file_cache is only supported with oauth2client<4.0.0
2025-04-28 10:17:03,322 [INFO] googleapiclient.discovery_cache.autodetect:49 - file_cache is only supported with oauth2client<4.0.0
2025-04-28 10:18:59,275 [INFO] googleapiclient.discovery_cache.autodetect:49 - file_cache is only supported with oauth2client<4.0.0
2025-04-28 10:19:05,276 [INFO] googleapiclient.discovery_cache.autodetect:49 - file_cache is only supported with oauth2client<4.0.0
2025-04-28 10:24:56,189 [INFO] googleapiclient.discovery_cache.autodetect:49 - file_cache is only supported with oauth2client<4.0.0
2025-04-28 10:25:00,973 [INFO] googleapiclient.discovery_cache.autodetect:49 - file_cache is only supported with oauth2client<4.0.0
2025-04-28 10:25:09,066 [INFO] googleapiclient.discovery_cache.autodetect:49 - file_cache is only supported with oauth2client<4.0.0
2025-04-28 10:26:02,103 [INFO] googleapiclient.discovery_cache.autodetect:49 - file_cache is only supported with oauth2client<4.0.0
2025-04-28 10:26:52,889 [INFO] googleapiclient.discovery_cache.autodetect:49 - file_cache is only supported with oauth2client<4.0.0
2025-04-28 10:27:00,176 [INFO] googleapiclient.discovery_cache.autodetect:49 - file_cache is only supported with oauth2client<4.0.0
2025-04-28 10:27:28,331 [INFO] googleapiclient.discovery_cache.autodetect:49 - file_cache is only supported with oauth2client<4.0.0
2025-04-28 10:27:52,533 [INFO] googleapiclient.discovery_cache.autodetect:49 - file_cache is only supported with oauth2client<4.0.0
2025-04-28 10:27:58,264 [INFO] googleapiclient.discovery_cache.autodetect:49 - file_cache is only supported with oauth2client<4.0.0
2025-04-28 10:32:13,618 [INFO] googleapiclient.discovery_cache.autodetect:49 - file_cache is only supported with oauth2client<4.0.0
2025-04-28 10:32:18,290 [INFO] googleapiclient.discovery_cache.autodetect:49 - file_cache is only supported with oauth2client<4.0.0
2025-04-28 10:32:23,375 [INFO] googleapiclient.discovery_cache.autodetect:49 - file_cache is only supported with oauth2client<4.0.0
2025-04-28 10:32:30,349 [INFO] googleapiclient.discovery_cache.autodetect:49 - file_cache is only supported with oauth2client<4.0.0
2025-04-28 10:32:52,831 [INFO] googleapiclient.discovery_cache.autodetect:49 - file_cache is only supported with oauth2client<4.0.0
2025-04-28 10:32:57,451 [INFO] googleapiclient.discovery_cache.autodetect:49 - file_cache is only supported with oauth2client<4.0.0
2025-04-28 10:33:02,217 [INFO] googleapiclient.discovery_cache.autodetect:49 - file_cache is only supported with oauth2client<4.0.0
2025-04-28 10:33:27,047 [INFO] googleapiclient.discovery_cache.autodetect:49 - file_cache is only supported with oauth2client<4.0.0
2025-04-28 10:33:57,934 [INFO] googleapiclient.discovery_cache.autodetect:49 - file_cache is only supported with oauth2client<4.0.0
2025-04-28 10:34:51,034 [INFO] googleapiclient.discovery_cache.autodetect:49 - file_cache is only supported with oauth2client<4.0.0
2025-04-28 10:34:54,729 [INFO] googleapiclient.discovery_cache.autodetect:49 - file_cache is only supported with oauth2client<4.0.0
2025-04-28 10:40:52,264 [INFO] googleapiclient.discovery_cache.autodetect:49 - file_cache is only supported with oauth2client<4.0.0
2025-04-28 10:40:58,301 [INFO] googleapiclient.discovery_cache.autodetect:49 - file_cache is only supported with oauth2client<4.0.0
2025-04-28 10:41:57,346 [INFO] googleapiclient.discovery_cache.autodetect:49 - file_cache is only supported with oauth2client<4.0.0
2025-04-28 10:46:25,433 [INFO] googleapiclient.discovery_cache.autodetect:49 - file_cache is only supported with oauth2client<4.0.0
2025-04-28 10:46:31,265 [INFO] googleapiclient.discovery_cache.autodetect:49 - file_cache is only supported with oauth2client<4.0.0
2025-04-28 10:49:04,204 [INFO] googleapiclient.discovery_cache.autodetect:49 - file_cache is only supported with oauth2client<4.0.0
2025-04-28 10:49:39,516 [INFO] googleapiclient.discovery_cache.autodetect:49 - file_cache is only supported with oauth2client<4.0.0
2025-04-28 10:49:45,151 [INFO] googleapiclient.discovery_cache.autodetect:49 - file_cache is only supported with oauth2client<4.0.0
2025-04-28 10:55:05,173 [ERROR] django.request.log_response:241 - Internal Server Error: /admin_remboursement_email
Traceback (most recent call last):
  File "C:\Education\Appligne\div\Appligne\venv\Lib\site-packages\django\core\handlers\exception.py", line 55, in inner
    response = get_response(request)
               ^^^^^^^^^^^^^^^^^^^^^
  File "C:\Education\Appligne\div\Appligne\venv\Lib\site-packages\django\core\handlers\base.py", line 197, in _get_response
    response = wrapped_callback(request, *callback_args, **callback_kwargs)
               ^^^^^^^^^^^^^^^^^^^^^^^^^^^^^^^^^^^^^^^^^^^^^^^^^^^^^^^^^^^^
  File "C:\Education\Appligne\div\Appligne\venv\Lib\site-packages\django\contrib\auth\decorators.py", line 23, in _wrapper_view
    return view_func(request, *args, **kwargs)
           ^^^^^^^^^^^^^^^^^^^^^^^^^^^^^^^^^^^
  File "C:\Education\Appligne\div\Appligne\pages\views.py", line 4278, in admin_remboursement_email
    i = int(remboursement_key.split('sujet_')[1]) # récupérer ID de l'accord de remboursement
        ^^^^^^^^^^^^^^^^^^^^^^^^^^^^^^^^^^^^^^^^^
ValueError: invalid literal for int() with base 10: 'gAAAAABoD1Bo1HGp7OQYuzK0TfQR5sVQZqt8jiKRdVPSD9QFKDEBUT4_foT9N-b3pg_aw2DyQH0q9pA9QGwKShs1PUGHBUgn8A=='
2025-04-28 10:55:05,173 [ERROR] django.server.log_message:212 - "POST /admin_remboursement_email HTTP/1.1" 500 82622
2025-04-28 10:56:02,450 [INFO] googleapiclient.discovery_cache.autodetect:49 - file_cache is only supported with oauth2client<4.0.0
2025-04-28 10:56:07,527 [INFO] googleapiclient.discovery_cache.autodetect:49 - file_cache is only supported with oauth2client<4.0.0
2025-04-28 10:56:11,346 [INFO] googleapiclient.discovery_cache.autodetect:49 - file_cache is only supported with oauth2client<4.0.0
2025-04-28 10:56:17,394 [ERROR] django.request.log_response:241 - Internal Server Error: /admin_remboursement_email
Traceback (most recent call last):
  File "C:\Education\Appligne\div\Appligne\venv\Lib\site-packages\django\core\handlers\exception.py", line 55, in inner
    response = get_response(request)
               ^^^^^^^^^^^^^^^^^^^^^
  File "C:\Education\Appligne\div\Appligne\venv\Lib\site-packages\django\core\handlers\base.py", line 197, in _get_response
    response = wrapped_callback(request, *callback_args, **callback_kwargs)
               ^^^^^^^^^^^^^^^^^^^^^^^^^^^^^^^^^^^^^^^^^^^^^^^^^^^^^^^^^^^^
  File "C:\Education\Appligne\div\Appligne\venv\Lib\site-packages\django\contrib\auth\decorators.py", line 23, in _wrapper_view
    return view_func(request, *args, **kwargs)
           ^^^^^^^^^^^^^^^^^^^^^^^^^^^^^^^^^^^
  File "C:\Education\Appligne\div\Appligne\pages\views.py", line 4322, in admin_remboursement_email
    user_destinataire=accord_remboursement.professeur.user.id,
                      ^^^^^^^^^^^^^^^^^^^^^^^^^^^^^^^
AttributeError: 'AccordRemboursement' object has no attribute 'professeur'
2025-04-28 10:56:17,400 [ERROR] django.server.log_message:212 - "POST /admin_remboursement_email HTTP/1.1" 500 83181
2025-04-28 10:56:48,572 [INFO] googleapiclient.discovery_cache.autodetect:49 - file_cache is only supported with oauth2client<4.0.0
2025-04-28 11:01:29,363 [INFO] googleapiclient.discovery_cache.autodetect:49 - file_cache is only supported with oauth2client<4.0.0
2025-04-28 11:01:51,529 [INFO] googleapiclient.discovery_cache.autodetect:49 - file_cache is only supported with oauth2client<4.0.0
2025-04-28 11:02:10,452 [INFO] googleapiclient.discovery_cache.autodetect:49 - file_cache is only supported with oauth2client<4.0.0
2025-04-28 11:02:22,837 [INFO] googleapiclient.discovery_cache.autodetect:49 - file_cache is only supported with oauth2client<4.0.0
2025-04-28 11:18:27,930 [ERROR] django.request.log_response:241 - Internal Server Error: /admin_remboursement_email
Traceback (most recent call last):
  File "C:\Education\Appligne\div\Appligne\venv\Lib\site-packages\django\template\smartif.py", line 179, in translate_token
    op = OPERATORS[token]
         ~~~~~~~~~^^^^^^^
KeyError: "nouv_status_accord=='in_progress'"

During handling of the above exception, another exception occurred:

Traceback (most recent call last):
  File "C:\Education\Appligne\div\Appligne\venv\Lib\site-packages\django\core\handlers\exception.py", line 55, in inner
    response = get_response(request)
               ^^^^^^^^^^^^^^^^^^^^^
  File "C:\Education\Appligne\div\Appligne\venv\Lib\site-packages\django\core\handlers\base.py", line 197, in _get_response
    response = wrapped_callback(request, *callback_args, **callback_kwargs)
               ^^^^^^^^^^^^^^^^^^^^^^^^^^^^^^^^^^^^^^^^^^^^^^^^^^^^^^^^^^^^
  File "C:\Education\Appligne\div\Appligne\venv\Lib\site-packages\django\contrib\auth\decorators.py", line 23, in _wrapper_view
    return view_func(request, *args, **kwargs)
           ^^^^^^^^^^^^^^^^^^^^^^^^^^^^^^^^^^^
  File "C:\Education\Appligne\div\Appligne\pages\views.py", line 4373, in admin_remboursement_email
    return render(request, 'pages/admin_remboursement_email.html', context)
           ^^^^^^^^^^^^^^^^^^^^^^^^^^^^^^^^^^^^^^^^^^^^^^^^^^^^^^^^^^^^^^^^
  File "C:\Education\Appligne\div\Appligne\venv\Lib\site-packages\django\shortcuts.py", line 24, in render
    content = loader.render_to_string(template_name, context, request, using=using)
              ^^^^^^^^^^^^^^^^^^^^^^^^^^^^^^^^^^^^^^^^^^^^^^^^^^^^^^^^^^^^^^^^^^^^^
  File "C:\Education\Appligne\div\Appligne\venv\Lib\site-packages\django\template\loader.py", line 61, in render_to_string
    template = get_template(template_name, using=using)
               ^^^^^^^^^^^^^^^^^^^^^^^^^^^^^^^^^^^^^^^^
  File "C:\Education\Appligne\div\Appligne\venv\Lib\site-packages\django\template\loader.py", line 15, in get_template
    return engine.get_template(template_name)
           ^^^^^^^^^^^^^^^^^^^^^^^^^^^^^^^^^^
  File "C:\Education\Appligne\div\Appligne\venv\Lib\site-packages\django\template\backends\django.py", line 33, in get_template
    return Template(self.engine.get_template(template_name), self)
                    ^^^^^^^^^^^^^^^^^^^^^^^^^^^^^^^^^^^^^^^
  File "C:\Education\Appligne\div\Appligne\venv\Lib\site-packages\django\template\engine.py", line 175, in get_template
    template, origin = self.find_template(template_name)
                       ^^^^^^^^^^^^^^^^^^^^^^^^^^^^^^^^^
  File "C:\Education\Appligne\div\Appligne\venv\Lib\site-packages\django\template\engine.py", line 157, in find_template
    template = loader.get_template(name, skip=skip)
               ^^^^^^^^^^^^^^^^^^^^^^^^^^^^^^^^^^^^
  File "C:\Education\Appligne\div\Appligne\venv\Lib\site-packages\django\template\loaders\cached.py", line 57, in get_template
    template = super().get_template(template_name, skip)
               ^^^^^^^^^^^^^^^^^^^^^^^^^^^^^^^^^^^^^^^^^
  File "C:\Education\Appligne\div\Appligne\venv\Lib\site-packages\django\template\loaders\base.py", line 28, in get_template
    return Template(
           ^^^^^^^^^
  File "C:\Education\Appligne\div\Appligne\venv\Lib\site-packages\django\template\base.py", line 154, in __init__
    self.nodelist = self.compile_nodelist()
                    ^^^^^^^^^^^^^^^^^^^^^^^
  File "C:\Education\Appligne\div\Appligne\venv\Lib\site-packages\django\template\base.py", line 196, in compile_nodelist
    return parser.parse()
           ^^^^^^^^^^^^^^
  File "C:\Education\Appligne\div\Appligne\venv\Lib\site-packages\django\template\base.py", line 510, in parse
    raise self.error(token, e)
  File "C:\Education\Appligne\div\Appligne\venv\Lib\site-packages\django\template\base.py", line 508, in parse
    compiled_result = compile_func(self, token)
                      ^^^^^^^^^^^^^^^^^^^^^^^^^
  File "C:\Education\Appligne\div\Appligne\venv\Lib\site-packages\django\template\loader_tags.py", line 295, in do_extends
    nodelist = parser.parse()
               ^^^^^^^^^^^^^^
  File "C:\Education\Appligne\div\Appligne\venv\Lib\site-packages\django\template\base.py", line 510, in parse
    raise self.error(token, e)
  File "C:\Education\Appligne\div\Appligne\venv\Lib\site-packages\django\template\base.py", line 508, in parse
    compiled_result = compile_func(self, token)
                      ^^^^^^^^^^^^^^^^^^^^^^^^^
  File "C:\Education\Appligne\div\Appligne\venv\Lib\site-packages\django\template\loader_tags.py", line 234, in do_block
    nodelist = parser.parse(("endblock",))
               ^^^^^^^^^^^^^^^^^^^^^^^^^^^
  File "C:\Education\Appligne\div\Appligne\venv\Lib\site-packages\django\template\base.py", line 510, in parse
    raise self.error(token, e)
  File "C:\Education\Appligne\div\Appligne\venv\Lib\site-packages\django\template\base.py", line 508, in parse
    compiled_result = compile_func(self, token)
                      ^^^^^^^^^^^^^^^^^^^^^^^^^
  File "C:\Education\Appligne\div\Appligne\venv\Lib\site-packages\django\template\defaulttags.py", line 960, in do_if
    nodelist = parser.parse(("elif", "else", "endif"))
               ^^^^^^^^^^^^^^^^^^^^^^^^^^^^^^^^^^^^^^^
  File "C:\Education\Appligne\div\Appligne\venv\Lib\site-packages\django\template\base.py", line 510, in parse
    raise self.error(token, e)
  File "C:\Education\Appligne\div\Appligne\venv\Lib\site-packages\django\template\base.py", line 508, in parse
    compiled_result = compile_func(self, token)
                      ^^^^^^^^^^^^^^^^^^^^^^^^^
  File "C:\Education\Appligne\div\Appligne\venv\Lib\site-packages\django\template\defaulttags.py", line 860, in do_for
    nodelist_loop = parser.parse(
                    ^^^^^^^^^^^^^
  File "C:\Education\Appligne\div\Appligne\venv\Lib\site-packages\django\template\base.py", line 510, in parse
    raise self.error(token, e)
  File "C:\Education\Appligne\div\Appligne\venv\Lib\site-packages\django\template\base.py", line 508, in parse
    compiled_result = compile_func(self, token)
                      ^^^^^^^^^^^^^^^^^^^^^^^^^
  File "C:\Education\Appligne\div\Appligne\venv\Lib\site-packages\django\template\defaulttags.py", line 959, in do_if
    condition = TemplateIfParser(parser, bits).parse()
                ^^^^^^^^^^^^^^^^^^^^^^^^^^^^^^
  File "C:\Education\Appligne\div\Appligne\venv\Lib\site-packages\django\template\defaulttags.py", line 892, in __init__
    super().__init__(*args, **kwargs)
  File "C:\Education\Appligne\div\Appligne\venv\Lib\site-packages\django\template\smartif.py", line 170, in __init__
    mapped_tokens.append(self.translate_token(token))
                         ^^^^^^^^^^^^^^^^^^^^^^^^^^^
  File "C:\Education\Appligne\div\Appligne\venv\Lib\site-packages\django\template\smartif.py", line 181, in translate_token
    return self.create_var(token)
           ^^^^^^^^^^^^^^^^^^^^^^
  File "C:\Education\Appligne\div\Appligne\venv\Lib\site-packages\django\template\defaulttags.py", line 895, in create_var
    return TemplateLiteral(self.template_parser.compile_filter(value), value)
                           ^^^^^^^^^^^^^^^^^^^^^^^^^^^^^^^^^^^^^^^^^^
  File "C:\Education\Appligne\div\Appligne\venv\Lib\site-packages\django\template\base.py", line 597, in compile_filter
    return FilterExpression(token, self)
           ^^^^^^^^^^^^^^^^^^^^^^^^^^^^^
  File "C:\Education\Appligne\div\Appligne\venv\Lib\site-packages\django\template\base.py", line 698, in __init__
    raise TemplateSyntaxError(
django.template.exceptions.TemplateSyntaxError: Could not parse the remainder: '=='in_progress'' from 'nouv_status_accord=='in_progress''
2025-04-28 11:18:27,954 [ERROR] django.server.log_message:212 - "GET /admin_remboursement_email HTTP/1.1" 500 326659
2025-04-28 11:48:21,045 [INFO] googleapiclient.discovery_cache.autodetect:49 - file_cache is only supported with oauth2client<4.0.0
2025-04-28 12:00:15,085 [INFO] googleapiclient.discovery_cache.autodetect:49 - file_cache is only supported with oauth2client<4.0.0
2025-04-28 12:00:20,223 [INFO] googleapiclient.discovery_cache.autodetect:49 - file_cache is only supported with oauth2client<4.0.0
2025-04-28 12:00:26,067 [INFO] googleapiclient.discovery_cache.autodetect:49 - file_cache is only supported with oauth2client<4.0.0
2025-04-28 12:00:30,876 [INFO] googleapiclient.discovery_cache.autodetect:49 - file_cache is only supported with oauth2client<4.0.0
2025-04-28 12:00:37,493 [INFO] googleapiclient.discovery_cache.autodetect:49 - file_cache is only supported with oauth2client<4.0.0
2025-04-28 12:00:44,065 [INFO] googleapiclient.discovery_cache.autodetect:49 - file_cache is only supported with oauth2client<4.0.0
2025-04-28 12:03:51,725 [INFO] googleapiclient.discovery_cache.autodetect:49 - file_cache is only supported with oauth2client<4.0.0
2025-04-28 12:05:49,570 [INFO] googleapiclient.discovery_cache.autodetect:49 - file_cache is only supported with oauth2client<4.0.0
2025-04-28 12:05:55,700 [INFO] googleapiclient.discovery_cache.autodetect:49 - file_cache is only supported with oauth2client<4.0.0
2025-04-28 12:06:01,969 [INFO] googleapiclient.discovery_cache.autodetect:49 - file_cache is only supported with oauth2client<4.0.0
2025-04-28 12:06:07,774 [INFO] googleapiclient.discovery_cache.autodetect:49 - file_cache is only supported with oauth2client<4.0.0
2025-04-28 12:06:27,519 [INFO] googleapiclient.discovery_cache.autodetect:49 - file_cache is only supported with oauth2client<4.0.0
2025-04-28 12:06:33,486 [INFO] googleapiclient.discovery_cache.autodetect:49 - file_cache is only supported with oauth2client<4.0.0
2025-04-28 12:06:37,820 [INFO] googleapiclient.discovery_cache.autodetect:49 - file_cache is only supported with oauth2client<4.0.0
2025-04-28 12:07:01,661 [INFO] googleapiclient.discovery_cache.autodetect:49 - file_cache is only supported with oauth2client<4.0.0
2025-04-28 12:07:06,541 [INFO] googleapiclient.discovery_cache.autodetect:49 - file_cache is only supported with oauth2client<4.0.0
2025-04-28 12:07:10,480 [INFO] googleapiclient.discovery_cache.autodetect:49 - file_cache is only supported with oauth2client<4.0.0
2025-04-28 12:07:15,096 [INFO] googleapiclient.discovery_cache.autodetect:49 - file_cache is only supported with oauth2client<4.0.0
2025-04-28 12:07:34,192 [INFO] googleapiclient.discovery_cache.autodetect:49 - file_cache is only supported with oauth2client<4.0.0
2025-04-28 12:07:38,660 [INFO] googleapiclient.discovery_cache.autodetect:49 - file_cache is only supported with oauth2client<4.0.0
2025-04-28 12:07:54,738 [INFO] googleapiclient.discovery_cache.autodetect:49 - file_cache is only supported with oauth2client<4.0.0
2025-04-28 12:08:02,828 [INFO] googleapiclient.discovery_cache.autodetect:49 - file_cache is only supported with oauth2client<4.0.0
2025-04-28 12:08:18,699 [INFO] googleapiclient.discovery_cache.autodetect:49 - file_cache is only supported with oauth2client<4.0.0
2025-04-28 12:08:24,734 [INFO] googleapiclient.discovery_cache.autodetect:49 - file_cache is only supported with oauth2client<4.0.0
2025-04-28 12:20:03,241 [INFO] googleapiclient.discovery_cache.autodetect:49 - file_cache is only supported with oauth2client<4.0.0
2025-04-28 12:20:20,918 [INFO] googleapiclient.discovery_cache.autodetect:49 - file_cache is only supported with oauth2client<4.0.0
2025-04-28 12:20:24,553 [INFO] googleapiclient.discovery_cache.autodetect:49 - file_cache is only supported with oauth2client<4.0.0
2025-04-28 12:21:01,932 [INFO] googleapiclient.discovery_cache.autodetect:49 - file_cache is only supported with oauth2client<4.0.0
2025-04-28 12:21:06,583 [INFO] googleapiclient.discovery_cache.autodetect:49 - file_cache is only supported with oauth2client<4.0.0
2025-04-28 12:28:30,675 [INFO] googleapiclient.discovery_cache.autodetect:49 - file_cache is only supported with oauth2client<4.0.0
2025-04-28 12:28:51,160 [INFO] googleapiclient.discovery_cache.autodetect:49 - file_cache is only supported with oauth2client<4.0.0
2025-04-28 12:29:01,428 [INFO] googleapiclient.discovery_cache.autodetect:49 - file_cache is only supported with oauth2client<4.0.0
2025-04-28 12:29:05,409 [INFO] googleapiclient.discovery_cache.autodetect:49 - file_cache is only supported with oauth2client<4.0.0
2025-04-28 12:47:46,720 [INFO] googleapiclient.discovery_cache.autodetect:49 - file_cache is only supported with oauth2client<4.0.0
2025-04-28 13:00:20,455 [INFO] googleapiclient.discovery_cache.autodetect:49 - file_cache is only supported with oauth2client<4.0.0
2025-04-28 13:00:46,079 [INFO] googleapiclient.discovery_cache.autodetect:49 - file_cache is only supported with oauth2client<4.0.0
2025-04-28 13:01:15,088 [INFO] googleapiclient.discovery_cache.autodetect:49 - file_cache is only supported with oauth2client<4.0.0
2025-04-28 13:02:41,993 [INFO] googleapiclient.discovery_cache.autodetect:49 - file_cache is only supported with oauth2client<4.0.0
2025-04-28 13:05:57,856 [INFO] googleapiclient.discovery_cache.autodetect:49 - file_cache is only supported with oauth2client<4.0.0
2025-04-28 18:17:08,305 [INFO] googleapiclient.discovery_cache.autodetect:49 - file_cache is only supported with oauth2client<4.0.0
2025-04-28 18:27:22,629 [INFO] googleapiclient.discovery_cache.autodetect:49 - file_cache is only supported with oauth2client<4.0.0
2025-04-28 18:27:36,065 [INFO] googleapiclient.discovery_cache.autodetect:49 - file_cache is only supported with oauth2client<4.0.0
2025-04-28 18:27:42,306 [INFO] googleapiclient.discovery_cache.autodetect:49 - file_cache is only supported with oauth2client<4.0.0
2025-04-28 18:27:46,327 [INFO] googleapiclient.discovery_cache.autodetect:49 - file_cache is only supported with oauth2client<4.0.0
2025-04-28 18:28:15,383 [INFO] googleapiclient.discovery_cache.autodetect:49 - file_cache is only supported with oauth2client<4.0.0
2025-04-28 18:28:38,622 [INFO] googleapiclient.discovery_cache.autodetect:49 - file_cache is only supported with oauth2client<4.0.0
2025-04-28 18:28:42,874 [INFO] googleapiclient.discovery_cache.autodetect:49 - file_cache is only supported with oauth2client<4.0.0
2025-04-28 18:28:47,435 [INFO] googleapiclient.discovery_cache.autodetect:49 - file_cache is only supported with oauth2client<4.0.0
2025-04-28 18:29:00,456 [INFO] googleapiclient.discovery_cache.autodetect:49 - file_cache is only supported with oauth2client<4.0.0
2025-04-28 18:34:49,378 [ERROR] django.request.log_response:241 - Internal Server Error: /admin_remboursement_email
Traceback (most recent call last):
  File "C:\Education\Appligne\div\Appligne\venv\Lib\site-packages\django\core\handlers\exception.py", line 55, in inner
    response = get_response(request)
               ^^^^^^^^^^^^^^^^^^^^^
  File "C:\Education\Appligne\div\Appligne\venv\Lib\site-packages\django\core\handlers\base.py", line 197, in _get_response
    response = wrapped_callback(request, *callback_args, **callback_kwargs)
               ^^^^^^^^^^^^^^^^^^^^^^^^^^^^^^^^^^^^^^^^^^^^^^^^^^^^^^^^^^^^
  File "C:\Education\Appligne\div\Appligne\venv\Lib\site-packages\django\contrib\auth\decorators.py", line 23, in _wrapper_view
    return view_func(request, *args, **kwargs)
           ^^^^^^^^^^^^^^^^^^^^^^^^^^^^^^^^^^^
  File "C:\Education\Appligne\div\Appligne\pages\views.py", line 4384, in admin_remboursement_email
    modifs_dict = {
                  ^
  File "C:\Education\Appligne\div\Appligne\pages\views.py", line 4386, in <dictcomp>
    for accord, date_op, new_status, approved, subject, text
        ^^^^^^^^^^^^^^^^^^^^^^^^^^^^^^^^^^^^^^^^^^^^^^^^^^^^
ValueError: too many values to unpack (expected 6)
2025-04-28 18:34:49,381 [ERROR] django.server.log_message:212 - "POST /admin_remboursement_email HTTP/1.1" 500 95108
2025-04-28 18:35:08,825 [INFO] googleapiclient.discovery_cache.autodetect:49 - file_cache is only supported with oauth2client<4.0.0
2025-04-28 18:35:13,815 [INFO] googleapiclient.discovery_cache.autodetect:49 - file_cache is only supported with oauth2client<4.0.0
2025-04-28 18:42:03,640 [INFO] googleapiclient.discovery_cache.autodetect:49 - file_cache is only supported with oauth2client<4.0.0
2025-04-28 18:49:03,185 [INFO] googleapiclient.discovery_cache.autodetect:49 - file_cache is only supported with oauth2client<4.0.0
2025-04-28 18:49:07,184 [INFO] googleapiclient.discovery_cache.autodetect:49 - file_cache is only supported with oauth2client<4.0.0
2025-04-28 19:05:44,956 [ERROR] django.request.log_response:241 - Internal Server Error: /admin_remboursement_email
Traceback (most recent call last):
  File "C:\Education\Appligne\div\Appligne\venv\Lib\site-packages\django\core\handlers\exception.py", line 55, in inner
    response = get_response(request)
               ^^^^^^^^^^^^^^^^^^^^^
  File "C:\Education\Appligne\div\Appligne\venv\Lib\site-packages\django\core\handlers\base.py", line 197, in _get_response
    response = wrapped_callback(request, *callback_args, **callback_kwargs)
               ^^^^^^^^^^^^^^^^^^^^^^^^^^^^^^^^^^^^^^^^^^^^^^^^^^^^^^^^^^^^
  File "C:\Education\Appligne\div\Appligne\venv\Lib\site-packages\django\contrib\auth\decorators.py", line 23, in _wrapper_view
    return view_func(request, *args, **kwargs)
           ^^^^^^^^^^^^^^^^^^^^^^^^^^^^^^^^^^^
  File "C:\Education\Appligne\div\Appligne\pages\views.py", line 4234, in admin_remboursement_email
    for id, approved, date_operation_remboursement_str, nouv_status_accord in remboursement_requests:
TypeError: 'NoneType' object is not iterable
2025-04-28 19:05:44,962 [ERROR] django.server.log_message:212 - "GET /admin_remboursement_email HTTP/1.1" 500 74781
2025-04-28 19:10:45,522 [INFO] googleapiclient.discovery_cache.autodetect:49 - file_cache is only supported with oauth2client<4.0.0
2025-04-28 19:54:24,760 [INFO] googleapiclient.discovery_cache.autodetect:49 - file_cache is only supported with oauth2client<4.0.0
2025-04-28 19:54:35,781 [INFO] googleapiclient.discovery_cache.autodetect:49 - file_cache is only supported with oauth2client<4.0.0
2025-04-28 19:56:39,123 [INFO] googleapiclient.discovery_cache.autodetect:49 - file_cache is only supported with oauth2client<4.0.0
2025-04-28 19:56:44,200 [INFO] googleapiclient.discovery_cache.autodetect:49 - file_cache is only supported with oauth2client<4.0.0
2025-04-28 19:56:51,283 [INFO] googleapiclient.discovery_cache.autodetect:49 - file_cache is only supported with oauth2client<4.0.0
2025-04-28 19:58:08,006 [INFO] googleapiclient.discovery_cache.autodetect:49 - file_cache is only supported with oauth2client<4.0.0
2025-04-28 19:58:12,933 [INFO] googleapiclient.discovery_cache.autodetect:49 - file_cache is only supported with oauth2client<4.0.0
2025-04-28 20:00:52,043 [INFO] googleapiclient.discovery_cache.autodetect:49 - file_cache is only supported with oauth2client<4.0.0
2025-04-28 20:00:57,844 [INFO] googleapiclient.discovery_cache.autodetect:49 - file_cache is only supported with oauth2client<4.0.0
2025-04-28 20:01:13,406 [INFO] googleapiclient.discovery_cache.autodetect:49 - file_cache is only supported with oauth2client<4.0.0
2025-04-28 20:01:25,641 [INFO] googleapiclient.discovery_cache.autodetect:49 - file_cache is only supported with oauth2client<4.0.0
2025-04-28 20:01:29,618 [INFO] googleapiclient.discovery_cache.autodetect:49 - file_cache is only supported with oauth2client<4.0.0
2025-04-28 20:01:40,866 [INFO] googleapiclient.discovery_cache.autodetect:49 - file_cache is only supported with oauth2client<4.0.0
2025-04-28 20:02:41,156 [INFO] googleapiclient.discovery_cache.autodetect:49 - file_cache is only supported with oauth2client<4.0.0
2025-04-28 20:02:47,284 [INFO] googleapiclient.discovery_cache.autodetect:49 - file_cache is only supported with oauth2client<4.0.0
2025-04-28 20:03:01,256 [INFO] googleapiclient.discovery_cache.autodetect:49 - file_cache is only supported with oauth2client<4.0.0
2025-04-28 20:03:07,030 [INFO] googleapiclient.discovery_cache.autodetect:49 - file_cache is only supported with oauth2client<4.0.0
2025-04-28 20:10:27,127 [INFO] googleapiclient.discovery_cache.autodetect:49 - file_cache is only supported with oauth2client<4.0.0
2025-04-28 20:10:35,185 [INFO] googleapiclient.discovery_cache.autodetect:49 - file_cache is only supported with oauth2client<4.0.0
2025-04-28 20:11:54,559 [INFO] googleapiclient.discovery_cache.autodetect:49 - file_cache is only supported with oauth2client<4.0.0
2025-04-28 20:12:10,648 [INFO] googleapiclient.discovery_cache.autodetect:49 - file_cache is only supported with oauth2client<4.0.0
2025-04-28 20:12:21,768 [INFO] googleapiclient.discovery_cache.autodetect:49 - file_cache is only supported with oauth2client<4.0.0
2025-04-28 20:12:39,019 [INFO] googleapiclient.discovery_cache.autodetect:49 - file_cache is only supported with oauth2client<4.0.0
2025-04-28 20:15:23,521 [INFO] googleapiclient.discovery_cache.autodetect:49 - file_cache is only supported with oauth2client<4.0.0
2025-04-28 20:15:27,404 [INFO] googleapiclient.discovery_cache.autodetect:49 - file_cache is only supported with oauth2client<4.0.0
2025-04-28 20:15:46,887 [INFO] googleapiclient.discovery_cache.autodetect:49 - file_cache is only supported with oauth2client<4.0.0
2025-04-28 20:16:27,648 [INFO] googleapiclient.discovery_cache.autodetect:49 - file_cache is only supported with oauth2client<4.0.0
2025-04-28 20:16:57,400 [INFO] googleapiclient.discovery_cache.autodetect:49 - file_cache is only supported with oauth2client<4.0.0
2025-04-28 20:17:02,895 [INFO] googleapiclient.discovery_cache.autodetect:49 - file_cache is only supported with oauth2client<4.0.0
2025-04-28 20:17:09,142 [INFO] googleapiclient.discovery_cache.autodetect:49 - file_cache is only supported with oauth2client<4.0.0
2025-04-28 20:17:15,239 [INFO] googleapiclient.discovery_cache.autodetect:49 - file_cache is only supported with oauth2client<4.0.0
2025-04-28 20:17:50,942 [INFO] googleapiclient.discovery_cache.autodetect:49 - file_cache is only supported with oauth2client<4.0.0
2025-04-28 20:18:35,173 [INFO] googleapiclient.discovery_cache.autodetect:49 - file_cache is only supported with oauth2client<4.0.0
2025-04-28 20:18:52,821 [INFO] googleapiclient.discovery_cache.autodetect:49 - file_cache is only supported with oauth2client<4.0.0
2025-04-28 20:21:24,074 [INFO] googleapiclient.discovery_cache.autodetect:49 - file_cache is only supported with oauth2client<4.0.0
2025-04-28 20:21:32,390 [INFO] googleapiclient.discovery_cache.autodetect:49 - file_cache is only supported with oauth2client<4.0.0
2025-04-28 20:24:41,891 [INFO] googleapiclient.discovery_cache.autodetect:49 - file_cache is only supported with oauth2client<4.0.0
2025-04-28 20:24:47,134 [INFO] googleapiclient.discovery_cache.autodetect:49 - file_cache is only supported with oauth2client<4.0.0
2025-04-28 20:25:03,226 [INFO] googleapiclient.discovery_cache.autodetect:49 - file_cache is only supported with oauth2client<4.0.0
2025-04-28 20:25:49,674 [INFO] googleapiclient.discovery_cache.autodetect:49 - file_cache is only supported with oauth2client<4.0.0
2025-04-28 20:26:12,294 [INFO] googleapiclient.discovery_cache.autodetect:49 - file_cache is only supported with oauth2client<4.0.0
2025-04-28 20:27:20,463 [INFO] googleapiclient.discovery_cache.autodetect:49 - file_cache is only supported with oauth2client<4.0.0
2025-04-28 20:27:29,952 [INFO] googleapiclient.discovery_cache.autodetect:49 - file_cache is only supported with oauth2client<4.0.0
2025-04-28 20:27:35,311 [INFO] googleapiclient.discovery_cache.autodetect:49 - file_cache is only supported with oauth2client<4.0.0
2025-04-28 20:27:47,668 [INFO] googleapiclient.discovery_cache.autodetect:49 - file_cache is only supported with oauth2client<4.0.0
2025-04-28 20:28:00,628 [INFO] googleapiclient.discovery_cache.autodetect:49 - file_cache is only supported with oauth2client<4.0.0
2025-04-28 20:28:05,130 [INFO] googleapiclient.discovery_cache.autodetect:49 - file_cache is only supported with oauth2client<4.0.0
2025-04-28 20:28:46,170 [INFO] googleapiclient.discovery_cache.autodetect:49 - file_cache is only supported with oauth2client<4.0.0
2025-04-28 20:28:51,687 [INFO] googleapiclient.discovery_cache.autodetect:49 - file_cache is only supported with oauth2client<4.0.0
2025-04-28 20:45:40,042 [INFO] googleapiclient.discovery_cache.autodetect:49 - file_cache is only supported with oauth2client<4.0.0
2025-04-28 20:45:43,798 [INFO] googleapiclient.discovery_cache.autodetect:49 - file_cache is only supported with oauth2client<4.0.0
2025-04-28 20:49:54,373 [INFO] googleapiclient.discovery_cache.autodetect:49 - file_cache is only supported with oauth2client<4.0.0
2025-04-28 20:49:59,546 [INFO] googleapiclient.discovery_cache.autodetect:49 - file_cache is only supported with oauth2client<4.0.0
2025-04-28 20:50:04,089 [INFO] googleapiclient.discovery_cache.autodetect:49 - file_cache is only supported with oauth2client<4.0.0
2025-04-28 20:50:23,294 [INFO] googleapiclient.discovery_cache.autodetect:49 - file_cache is only supported with oauth2client<4.0.0
2025-04-28 20:50:53,375 [INFO] googleapiclient.discovery_cache.autodetect:49 - file_cache is only supported with oauth2client<4.0.0
2025-04-28 20:52:05,104 [INFO] googleapiclient.discovery_cache.autodetect:49 - file_cache is only supported with oauth2client<4.0.0
2025-04-28 20:52:21,015 [INFO] googleapiclient.discovery_cache.autodetect:49 - file_cache is only supported with oauth2client<4.0.0
2025-04-28 20:52:24,617 [INFO] googleapiclient.discovery_cache.autodetect:49 - file_cache is only supported with oauth2client<4.0.0
2025-04-28 20:53:03,874 [INFO] googleapiclient.discovery_cache.autodetect:49 - file_cache is only supported with oauth2client<4.0.0
2025-04-28 20:53:51,226 [INFO] googleapiclient.discovery_cache.autodetect:49 - file_cache is only supported with oauth2client<4.0.0
2025-04-28 20:54:00,257 [INFO] googleapiclient.discovery_cache.autodetect:49 - file_cache is only supported with oauth2client<4.0.0
2025-04-28 20:54:04,316 [INFO] googleapiclient.discovery_cache.autodetect:49 - file_cache is only supported with oauth2client<4.0.0
2025-04-28 20:58:49,885 [INFO] googleapiclient.discovery_cache.autodetect:49 - file_cache is only supported with oauth2client<4.0.0
2025-04-28 21:03:50,486 [INFO] googleapiclient.discovery_cache.autodetect:49 - file_cache is only supported with oauth2client<4.0.0
2025-04-28 21:10:44,042 [INFO] googleapiclient.discovery_cache.autodetect:49 - file_cache is only supported with oauth2client<4.0.0
2025-04-28 21:10:50,102 [INFO] googleapiclient.discovery_cache.autodetect:49 - file_cache is only supported with oauth2client<4.0.0
2025-04-28 21:17:11,479 [ERROR] django.request.log_response:241 - Internal Server Error: /admin_remboursement_email
Traceback (most recent call last):
  File "C:\Education\Appligne\div\Appligne\venv\Lib\site-packages\django\core\handlers\exception.py", line 55, in inner
    response = get_response(request)
               ^^^^^^^^^^^^^^^^^^^^^
  File "C:\Education\Appligne\div\Appligne\venv\Lib\site-packages\django\core\handlers\base.py", line 197, in _get_response
    response = wrapped_callback(request, *callback_args, **callback_kwargs)
               ^^^^^^^^^^^^^^^^^^^^^^^^^^^^^^^^^^^^^^^^^^^^^^^^^^^^^^^^^^^^
  File "C:\Education\Appligne\div\Appligne\venv\Lib\site-packages\django\contrib\auth\decorators.py", line 23, in _wrapper_view
    return view_func(request, *args, **kwargs)
           ^^^^^^^^^^^^^^^^^^^^^^^^^^^^^^^^^^^
  File "C:\Education\Appligne\div\Appligne\pages\views.py", line 4274, in admin_remboursement_email
    modifs_dict = {
                  ^
  File "C:\Education\Appligne\div\Appligne\pages\views.py", line 4276, in <dictcomp>
    for accord, date_op, new_status, approved, subject, text
        ^^^^^^^^^^^^^^^^^^^^^^^^^^^^^^^^^^^^^^^^^^^^^^^^^^^^
ValueError: too many values to unpack (expected 6)
2025-04-28 21:17:11,483 [ERROR] django.server.log_message:212 - "POST /admin_remboursement_email HTTP/1.1" 500 84967
2025-04-28 21:25:18,076 [INFO] googleapiclient.discovery_cache.autodetect:49 - file_cache is only supported with oauth2client<4.0.0
2025-04-28 21:27:26,283 [INFO] googleapiclient.discovery_cache.autodetect:49 - file_cache is only supported with oauth2client<4.0.0
2025-04-28 21:27:33,174 [INFO] googleapiclient.discovery_cache.autodetect:49 - file_cache is only supported with oauth2client<4.0.0
2025-04-28 21:27:40,464 [INFO] googleapiclient.discovery_cache.autodetect:49 - file_cache is only supported with oauth2client<4.0.0
2025-04-28 21:27:56,810 [INFO] googleapiclient.discovery_cache.autodetect:49 - file_cache is only supported with oauth2client<4.0.0
2025-04-28 21:28:02,453 [INFO] googleapiclient.discovery_cache.autodetect:49 - file_cache is only supported with oauth2client<4.0.0
2025-04-28 21:28:07,414 [INFO] googleapiclient.discovery_cache.autodetect:49 - file_cache is only supported with oauth2client<4.0.0
2025-04-28 21:28:14,450 [INFO] googleapiclient.discovery_cache.autodetect:49 - file_cache is only supported with oauth2client<4.0.0
2025-04-28 21:28:25,785 [INFO] googleapiclient.discovery_cache.autodetect:49 - file_cache is only supported with oauth2client<4.0.0
2025-04-28 21:28:32,293 [INFO] googleapiclient.discovery_cache.autodetect:49 - file_cache is only supported with oauth2client<4.0.0
2025-04-28 21:31:07,964 [INFO] googleapiclient.discovery_cache.autodetect:49 - file_cache is only supported with oauth2client<4.0.0
2025-04-28 21:35:22,814 [INFO] googleapiclient.discovery_cache.autodetect:49 - file_cache is only supported with oauth2client<4.0.0
2025-04-28 21:35:31,745 [INFO] googleapiclient.discovery_cache.autodetect:49 - file_cache is only supported with oauth2client<4.0.0
2025-04-28 21:35:39,866 [INFO] googleapiclient.discovery_cache.autodetect:49 - file_cache is only supported with oauth2client<4.0.0
2025-04-28 21:35:44,237 [INFO] googleapiclient.discovery_cache.autodetect:49 - file_cache is only supported with oauth2client<4.0.0
2025-04-28 21:35:48,902 [INFO] googleapiclient.discovery_cache.autodetect:49 - file_cache is only supported with oauth2client<4.0.0
2025-04-28 21:35:58,197 [INFO] googleapiclient.discovery_cache.autodetect:49 - file_cache is only supported with oauth2client<4.0.0
2025-04-28 21:36:27,741 [INFO] googleapiclient.discovery_cache.autodetect:49 - file_cache is only supported with oauth2client<4.0.0
2025-04-28 21:37:45,054 [INFO] googleapiclient.discovery_cache.autodetect:49 - file_cache is only supported with oauth2client<4.0.0
