2025-04-21 12:19:31,161 [INFO] googleapiclient.discovery_cache.autodetect:49 - file_cache is only supported with oauth2client<4.0.0
2025-04-21 12:21:08,727 [INFO] googleapiclient.discovery_cache.autodetect:49 - file_cache is only supported with oauth2client<4.0.0
2025-04-21 12:46:34,459 [INFO] googleapiclient.discovery_cache.autodetect:49 - file_cache is only supported with oauth2client<4.0.0
2025-04-21 12:46:39,107 [INFO] googleapiclient.discovery_cache.autodetect:49 - file_cache is only supported with oauth2client<4.0.0
2025-04-21 12:47:11,776 [INFO] googleapiclient.discovery_cache.autodetect:49 - file_cache is only supported with oauth2client<4.0.0
2025-04-21 12:47:20,116 [INFO] googleapiclient.discovery_cache.autodetect:49 - file_cache is only supported with oauth2client<4.0.0
2025-04-21 12:47:25,118 [INFO] googleapiclient.discovery_cache.autodetect:49 - file_cache is only supported with oauth2client<4.0.0
2025-04-21 12:47:29,617 [INFO] googleapiclient.discovery_cache.autodetect:49 - file_cache is only supported with oauth2client<4.0.0
2025-04-21 12:47:33,045 [INFO] googleapiclient.discovery_cache.autodetect:49 - file_cache is only supported with oauth2client<4.0.0
2025-04-21 12:47:39,264 [INFO] googleapiclient.discovery_cache.autodetect:49 - file_cache is only supported with oauth2client<4.0.0
2025-04-21 12:48:02,345 [INFO] googleapiclient.discovery_cache.autodetect:49 - file_cache is only supported with oauth2client<4.0.0
2025-04-21 12:48:10,860 [INFO] googleapiclient.discovery_cache.autodetect:49 - file_cache is only supported with oauth2client<4.0.0
2025-04-21 12:48:23,997 [INFO] googleapiclient.discovery_cache.autodetect:49 - file_cache is only supported with oauth2client<4.0.0
2025-04-21 12:48:37,737 [INFO] googleapiclient.discovery_cache.autodetect:49 - file_cache is only supported with oauth2client<4.0.0
2025-04-21 12:48:42,892 [INFO] googleapiclient.discovery_cache.autodetect:49 - file_cache is only supported with oauth2client<4.0.0
2025-04-21 12:49:25,993 [INFO] googleapiclient.discovery_cache.autodetect:49 - file_cache is only supported with oauth2client<4.0.0
2025-04-21 12:49:31,547 [INFO] googleapiclient.discovery_cache.autodetect:49 - file_cache is only supported with oauth2client<4.0.0
2025-04-21 12:49:38,305 [INFO] googleapiclient.discovery_cache.autodetect:49 - file_cache is only supported with oauth2client<4.0.0
2025-04-21 12:49:46,945 [INFO] googleapiclient.discovery_cache.autodetect:49 - file_cache is only supported with oauth2client<4.0.0
2025-04-21 12:49:56,823 [INFO] googleapiclient.discovery_cache.autodetect:49 - file_cache is only supported with oauth2client<4.0.0
2025-04-21 12:50:18,724 [INFO] googleapiclient.discovery_cache.autodetect:49 - file_cache is only supported with oauth2client<4.0.0
2025-04-21 12:50:25,715 [INFO] googleapiclient.discovery_cache.autodetect:49 - file_cache is only supported with oauth2client<4.0.0
2025-04-21 12:50:52,000 [INFO] googleapiclient.discovery_cache.autodetect:49 - file_cache is only supported with oauth2client<4.0.0
2025-04-21 12:50:57,296 [INFO] googleapiclient.discovery_cache.autodetect:49 - file_cache is only supported with oauth2client<4.0.0
2025-04-21 12:51:02,846 [INFO] googleapiclient.discovery_cache.autodetect:49 - file_cache is only supported with oauth2client<4.0.0
2025-04-21 12:51:35,543 [INFO] googleapiclient.discovery_cache.autodetect:49 - file_cache is only supported with oauth2client<4.0.0
2025-04-21 12:51:42,259 [INFO] googleapiclient.discovery_cache.autodetect:49 - file_cache is only supported with oauth2client<4.0.0
2025-04-21 12:51:47,748 [INFO] googleapiclient.discovery_cache.autodetect:49 - file_cache is only supported with oauth2client<4.0.0
2025-04-21 12:52:15,273 [INFO] googleapiclient.discovery_cache.autodetect:49 - file_cache is only supported with oauth2client<4.0.0
2025-04-21 12:52:21,988 [INFO] googleapiclient.discovery_cache.autodetect:49 - file_cache is only supported with oauth2client<4.0.0
2025-04-21 12:52:37,300 [INFO] googleapiclient.discovery_cache.autodetect:49 - file_cache is only supported with oauth2client<4.0.0
2025-04-21 12:52:43,635 [INFO] googleapiclient.discovery_cache.autodetect:49 - file_cache is only supported with oauth2client<4.0.0
2025-04-21 12:53:05,217 [INFO] googleapiclient.discovery_cache.autodetect:49 - file_cache is only supported with oauth2client<4.0.0
2025-04-21 12:53:52,091 [INFO] googleapiclient.discovery_cache.autodetect:49 - file_cache is only supported with oauth2client<4.0.0
2025-04-21 12:54:27,496 [INFO] googleapiclient.discovery_cache.autodetect:49 - file_cache is only supported with oauth2client<4.0.0
2025-04-21 12:54:58,029 [INFO] googleapiclient.discovery_cache.autodetect:49 - file_cache is only supported with oauth2client<4.0.0
2025-04-21 12:55:10,061 [INFO] googleapiclient.discovery_cache.autodetect:49 - file_cache is only supported with oauth2client<4.0.0
2025-04-21 12:55:14,808 [INFO] googleapiclient.discovery_cache.autodetect:49 - file_cache is only supported with oauth2client<4.0.0
2025-04-21 12:56:10,680 [INFO] googleapiclient.discovery_cache.autodetect:49 - file_cache is only supported with oauth2client<4.0.0
2025-04-21 12:56:22,998 [INFO] googleapiclient.discovery_cache.autodetect:49 - file_cache is only supported with oauth2client<4.0.0
2025-04-21 12:56:39,680 [INFO] googleapiclient.discovery_cache.autodetect:49 - file_cache is only supported with oauth2client<4.0.0
2025-04-21 12:56:48,890 [INFO] googleapiclient.discovery_cache.autodetect:49 - file_cache is only supported with oauth2client<4.0.0
2025-04-21 12:59:33,332 [INFO] googleapiclient.discovery_cache.autodetect:49 - file_cache is only supported with oauth2client<4.0.0
2025-04-21 12:59:38,435 [INFO] googleapiclient.discovery_cache.autodetect:49 - file_cache is only supported with oauth2client<4.0.0
2025-04-21 12:59:49,329 [INFO] googleapiclient.discovery_cache.autodetect:49 - file_cache is only supported with oauth2client<4.0.0
2025-04-21 12:59:56,857 [INFO] googleapiclient.discovery_cache.autodetect:49 - file_cache is only supported with oauth2client<4.0.0
2025-04-21 13:00:00,441 [INFO] googleapiclient.discovery_cache.autodetect:49 - file_cache is only supported with oauth2client<4.0.0
2025-04-21 13:00:09,591 [INFO] googleapiclient.discovery_cache.autodetect:49 - file_cache is only supported with oauth2client<4.0.0
2025-04-21 13:00:45,087 [INFO] googleapiclient.discovery_cache.autodetect:49 - file_cache is only supported with oauth2client<4.0.0
2025-04-21 13:01:51,743 [INFO] googleapiclient.discovery_cache.autodetect:49 - file_cache is only supported with oauth2client<4.0.0
2025-04-21 13:02:11,910 [INFO] googleapiclient.discovery_cache.autodetect:49 - file_cache is only supported with oauth2client<4.0.0
2025-04-21 13:02:18,971 [INFO] googleapiclient.discovery_cache.autodetect:49 - file_cache is only supported with oauth2client<4.0.0
2025-04-21 13:02:24,817 [INFO] googleapiclient.discovery_cache.autodetect:49 - file_cache is only supported with oauth2client<4.0.0
2025-04-21 13:02:29,553 [INFO] googleapiclient.discovery_cache.autodetect:49 - file_cache is only supported with oauth2client<4.0.0
2025-04-21 13:02:34,503 [INFO] googleapiclient.discovery_cache.autodetect:49 - file_cache is only supported with oauth2client<4.0.0
2025-04-21 13:02:40,165 [INFO] googleapiclient.discovery_cache.autodetect:49 - file_cache is only supported with oauth2client<4.0.0
2025-04-21 13:02:55,676 [INFO] googleapiclient.discovery_cache.autodetect:49 - file_cache is only supported with oauth2client<4.0.0
2025-04-21 13:03:00,814 [INFO] googleapiclient.discovery_cache.autodetect:49 - file_cache is only supported with oauth2client<4.0.0
2025-04-21 13:03:26,294 [INFO] googleapiclient.discovery_cache.autodetect:49 - file_cache is only supported with oauth2client<4.0.0
2025-04-21 13:03:31,727 [INFO] googleapiclient.discovery_cache.autodetect:49 - file_cache is only supported with oauth2client<4.0.0
2025-04-21 13:03:46,468 [INFO] googleapiclient.discovery_cache.autodetect:49 - file_cache is only supported with oauth2client<4.0.0
2025-04-21 13:03:51,717 [INFO] googleapiclient.discovery_cache.autodetect:49 - file_cache is only supported with oauth2client<4.0.0
2025-04-21 13:03:55,224 [INFO] googleapiclient.discovery_cache.autodetect:49 - file_cache is only supported with oauth2client<4.0.0
2025-04-21 13:04:25,632 [INFO] googleapiclient.discovery_cache.autodetect:49 - file_cache is only supported with oauth2client<4.0.0
2025-04-21 13:04:46,498 [INFO] googleapiclient.discovery_cache.autodetect:49 - file_cache is only supported with oauth2client<4.0.0
2025-04-21 13:05:24,150 [INFO] googleapiclient.discovery_cache.autodetect:49 - file_cache is only supported with oauth2client<4.0.0
2025-04-21 13:13:03,266 [INFO] googleapiclient.discovery_cache.autodetect:49 - file_cache is only supported with oauth2client<4.0.0
2025-04-21 13:13:11,216 [INFO] googleapiclient.discovery_cache.autodetect:49 - file_cache is only supported with oauth2client<4.0.0
2025-04-21 13:13:15,860 [INFO] googleapiclient.discovery_cache.autodetect:49 - file_cache is only supported with oauth2client<4.0.0
2025-04-21 13:13:22,048 [INFO] googleapiclient.discovery_cache.autodetect:49 - file_cache is only supported with oauth2client<4.0.0
2025-04-21 13:17:13,242 [INFO] googleapiclient.discovery_cache.autodetect:49 - file_cache is only supported with oauth2client<4.0.0
2025-04-21 13:17:20,524 [INFO] googleapiclient.discovery_cache.autodetect:49 - file_cache is only supported with oauth2client<4.0.0
2025-04-21 13:17:50,919 [INFO] googleapiclient.discovery_cache.autodetect:49 - file_cache is only supported with oauth2client<4.0.0
2025-04-21 13:17:56,079 [INFO] googleapiclient.discovery_cache.autodetect:49 - file_cache is only supported with oauth2client<4.0.0
2025-04-21 13:21:19,651 [ERROR] django.request.log_response:241 - Internal Server Error: /admin_accord_remboursement
Traceback (most recent call last):
  File "C:\Education\Appligne\div\Appligne\venv\Lib\site-packages\django\core\handlers\exception.py", line 55, in inner
    response = get_response(request)
               ^^^^^^^^^^^^^^^^^^^^^
  File "C:\Education\Appligne\div\Appligne\venv\Lib\site-packages\django\core\handlers\base.py", line 197, in _get_response
    response = wrapped_callback(request, *callback_args, **callback_kwargs)
               ^^^^^^^^^^^^^^^^^^^^^^^^^^^^^^^^^^^^^^^^^^^^^^^^^^^^^^^^^^^^
  File "C:\Education\Appligne\div\Appligne\venv\Lib\site-packages\django\contrib\auth\decorators.py", line 23, in _wrapper_view
    return view_func(request, *args, **kwargs)
           ^^^^^^^^^^^^^^^^^^^^^^^^^^^^^^^^^^^
  File "C:\Education\Appligne\div\Appligne\pages\views.py", line 3814, in admin_accord_remboursement
    total_remboursement += Decimal(montant_remboursement_str)
    ^^^^^^^^^^^^^^^^^^^
UnboundLocalError: cannot access local variable 'total_remboursement' where it is not associated with a value
2025-04-21 13:21:19,655 [ERROR] django.server.log_message:212 - "GET /admin_accord_remboursement HTTP/1.1" 500 77625
2025-04-21 13:21:46,283 [ERROR] django.request.log_response:241 - Internal Server Error: /admin_accord_remboursement
Traceback (most recent call last):
  File "C:\Education\Appligne\div\Appligne\venv\Lib\site-packages\django\core\handlers\exception.py", line 55, in inner
    response = get_response(request)
               ^^^^^^^^^^^^^^^^^^^^^
  File "C:\Education\Appligne\div\Appligne\venv\Lib\site-packages\django\core\handlers\base.py", line 197, in _get_response
    response = wrapped_callback(request, *callback_args, **callback_kwargs)
               ^^^^^^^^^^^^^^^^^^^^^^^^^^^^^^^^^^^^^^^^^^^^^^^^^^^^^^^^^^^^
  File "C:\Education\Appligne\div\Appligne\venv\Lib\site-packages\django\contrib\auth\decorators.py", line 23, in _wrapper_view
    return view_func(request, *args, **kwargs)
           ^^^^^^^^^^^^^^^^^^^^^^^^^^^^^^^^^^^
  File "C:\Education\Appligne\div\Appligne\pages\views.py", line 3814, in admin_accord_remboursement
    total_remboursement += Decimal(montant_remboursement_str)
    ^^^^^^^^^^^^^^^^^^^
UnboundLocalError: cannot access local variable 'total_remboursement' where it is not associated with a value
2025-04-21 13:21:46,283 [ERROR] django.server.log_message:212 - "GET /admin_accord_remboursement HTTP/1.1" 500 77625
2025-04-21 13:22:20,190 [INFO] googleapiclient.discovery_cache.autodetect:49 - file_cache is only supported with oauth2client<4.0.0
2025-04-21 13:22:38,273 [INFO] googleapiclient.discovery_cache.autodetect:49 - file_cache is only supported with oauth2client<4.0.0
2025-04-21 13:22:56,069 [INFO] googleapiclient.discovery_cache.autodetect:49 - file_cache is only supported with oauth2client<4.0.0
2025-04-21 13:23:02,986 [INFO] googleapiclient.discovery_cache.autodetect:49 - file_cache is only supported with oauth2client<4.0.0
2025-04-21 13:30:21,298 [INFO] googleapiclient.discovery_cache.autodetect:49 - file_cache is only supported with oauth2client<4.0.0
2025-04-21 13:31:30,833 [INFO] googleapiclient.discovery_cache.autodetect:49 - file_cache is only supported with oauth2client<4.0.0
2025-04-21 13:54:47,665 [INFO] googleapiclient.discovery_cache.autodetect:49 - file_cache is only supported with oauth2client<4.0.0
2025-04-21 13:54:51,973 [INFO] googleapiclient.discovery_cache.autodetect:49 - file_cache is only supported with oauth2client<4.0.0
2025-04-21 13:55:09,395 [INFO] googleapiclient.discovery_cache.autodetect:49 - file_cache is only supported with oauth2client<4.0.0
2025-04-21 13:55:14,729 [INFO] googleapiclient.discovery_cache.autodetect:49 - file_cache is only supported with oauth2client<4.0.0
2025-04-21 13:55:18,437 [INFO] googleapiclient.discovery_cache.autodetect:49 - file_cache is only supported with oauth2client<4.0.0
2025-04-21 13:55:25,500 [INFO] googleapiclient.discovery_cache.autodetect:49 - file_cache is only supported with oauth2client<4.0.0
2025-04-21 13:55:29,303 [INFO] googleapiclient.discovery_cache.autodetect:49 - file_cache is only supported with oauth2client<4.0.0
2025-04-21 13:55:32,685 [INFO] googleapiclient.discovery_cache.autodetect:49 - file_cache is only supported with oauth2client<4.0.0
2025-04-21 13:55:38,664 [INFO] googleapiclient.discovery_cache.autodetect:49 - file_cache is only supported with oauth2client<4.0.0
2025-04-21 13:55:46,273 [INFO] googleapiclient.discovery_cache.autodetect:49 - file_cache is only supported with oauth2client<4.0.0
2025-04-21 13:55:54,405 [INFO] googleapiclient.discovery_cache.autodetect:49 - file_cache is only supported with oauth2client<4.0.0
2025-04-21 13:55:59,167 [INFO] googleapiclient.discovery_cache.autodetect:49 - file_cache is only supported with oauth2client<4.0.0
2025-04-21 13:56:02,854 [INFO] googleapiclient.discovery_cache.autodetect:49 - file_cache is only supported with oauth2client<4.0.0
2025-04-21 13:56:25,193 [INFO] googleapiclient.discovery_cache.autodetect:49 - file_cache is only supported with oauth2client<4.0.0
2025-04-21 13:56:29,848 [INFO] googleapiclient.discovery_cache.autodetect:49 - file_cache is only supported with oauth2client<4.0.0
2025-04-21 13:56:35,016 [INFO] googleapiclient.discovery_cache.autodetect:49 - file_cache is only supported with oauth2client<4.0.0
2025-04-21 13:56:38,734 [INFO] googleapiclient.discovery_cache.autodetect:49 - file_cache is only supported with oauth2client<4.0.0
2025-04-21 13:56:44,249 [INFO] googleapiclient.discovery_cache.autodetect:49 - file_cache is only supported with oauth2client<4.0.0
2025-04-21 13:56:48,354 [INFO] googleapiclient.discovery_cache.autodetect:49 - file_cache is only supported with oauth2client<4.0.0
2025-04-21 13:56:55,383 [INFO] googleapiclient.discovery_cache.autodetect:49 - file_cache is only supported with oauth2client<4.0.0
2025-04-21 13:57:10,588 [INFO] googleapiclient.discovery_cache.autodetect:49 - file_cache is only supported with oauth2client<4.0.0
2025-04-21 13:57:14,219 [INFO] googleapiclient.discovery_cache.autodetect:49 - file_cache is only supported with oauth2client<4.0.0
2025-04-21 13:57:19,492 [INFO] googleapiclient.discovery_cache.autodetect:49 - file_cache is only supported with oauth2client<4.0.0
2025-04-21 13:57:25,808 [INFO] googleapiclient.discovery_cache.autodetect:49 - file_cache is only supported with oauth2client<4.0.0
2025-04-21 13:57:29,690 [INFO] googleapiclient.discovery_cache.autodetect:49 - file_cache is only supported with oauth2client<4.0.0
2025-04-21 13:57:34,267 [INFO] googleapiclient.discovery_cache.autodetect:49 - file_cache is only supported with oauth2client<4.0.0
2025-04-21 13:57:49,528 [INFO] googleapiclient.discovery_cache.autodetect:49 - file_cache is only supported with oauth2client<4.0.0
2025-04-21 13:57:54,419 [INFO] googleapiclient.discovery_cache.autodetect:49 - file_cache is only supported with oauth2client<4.0.0
2025-04-21 13:58:01,257 [INFO] googleapiclient.discovery_cache.autodetect:49 - file_cache is only supported with oauth2client<4.0.0
2025-04-21 13:58:07,257 [INFO] googleapiclient.discovery_cache.autodetect:49 - file_cache is only supported with oauth2client<4.0.0
2025-04-21 13:58:11,788 [INFO] googleapiclient.discovery_cache.autodetect:49 - file_cache is only supported with oauth2client<4.0.0
2025-04-21 13:58:16,517 [INFO] googleapiclient.discovery_cache.autodetect:49 - file_cache is only supported with oauth2client<4.0.0
2025-04-21 13:58:21,813 [INFO] googleapiclient.discovery_cache.autodetect:49 - file_cache is only supported with oauth2client<4.0.0
2025-04-21 13:58:29,882 [INFO] googleapiclient.discovery_cache.autodetect:49 - file_cache is only supported with oauth2client<4.0.0
2025-04-21 13:58:34,648 [INFO] googleapiclient.discovery_cache.autodetect:49 - file_cache is only supported with oauth2client<4.0.0
2025-04-21 13:58:39,019 [INFO] googleapiclient.discovery_cache.autodetect:49 - file_cache is only supported with oauth2client<4.0.0
2025-04-21 14:09:46,408 [INFO] googleapiclient.discovery_cache.autodetect:49 - file_cache is only supported with oauth2client<4.0.0
2025-04-21 14:12:14,065 [INFO] googleapiclient.discovery_cache.autodetect:49 - file_cache is only supported with oauth2client<4.0.0
2025-04-21 14:16:54,898 [INFO] googleapiclient.discovery_cache.autodetect:49 - file_cache is only supported with oauth2client<4.0.0
2025-04-21 14:16:59,166 [INFO] googleapiclient.discovery_cache.autodetect:49 - file_cache is only supported with oauth2client<4.0.0
2025-04-21 14:17:07,530 [INFO] googleapiclient.discovery_cache.autodetect:49 - file_cache is only supported with oauth2client<4.0.0
2025-04-21 14:17:11,661 [INFO] googleapiclient.discovery_cache.autodetect:49 - file_cache is only supported with oauth2client<4.0.0
2025-04-21 14:17:15,984 [INFO] googleapiclient.discovery_cache.autodetect:49 - file_cache is only supported with oauth2client<4.0.0
2025-04-21 14:17:30,927 [INFO] googleapiclient.discovery_cache.autodetect:49 - file_cache is only supported with oauth2client<4.0.0
2025-04-21 14:17:36,129 [INFO] googleapiclient.discovery_cache.autodetect:49 - file_cache is only supported with oauth2client<4.0.0
2025-04-21 14:17:45,558 [INFO] googleapiclient.discovery_cache.autodetect:49 - file_cache is only supported with oauth2client<4.0.0
2025-04-21 14:18:20,118 [INFO] googleapiclient.discovery_cache.autodetect:49 - file_cache is only supported with oauth2client<4.0.0
2025-04-21 14:18:27,434 [INFO] googleapiclient.discovery_cache.autodetect:49 - file_cache is only supported with oauth2client<4.0.0
2025-04-21 14:18:31,222 [INFO] googleapiclient.discovery_cache.autodetect:49 - file_cache is only supported with oauth2client<4.0.0
2025-04-21 14:19:20,232 [INFO] googleapiclient.discovery_cache.autodetect:49 - file_cache is only supported with oauth2client<4.0.0
2025-04-21 14:19:37,406 [INFO] googleapiclient.discovery_cache.autodetect:49 - file_cache is only supported with oauth2client<4.0.0
2025-04-21 14:56:53,347 [INFO] googleapiclient.discovery_cache.autodetect:49 - file_cache is only supported with oauth2client<4.0.0
2025-04-21 14:59:15,321 [INFO] googleapiclient.discovery_cache.autodetect:49 - file_cache is only supported with oauth2client<4.0.0
2025-04-21 14:59:21,255 [INFO] googleapiclient.discovery_cache.autodetect:49 - file_cache is only supported with oauth2client<4.0.0
2025-04-21 14:59:31,637 [INFO] googleapiclient.discovery_cache.autodetect:49 - file_cache is only supported with oauth2client<4.0.0
2025-04-21 14:59:43,193 [INFO] googleapiclient.discovery_cache.autodetect:49 - file_cache is only supported with oauth2client<4.0.0
2025-04-21 15:03:00,953 [INFO] googleapiclient.discovery_cache.autodetect:49 - file_cache is only supported with oauth2client<4.0.0
2025-04-21 15:04:43,321 [INFO] googleapiclient.discovery_cache.autodetect:49 - file_cache is only supported with oauth2client<4.0.0
2025-04-21 15:05:01,166 [INFO] googleapiclient.discovery_cache.autodetect:49 - file_cache is only supported with oauth2client<4.0.0
2025-04-21 15:06:03,372 [INFO] googleapiclient.discovery_cache.autodetect:49 - file_cache is only supported with oauth2client<4.0.0
2025-04-21 15:07:03,146 [INFO] googleapiclient.discovery_cache.autodetect:49 - file_cache is only supported with oauth2client<4.0.0
2025-04-21 15:10:25,686 [INFO] googleapiclient.discovery_cache.autodetect:49 - file_cache is only supported with oauth2client<4.0.0
2025-04-21 15:11:28,889 [INFO] googleapiclient.discovery_cache.autodetect:49 - file_cache is only supported with oauth2client<4.0.0
2025-04-21 15:11:55,821 [ERROR] django.request.log_response:241 - Internal Server Error: /admin_accord_remboursement
Traceback (most recent call last):
  File "C:\Education\Appligne\div\Appligne\venv\Lib\site-packages\django\core\handlers\exception.py", line 55, in inner
    response = get_response(request)
               ^^^^^^^^^^^^^^^^^^^^^
  File "C:\Education\Appligne\div\Appligne\venv\Lib\site-packages\django\core\handlers\base.py", line 197, in _get_response
    response = wrapped_callback(request, *callback_args, **callback_kwargs)
               ^^^^^^^^^^^^^^^^^^^^^^^^^^^^^^^^^^^^^^^^^^^^^^^^^^^^^^^^^^^^
  File "C:\Education\Appligne\div\Appligne\venv\Lib\site-packages\django\contrib\auth\decorators.py", line 23, in _wrapper_view
    return view_func(request, *args, **kwargs)
           ^^^^^^^^^^^^^^^^^^^^^^^^^^^^^^^^^^^
  File "C:\Education\Appligne\div\Appligne\pages\views.py", line 3830, in admin_accord_remboursement
    texte = f"\nRèglement prévu le:\t\t{date_request.strftime('%d/%m/%Y')}\n\nListe des paiements des élèves:\nDate paiement\tPaiement\n"
                                        ^^^^^^^^^^^^^^^^^^^^^
AttributeError: 'str' object has no attribute 'strftime'
2025-04-21 15:11:55,827 [ERROR] django.server.log_message:212 - "POST /admin_accord_remboursement HTTP/1.1" 500 81264
2025-04-21 15:17:55,554 [INFO] googleapiclient.discovery_cache.autodetect:49 - file_cache is only supported with oauth2client<4.0.0
2025-04-21 15:18:09,105 [INFO] googleapiclient.discovery_cache.autodetect:49 - file_cache is only supported with oauth2client<4.0.0
2025-04-21 15:21:30,840 [INFO] googleapiclient.discovery_cache.autodetect:49 - file_cache is only supported with oauth2client<4.0.0
2025-04-21 15:21:37,278 [ERROR] django.request.log_response:241 - Internal Server Error: /admin_accord_remboursement
Traceback (most recent call last):
  File "C:\Education\Appligne\div\Appligne\venv\Lib\site-packages\django\core\handlers\exception.py", line 55, in inner
    response = get_response(request)
               ^^^^^^^^^^^^^^^^^^^^^
  File "C:\Education\Appligne\div\Appligne\venv\Lib\site-packages\django\core\handlers\base.py", line 197, in _get_response
    response = wrapped_callback(request, *callback_args, **callback_kwargs)
               ^^^^^^^^^^^^^^^^^^^^^^^^^^^^^^^^^^^^^^^^^^^^^^^^^^^^^^^^^^^^
  File "C:\Education\Appligne\div\Appligne\venv\Lib\site-packages\django\contrib\auth\decorators.py", line 23, in _wrapper_view
    return view_func(request, *args, **kwargs)
           ^^^^^^^^^^^^^^^^^^^^^^^^^^^^^^^^^^^
  File "C:\Education\Appligne\div\Appligne\pages\views.py", line 3832, in admin_accord_remboursement
    if date_versement.strftime('%d/%m/%Y') ==date_request:
       ^^^^^^^^^^^^^^^^^^^^^^^
AttributeError: 'str' object has no attribute 'strftime'
2025-04-21 15:21:37,281 [ERROR] django.server.log_message:212 - "POST /admin_accord_remboursement HTTP/1.1" 500 81767
2025-04-21 15:22:13,663 [INFO] googleapiclient.discovery_cache.autodetect:49 - file_cache is only supported with oauth2client<4.0.0
2025-04-21 15:25:07,934 [INFO] googleapiclient.discovery_cache.autodetect:49 - file_cache is only supported with oauth2client<4.0.0
2025-04-21 15:25:12,562 [INFO] googleapiclient.discovery_cache.autodetect:49 - file_cache is only supported with oauth2client<4.0.0
2025-04-21 15:25:54,917 [INFO] googleapiclient.discovery_cache.autodetect:49 - file_cache is only supported with oauth2client<4.0.0
2025-04-21 15:26:07,487 [INFO] googleapiclient.discovery_cache.autodetect:49 - file_cache is only supported with oauth2client<4.0.0
2025-04-21 15:27:22,234 [INFO] googleapiclient.discovery_cache.autodetect:49 - file_cache is only supported with oauth2client<4.0.0
2025-04-21 15:29:40,661 [INFO] googleapiclient.discovery_cache.autodetect:49 - file_cache is only supported with oauth2client<4.0.0
2025-04-21 15:29:45,650 [INFO] googleapiclient.discovery_cache.autodetect:49 - file_cache is only supported with oauth2client<4.0.0
2025-04-21 15:30:06,673 [INFO] googleapiclient.discovery_cache.autodetect:49 - file_cache is only supported with oauth2client<4.0.0
2025-04-21 15:30:10,892 [INFO] googleapiclient.discovery_cache.autodetect:49 - file_cache is only supported with oauth2client<4.0.0
2025-04-21 15:30:15,076 [INFO] googleapiclient.discovery_cache.autodetect:49 - file_cache is only supported with oauth2client<4.0.0
2025-04-21 15:30:25,930 [INFO] googleapiclient.discovery_cache.autodetect:49 - file_cache is only supported with oauth2client<4.0.0
2025-04-21 15:30:30,715 [INFO] googleapiclient.discovery_cache.autodetect:49 - file_cache is only supported with oauth2client<4.0.0
2025-04-21 15:30:40,542 [INFO] googleapiclient.discovery_cache.autodetect:49 - file_cache is only supported with oauth2client<4.0.0
2025-04-21 15:32:33,659 [INFO] googleapiclient.discovery_cache.autodetect:49 - file_cache is only supported with oauth2client<4.0.0
2025-04-21 15:32:38,166 [INFO] googleapiclient.discovery_cache.autodetect:49 - file_cache is only supported with oauth2client<4.0.0
2025-04-21 15:32:55,095 [INFO] googleapiclient.discovery_cache.autodetect:49 - file_cache is only supported with oauth2client<4.0.0
2025-04-21 15:45:05,547 [INFO] googleapiclient.discovery_cache.autodetect:49 - file_cache is only supported with oauth2client<4.0.0
2025-04-21 15:45:16,959 [INFO] googleapiclient.discovery_cache.autodetect:49 - file_cache is only supported with oauth2client<4.0.0
2025-04-21 15:45:32,684 [INFO] googleapiclient.discovery_cache.autodetect:49 - file_cache is only supported with oauth2client<4.0.0
2025-04-21 15:45:41,480 [INFO] googleapiclient.discovery_cache.autodetect:49 - file_cache is only supported with oauth2client<4.0.0
2025-04-21 15:45:48,043 [INFO] googleapiclient.discovery_cache.autodetect:49 - file_cache is only supported with oauth2client<4.0.0
2025-04-21 15:45:54,452 [INFO] googleapiclient.discovery_cache.autodetect:49 - file_cache is only supported with oauth2client<4.0.0
2025-04-21 15:46:05,747 [INFO] googleapiclient.discovery_cache.autodetect:49 - file_cache is only supported with oauth2client<4.0.0
2025-04-21 15:46:35,178 [INFO] googleapiclient.discovery_cache.autodetect:49 - file_cache is only supported with oauth2client<4.0.0
2025-04-21 15:46:41,962 [INFO] googleapiclient.discovery_cache.autodetect:49 - file_cache is only supported with oauth2client<4.0.0
2025-04-21 15:46:55,740 [INFO] googleapiclient.discovery_cache.autodetect:49 - file_cache is only supported with oauth2client<4.0.0
