2025-04-06 03:18:39,722 [INFO] googleapiclient.discovery_cache.autodetect:49 - file_cache is only supported with oauth2client<4.0.0
2025-04-06 03:47:32,709 [INFO] googleapiclient.discovery_cache.autodetect:49 - file_cache is only supported with oauth2client<4.0.0
2025-04-06 03:47:42,437 [INFO] googleapiclient.discovery_cache.autodetect:49 - file_cache is only supported with oauth2client<4.0.0
2025-04-06 03:48:20,383 [INFO] googleapiclient.discovery_cache.autodetect:49 - file_cache is only supported with oauth2client<4.0.0
2025-04-06 03:48:25,895 [INFO] googleapiclient.discovery_cache.autodetect:49 - file_cache is only supported with oauth2client<4.0.0
2025-04-06 03:48:34,376 [INFO] googleapiclient.discovery_cache.autodetect:49 - file_cache is only supported with oauth2client<4.0.0
2025-04-06 03:48:38,239 [INFO] googleapiclient.discovery_cache.autodetect:49 - file_cache is only supported with oauth2client<4.0.0
2025-04-06 03:48:42,100 [INFO] googleapiclient.discovery_cache.autodetect:49 - file_cache is only supported with oauth2client<4.0.0
2025-04-06 03:51:59,493 [INFO] googleapiclient.discovery_cache.autodetect:49 - file_cache is only supported with oauth2client<4.0.0
2025-04-06 03:52:29,519 [INFO] googleapiclient.discovery_cache.autodetect:49 - file_cache is only supported with oauth2client<4.0.0
2025-04-06 03:52:39,620 [INFO] googleapiclient.discovery_cache.autodetect:49 - file_cache is only supported with oauth2client<4.0.0
2025-04-06 03:53:44,242 [INFO] googleapiclient.discovery_cache.autodetect:49 - file_cache is only supported with oauth2client<4.0.0
2025-04-06 03:53:49,915 [INFO] googleapiclient.discovery_cache.autodetect:49 - file_cache is only supported with oauth2client<4.0.0
2025-04-06 03:54:56,694 [INFO] googleapiclient.discovery_cache.autodetect:49 - file_cache is only supported with oauth2client<4.0.0
2025-04-06 03:56:48,193 [INFO] googleapiclient.discovery_cache.autodetect:49 - file_cache is only supported with oauth2client<4.0.0
2025-04-06 03:57:01,983 [INFO] googleapiclient.discovery_cache.autodetect:49 - file_cache is only supported with oauth2client<4.0.0
2025-04-06 04:10:03,020 [INFO] googleapiclient.discovery_cache.autodetect:49 - file_cache is only supported with oauth2client<4.0.0
2025-04-06 04:10:11,795 [INFO] googleapiclient.discovery_cache.autodetect:49 - file_cache is only supported with oauth2client<4.0.0
2025-04-06 04:10:38,055 [INFO] googleapiclient.discovery_cache.autodetect:49 - file_cache is only supported with oauth2client<4.0.0
2025-04-06 04:10:42,661 [INFO] googleapiclient.discovery_cache.autodetect:49 - file_cache is only supported with oauth2client<4.0.0
2025-04-06 04:10:51,441 [INFO] googleapiclient.discovery_cache.autodetect:49 - file_cache is only supported with oauth2client<4.0.0
2025-04-06 04:11:29,530 [INFO] googleapiclient.discovery_cache.autodetect:49 - file_cache is only supported with oauth2client<4.0.0
2025-04-06 04:11:46,677 [INFO] googleapiclient.discovery_cache.autodetect:49 - file_cache is only supported with oauth2client<4.0.0
2025-04-06 04:13:56,881 [INFO] googleapiclient.discovery_cache.autodetect:49 - file_cache is only supported with oauth2client<4.0.0
2025-04-06 04:14:49,989 [INFO] googleapiclient.discovery_cache.autodetect:49 - file_cache is only supported with oauth2client<4.0.0
2025-04-06 04:15:09,751 [INFO] googleapiclient.discovery_cache.autodetect:49 - file_cache is only supported with oauth2client<4.0.0
2025-04-06 04:26:18,135 [INFO] googleapiclient.discovery_cache.autodetect:49 - file_cache is only supported with oauth2client<4.0.0
2025-04-06 04:31:54,562 [INFO] googleapiclient.discovery_cache.autodetect:49 - file_cache is only supported with oauth2client<4.0.0
2025-04-06 04:31:59,630 [INFO] googleapiclient.discovery_cache.autodetect:49 - file_cache is only supported with oauth2client<4.0.0
2025-04-06 04:33:02,855 [INFO] googleapiclient.discovery_cache.autodetect:49 - file_cache is only supported with oauth2client<4.0.0
2025-04-06 04:33:08,608 [INFO] googleapiclient.discovery_cache.autodetect:49 - file_cache is only supported with oauth2client<4.0.0
2025-04-06 04:33:13,005 [INFO] googleapiclient.discovery_cache.autodetect:49 - file_cache is only supported with oauth2client<4.0.0
2025-04-06 04:33:29,803 [INFO] googleapiclient.discovery_cache.autodetect:49 - file_cache is only supported with oauth2client<4.0.0
2025-04-06 04:33:38,969 [INFO] googleapiclient.discovery_cache.autodetect:49 - file_cache is only supported with oauth2client<4.0.0
2025-04-06 04:33:42,418 [INFO] googleapiclient.discovery_cache.autodetect:49 - file_cache is only supported with oauth2client<4.0.0
2025-04-06 04:33:47,959 [INFO] googleapiclient.discovery_cache.autodetect:49 - file_cache is only supported with oauth2client<4.0.0
2025-04-06 04:33:52,540 [INFO] googleapiclient.discovery_cache.autodetect:49 - file_cache is only supported with oauth2client<4.0.0
2025-04-06 04:35:35,997 [INFO] googleapiclient.discovery_cache.autodetect:49 - file_cache is only supported with oauth2client<4.0.0
2025-04-06 04:35:50,111 [INFO] googleapiclient.discovery_cache.autodetect:49 - file_cache is only supported with oauth2client<4.0.0
2025-04-06 04:36:19,455 [INFO] googleapiclient.discovery_cache.autodetect:49 - file_cache is only supported with oauth2client<4.0.0
2025-04-06 04:38:11,373 [INFO] googleapiclient.discovery_cache.autodetect:49 - file_cache is only supported with oauth2client<4.0.0
2025-04-06 04:38:32,010 [INFO] googleapiclient.discovery_cache.autodetect:49 - file_cache is only supported with oauth2client<4.0.0
2025-04-06 04:38:47,233 [INFO] googleapiclient.discovery_cache.autodetect:49 - file_cache is only supported with oauth2client<4.0.0
2025-04-06 04:39:40,977 [INFO] googleapiclient.discovery_cache.autodetect:49 - file_cache is only supported with oauth2client<4.0.0
2025-04-06 04:39:46,127 [INFO] googleapiclient.discovery_cache.autodetect:49 - file_cache is only supported with oauth2client<4.0.0
2025-04-06 04:39:53,253 [INFO] googleapiclient.discovery_cache.autodetect:49 - file_cache is only supported with oauth2client<4.0.0
2025-04-06 04:40:05,844 [INFO] googleapiclient.discovery_cache.autodetect:49 - file_cache is only supported with oauth2client<4.0.0
2025-04-06 04:40:11,955 [INFO] googleapiclient.discovery_cache.autodetect:49 - file_cache is only supported with oauth2client<4.0.0
2025-04-06 04:40:39,704 [INFO] googleapiclient.discovery_cache.autodetect:49 - file_cache is only supported with oauth2client<4.0.0
2025-04-06 04:40:43,186 [INFO] googleapiclient.discovery_cache.autodetect:49 - file_cache is only supported with oauth2client<4.0.0
2025-04-06 04:46:05,136 [INFO] googleapiclient.discovery_cache.autodetect:49 - file_cache is only supported with oauth2client<4.0.0
2025-04-06 04:46:12,068 [INFO] googleapiclient.discovery_cache.autodetect:49 - file_cache is only supported with oauth2client<4.0.0
2025-04-06 04:46:36,965 [INFO] googleapiclient.discovery_cache.autodetect:49 - file_cache is only supported with oauth2client<4.0.0
2025-04-06 04:46:58,560 [INFO] googleapiclient.discovery_cache.autodetect:49 - file_cache is only supported with oauth2client<4.0.0
2025-04-06 04:47:03,817 [INFO] googleapiclient.discovery_cache.autodetect:49 - file_cache is only supported with oauth2client<4.0.0
2025-04-06 04:47:09,631 [INFO] googleapiclient.discovery_cache.autodetect:49 - file_cache is only supported with oauth2client<4.0.0
2025-04-06 04:48:19,608 [INFO] googleapiclient.discovery_cache.autodetect:49 - file_cache is only supported with oauth2client<4.0.0
2025-04-06 04:48:31,422 [INFO] googleapiclient.discovery_cache.autodetect:49 - file_cache is only supported with oauth2client<4.0.0
2025-04-06 04:49:06,820 [INFO] googleapiclient.discovery_cache.autodetect:49 - file_cache is only supported with oauth2client<4.0.0
2025-04-06 04:49:20,776 [INFO] googleapiclient.discovery_cache.autodetect:49 - file_cache is only supported with oauth2client<4.0.0
2025-04-06 04:49:31,158 [INFO] googleapiclient.discovery_cache.autodetect:49 - file_cache is only supported with oauth2client<4.0.0
2025-04-06 04:49:44,596 [INFO] googleapiclient.discovery_cache.autodetect:49 - file_cache is only supported with oauth2client<4.0.0
2025-04-06 04:49:51,888 [INFO] googleapiclient.discovery_cache.autodetect:49 - file_cache is only supported with oauth2client<4.0.0
2025-04-06 04:50:19,496 [INFO] googleapiclient.discovery_cache.autodetect:49 - file_cache is only supported with oauth2client<4.0.0
2025-04-06 04:50:25,699 [INFO] googleapiclient.discovery_cache.autodetect:49 - file_cache is only supported with oauth2client<4.0.0
2025-04-06 04:50:31,669 [INFO] googleapiclient.discovery_cache.autodetect:49 - file_cache is only supported with oauth2client<4.0.0
2025-04-06 04:50:40,696 [INFO] googleapiclient.discovery_cache.autodetect:49 - file_cache is only supported with oauth2client<4.0.0
2025-04-06 04:53:24,320 [INFO] googleapiclient.discovery_cache.autodetect:49 - file_cache is only supported with oauth2client<4.0.0
2025-04-06 04:53:41,916 [INFO] googleapiclient.discovery_cache.autodetect:49 - file_cache is only supported with oauth2client<4.0.0
2025-04-06 04:53:47,096 [INFO] googleapiclient.discovery_cache.autodetect:49 - file_cache is only supported with oauth2client<4.0.0
2025-04-06 04:53:50,751 [INFO] googleapiclient.discovery_cache.autodetect:49 - file_cache is only supported with oauth2client<4.0.0
2025-04-06 04:54:05,489 [INFO] googleapiclient.discovery_cache.autodetect:49 - file_cache is only supported with oauth2client<4.0.0
2025-04-06 04:54:09,085 [INFO] googleapiclient.discovery_cache.autodetect:49 - file_cache is only supported with oauth2client<4.0.0
2025-04-06 04:54:48,410 [ERROR] django.request.log_response:241 - Internal Server Error: /admin_liste_email_recu
Traceback (most recent call last):
  File "C:\Education\Appligne\div\Appligne\venv\Lib\site-packages\django\core\handlers\exception.py", line 55, in inner
    response = get_response(request)
               ^^^^^^^^^^^^^^^^^^^^^
  File "C:\Education\Appligne\div\Appligne\venv\Lib\site-packages\django\core\handlers\base.py", line 197, in _get_response
    response = wrapped_callback(request, *callback_args, **callback_kwargs)
               ^^^^^^^^^^^^^^^^^^^^^^^^^^^^^^^^^^^^^^^^^^^^^^^^^^^^^^^^^^^^
  File "C:\Education\Appligne\div\Appligne\venv\Lib\site-packages\django\contrib\auth\decorators.py", line 23, in _wrapper_view
    return view_func(request, *args, **kwargs)
           ^^^^^^^^^^^^^^^^^^^^^^^^^^^^^^^^^^^
  File "C:\Education\Appligne\div\Appligne\pages\views.py", line 1635, in admin_liste_email_recu
    return render(request, 'pages/admin_liste_email_recu.html', context)
           ^^^^^^^^^^^^^^^^^^^^^^^^^^^^^^^^^^^^^^^^^^^^^^^^^^^^^^^^^^^^^
  File "C:\Education\Appligne\div\Appligne\venv\Lib\site-packages\django\shortcuts.py", line 24, in render
    content = loader.render_to_string(template_name, context, request, using=using)
              ^^^^^^^^^^^^^^^^^^^^^^^^^^^^^^^^^^^^^^^^^^^^^^^^^^^^^^^^^^^^^^^^^^^^^
  File "C:\Education\Appligne\div\Appligne\venv\Lib\site-packages\django\template\loader.py", line 62, in render_to_string
    return template.render(context, request)
           ^^^^^^^^^^^^^^^^^^^^^^^^^^^^^^^^^
  File "C:\Education\Appligne\div\Appligne\venv\Lib\site-packages\django\template\backends\django.py", line 61, in render
    return self.template.render(context)
           ^^^^^^^^^^^^^^^^^^^^^^^^^^^^^
  File "C:\Education\Appligne\div\Appligne\venv\Lib\site-packages\django\template\base.py", line 171, in render
    return self._render(context)
           ^^^^^^^^^^^^^^^^^^^^^
  File "C:\Education\Appligne\div\Appligne\venv\Lib\site-packages\django\template\base.py", line 163, in _render
    return self.nodelist.render(context)
           ^^^^^^^^^^^^^^^^^^^^^^^^^^^^^
  File "C:\Education\Appligne\div\Appligne\venv\Lib\site-packages\django\template\base.py", line 1000, in render
    return SafeString("".join([node.render_annotated(context) for node in self]))
                              ^^^^^^^^^^^^^^^^^^^^^^^^^^^^^^^^^^^^^^^^^^^^^^^^^
  File "C:\Education\Appligne\div\Appligne\venv\Lib\site-packages\django\template\base.py", line 1000, in <listcomp>
    return SafeString("".join([node.render_annotated(context) for node in self]))
                               ^^^^^^^^^^^^^^^^^^^^^^^^^^^^^^
  File "C:\Education\Appligne\div\Appligne\venv\Lib\site-packages\django\template\base.py", line 961, in render_annotated
    return self.render(context)
           ^^^^^^^^^^^^^^^^^^^^
  File "C:\Education\Appligne\div\Appligne\venv\Lib\site-packages\django\template\loader_tags.py", line 159, in render
    return compiled_parent._render(context)
           ^^^^^^^^^^^^^^^^^^^^^^^^^^^^^^^^
  File "C:\Education\Appligne\div\Appligne\venv\Lib\site-packages\django\template\base.py", line 163, in _render
    return self.nodelist.render(context)
           ^^^^^^^^^^^^^^^^^^^^^^^^^^^^^
  File "C:\Education\Appligne\div\Appligne\venv\Lib\site-packages\django\template\base.py", line 1000, in render
    return SafeString("".join([node.render_annotated(context) for node in self]))
                              ^^^^^^^^^^^^^^^^^^^^^^^^^^^^^^^^^^^^^^^^^^^^^^^^^
  File "C:\Education\Appligne\div\Appligne\venv\Lib\site-packages\django\template\base.py", line 1000, in <listcomp>
    return SafeString("".join([node.render_annotated(context) for node in self]))
                               ^^^^^^^^^^^^^^^^^^^^^^^^^^^^^^
  File "C:\Education\Appligne\div\Appligne\venv\Lib\site-packages\django\template\base.py", line 961, in render_annotated
    return self.render(context)
           ^^^^^^^^^^^^^^^^^^^^
  File "C:\Education\Appligne\div\Appligne\venv\Lib\site-packages\django\template\loader_tags.py", line 65, in render
    result = block.nodelist.render(context)
             ^^^^^^^^^^^^^^^^^^^^^^^^^^^^^^
  File "C:\Education\Appligne\div\Appligne\venv\Lib\site-packages\django\template\base.py", line 1000, in render
    return SafeString("".join([node.render_annotated(context) for node in self]))
                              ^^^^^^^^^^^^^^^^^^^^^^^^^^^^^^^^^^^^^^^^^^^^^^^^^
  File "C:\Education\Appligne\div\Appligne\venv\Lib\site-packages\django\template\base.py", line 1000, in <listcomp>
    return SafeString("".join([node.render_annotated(context) for node in self]))
                               ^^^^^^^^^^^^^^^^^^^^^^^^^^^^^^
  File "C:\Education\Appligne\div\Appligne\venv\Lib\site-packages\django\template\base.py", line 961, in render_annotated
    return self.render(context)
           ^^^^^^^^^^^^^^^^^^^^
  File "C:\Education\Appligne\div\Appligne\venv\Lib\site-packages\django\template\defaulttags.py", line 325, in render
    return nodelist.render(context)
           ^^^^^^^^^^^^^^^^^^^^^^^^
  File "C:\Education\Appligne\div\Appligne\venv\Lib\site-packages\django\template\base.py", line 1000, in render
    return SafeString("".join([node.render_annotated(context) for node in self]))
                              ^^^^^^^^^^^^^^^^^^^^^^^^^^^^^^^^^^^^^^^^^^^^^^^^^
  File "C:\Education\Appligne\div\Appligne\venv\Lib\site-packages\django\template\base.py", line 1000, in <listcomp>
    return SafeString("".join([node.render_annotated(context) for node in self]))
                               ^^^^^^^^^^^^^^^^^^^^^^^^^^^^^^
  File "C:\Education\Appligne\div\Appligne\venv\Lib\site-packages\django\template\base.py", line 961, in render_annotated
    return self.render(context)
           ^^^^^^^^^^^^^^^^^^^^
  File "C:\Education\Appligne\div\Appligne\venv\Lib\site-packages\django\template\defaulttags.py", line 241, in render
    nodelist.append(node.render_annotated(context))
                    ^^^^^^^^^^^^^^^^^^^^^^^^^^^^^^
  File "C:\Education\Appligne\div\Appligne\venv\Lib\site-packages\django\template\base.py", line 961, in render_annotated
    return self.render(context)
           ^^^^^^^^^^^^^^^^^^^^
  File "C:\Education\Appligne\div\Appligne\venv\Lib\site-packages\django\template\defaulttags.py", line 478, in render
    url = reverse(view_name, args=args, kwargs=kwargs, current_app=current_app)
          ^^^^^^^^^^^^^^^^^^^^^^^^^^^^^^^^^^^^^^^^^^^^^^^^^^^^^^^^^^^^^^^^^^^^^
  File "C:\Education\Appligne\div\Appligne\venv\Lib\site-packages\django\urls\base.py", line 88, in reverse
    return resolver._reverse_with_prefix(view, prefix, *args, **kwargs)
           ^^^^^^^^^^^^^^^^^^^^^^^^^^^^^^^^^^^^^^^^^^^^^^^^^^^^^^^^^^^^
  File "C:\Education\Appligne\div\Appligne\venv\Lib\site-packages\django\urls\resolvers.py", line 848, in _reverse_with_prefix
    raise NoReverseMatch(msg)
django.urls.exceptions.NoReverseMatch: Reverse for 'admin_detaille_email' with keyword arguments '{'email_id': 558}' not found. 1 pattern(s) tried: ['admin_detaille_email/\\Z']
2025-04-06 04:54:48,430 [ERROR] django.server.log_message:212 - "POST /admin_liste_email_recu HTTP/1.1" 500 250477
2025-04-06 04:57:41,321 [INFO] googleapiclient.discovery_cache.autodetect:49 - file_cache is only supported with oauth2client<4.0.0
2025-04-06 04:58:37,050 [INFO] googleapiclient.discovery_cache.autodetect:49 - file_cache is only supported with oauth2client<4.0.0
2025-04-06 04:59:23,133 [INFO] googleapiclient.discovery_cache.autodetect:49 - file_cache is only supported with oauth2client<4.0.0
2025-04-06 04:59:27,654 [INFO] googleapiclient.discovery_cache.autodetect:49 - file_cache is only supported with oauth2client<4.0.0
2025-04-06 04:59:33,497 [INFO] googleapiclient.discovery_cache.autodetect:49 - file_cache is only supported with oauth2client<4.0.0
2025-04-06 04:59:38,383 [INFO] googleapiclient.discovery_cache.autodetect:49 - file_cache is only supported with oauth2client<4.0.0
2025-04-06 04:59:42,247 [INFO] googleapiclient.discovery_cache.autodetect:49 - file_cache is only supported with oauth2client<4.0.0
2025-04-06 04:59:56,530 [INFO] googleapiclient.discovery_cache.autodetect:49 - file_cache is only supported with oauth2client<4.0.0
2025-04-06 05:00:01,858 [INFO] googleapiclient.discovery_cache.autodetect:49 - file_cache is only supported with oauth2client<4.0.0
2025-04-06 05:00:16,038 [INFO] googleapiclient.discovery_cache.autodetect:49 - file_cache is only supported with oauth2client<4.0.0
2025-04-06 05:00:53,883 [INFO] googleapiclient.discovery_cache.autodetect:49 - file_cache is only supported with oauth2client<4.0.0
2025-04-06 05:00:57,199 [INFO] googleapiclient.discovery_cache.autodetect:49 - file_cache is only supported with oauth2client<4.0.0
2025-04-06 05:01:05,241 [INFO] googleapiclient.discovery_cache.autodetect:49 - file_cache is only supported with oauth2client<4.0.0
2025-04-06 05:01:16,697 [INFO] googleapiclient.discovery_cache.autodetect:49 - file_cache is only supported with oauth2client<4.0.0
2025-04-06 05:01:24,869 [INFO] googleapiclient.discovery_cache.autodetect:49 - file_cache is only supported with oauth2client<4.0.0
2025-04-06 05:01:42,267 [INFO] googleapiclient.discovery_cache.autodetect:49 - file_cache is only supported with oauth2client<4.0.0
2025-04-06 05:01:47,012 [INFO] googleapiclient.discovery_cache.autodetect:49 - file_cache is only supported with oauth2client<4.0.0
2025-04-06 05:01:54,612 [INFO] googleapiclient.discovery_cache.autodetect:49 - file_cache is only supported with oauth2client<4.0.0
2025-04-06 05:04:08,623 [INFO] googleapiclient.discovery_cache.autodetect:49 - file_cache is only supported with oauth2client<4.0.0
2025-04-06 05:04:25,102 [INFO] googleapiclient.discovery_cache.autodetect:49 - file_cache is only supported with oauth2client<4.0.0
2025-04-06 05:05:14,966 [INFO] googleapiclient.discovery_cache.autodetect:49 - file_cache is only supported with oauth2client<4.0.0
2025-04-06 05:07:13,915 [INFO] googleapiclient.discovery_cache.autodetect:49 - file_cache is only supported with oauth2client<4.0.0
2025-04-06 05:07:21,112 [INFO] googleapiclient.discovery_cache.autodetect:49 - file_cache is only supported with oauth2client<4.0.0
2025-04-06 05:07:31,659 [INFO] googleapiclient.discovery_cache.autodetect:49 - file_cache is only supported with oauth2client<4.0.0
2025-04-06 05:07:34,884 [INFO] googleapiclient.discovery_cache.autodetect:49 - file_cache is only supported with oauth2client<4.0.0
2025-04-06 05:07:38,655 [INFO] googleapiclient.discovery_cache.autodetect:49 - file_cache is only supported with oauth2client<4.0.0
2025-04-06 05:07:44,650 [INFO] googleapiclient.discovery_cache.autodetect:49 - file_cache is only supported with oauth2client<4.0.0
2025-04-06 05:07:50,158 [INFO] googleapiclient.discovery_cache.autodetect:49 - file_cache is only supported with oauth2client<4.0.0
2025-04-06 05:07:55,852 [INFO] googleapiclient.discovery_cache.autodetect:49 - file_cache is only supported with oauth2client<4.0.0
2025-04-06 05:08:01,535 [INFO] googleapiclient.discovery_cache.autodetect:49 - file_cache is only supported with oauth2client<4.0.0
2025-04-06 05:08:07,857 [INFO] googleapiclient.discovery_cache.autodetect:49 - file_cache is only supported with oauth2client<4.0.0
2025-04-06 05:08:15,824 [INFO] googleapiclient.discovery_cache.autodetect:49 - file_cache is only supported with oauth2client<4.0.0
2025-04-06 05:08:22,470 [INFO] googleapiclient.discovery_cache.autodetect:49 - file_cache is only supported with oauth2client<4.0.0
2025-04-06 05:08:31,536 [INFO] googleapiclient.discovery_cache.autodetect:49 - file_cache is only supported with oauth2client<4.0.0
2025-04-06 05:08:41,878 [INFO] googleapiclient.discovery_cache.autodetect:49 - file_cache is only supported with oauth2client<4.0.0
2025-04-06 05:08:47,533 [INFO] googleapiclient.discovery_cache.autodetect:49 - file_cache is only supported with oauth2client<4.0.0
2025-04-06 05:09:15,678 [INFO] googleapiclient.discovery_cache.autodetect:49 - file_cache is only supported with oauth2client<4.0.0
2025-04-06 05:09:21,479 [INFO] googleapiclient.discovery_cache.autodetect:49 - file_cache is only supported with oauth2client<4.0.0
2025-04-06 05:11:03,097 [INFO] googleapiclient.discovery_cache.autodetect:49 - file_cache is only supported with oauth2client<4.0.0
2025-04-06 05:11:40,970 [INFO] googleapiclient.discovery_cache.autodetect:49 - file_cache is only supported with oauth2client<4.0.0
2025-04-06 05:13:16,257 [INFO] googleapiclient.discovery_cache.autodetect:49 - file_cache is only supported with oauth2client<4.0.0
2025-04-06 05:14:16,982 [INFO] googleapiclient.discovery_cache.autodetect:49 - file_cache is only supported with oauth2client<4.0.0
2025-04-06 05:14:32,750 [ERROR] django.request.log_response:241 - Internal Server Error: /admin_detaille_email/
Traceback (most recent call last):
  File "C:\Education\Appligne\div\Appligne\venv\Lib\site-packages\django\core\handlers\exception.py", line 55, in inner
    response = get_response(request)
               ^^^^^^^^^^^^^^^^^^^^^
  File "C:\Education\Appligne\div\Appligne\venv\Lib\site-packages\django\core\handlers\base.py", line 197, in _get_response
    response = wrapped_callback(request, *callback_args, **callback_kwargs)
               ^^^^^^^^^^^^^^^^^^^^^^^^^^^^^^^^^^^^^^^^^^^^^^^^^^^^^^^^^^^^
  File "C:\Education\Appligne\div\Appligne\venv\Lib\site-packages\django\contrib\auth\decorators.py", line 23, in _wrapper_view
    return view_func(request, *args, **kwargs)
           ^^^^^^^^^^^^^^^^^^^^^^^^^^^^^^^^^^^
  File "C:\Education\Appligne\div\Appligne\pages\views.py", line 1731, in admin_detaille_email
    return render(request, 'pages/admin_detaille_email.html', context) # Revenir à la même page, le context est nécessaire pout le template
           ^^^^^^^^^^^^^^^^^^^^^^^^^^^^^^^^^^^^^^^^^^^^^^^^^^^^^^^^^^^
  File "C:\Education\Appligne\div\Appligne\venv\Lib\site-packages\django\shortcuts.py", line 24, in render
    content = loader.render_to_string(template_name, context, request, using=using)
              ^^^^^^^^^^^^^^^^^^^^^^^^^^^^^^^^^^^^^^^^^^^^^^^^^^^^^^^^^^^^^^^^^^^^^
  File "C:\Education\Appligne\div\Appligne\venv\Lib\site-packages\django\template\loader.py", line 62, in render_to_string
    return template.render(context, request)
           ^^^^^^^^^^^^^^^^^^^^^^^^^^^^^^^^^
  File "C:\Education\Appligne\div\Appligne\venv\Lib\site-packages\django\template\backends\django.py", line 61, in render
    return self.template.render(context)
           ^^^^^^^^^^^^^^^^^^^^^^^^^^^^^
  File "C:\Education\Appligne\div\Appligne\venv\Lib\site-packages\django\template\base.py", line 171, in render
    return self._render(context)
           ^^^^^^^^^^^^^^^^^^^^^
  File "C:\Education\Appligne\div\Appligne\venv\Lib\site-packages\django\template\base.py", line 163, in _render
    return self.nodelist.render(context)
           ^^^^^^^^^^^^^^^^^^^^^^^^^^^^^
  File "C:\Education\Appligne\div\Appligne\venv\Lib\site-packages\django\template\base.py", line 1000, in render
    return SafeString("".join([node.render_annotated(context) for node in self]))
                              ^^^^^^^^^^^^^^^^^^^^^^^^^^^^^^^^^^^^^^^^^^^^^^^^^
  File "C:\Education\Appligne\div\Appligne\venv\Lib\site-packages\django\template\base.py", line 1000, in <listcomp>
    return SafeString("".join([node.render_annotated(context) for node in self]))
                               ^^^^^^^^^^^^^^^^^^^^^^^^^^^^^^
  File "C:\Education\Appligne\div\Appligne\venv\Lib\site-packages\django\template\base.py", line 961, in render_annotated
    return self.render(context)
           ^^^^^^^^^^^^^^^^^^^^
  File "C:\Education\Appligne\div\Appligne\venv\Lib\site-packages\django\template\loader_tags.py", line 159, in render
    return compiled_parent._render(context)
           ^^^^^^^^^^^^^^^^^^^^^^^^^^^^^^^^
  File "C:\Education\Appligne\div\Appligne\venv\Lib\site-packages\django\template\base.py", line 163, in _render
    return self.nodelist.render(context)
           ^^^^^^^^^^^^^^^^^^^^^^^^^^^^^
  File "C:\Education\Appligne\div\Appligne\venv\Lib\site-packages\django\template\base.py", line 1000, in render
    return SafeString("".join([node.render_annotated(context) for node in self]))
                              ^^^^^^^^^^^^^^^^^^^^^^^^^^^^^^^^^^^^^^^^^^^^^^^^^
  File "C:\Education\Appligne\div\Appligne\venv\Lib\site-packages\django\template\base.py", line 1000, in <listcomp>
    return SafeString("".join([node.render_annotated(context) for node in self]))
                               ^^^^^^^^^^^^^^^^^^^^^^^^^^^^^^
  File "C:\Education\Appligne\div\Appligne\venv\Lib\site-packages\django\template\base.py", line 961, in render_annotated
    return self.render(context)
           ^^^^^^^^^^^^^^^^^^^^
  File "C:\Education\Appligne\div\Appligne\venv\Lib\site-packages\django\template\loader_tags.py", line 65, in render
    result = block.nodelist.render(context)
             ^^^^^^^^^^^^^^^^^^^^^^^^^^^^^^
  File "C:\Education\Appligne\div\Appligne\venv\Lib\site-packages\django\template\base.py", line 1000, in render
    return SafeString("".join([node.render_annotated(context) for node in self]))
                              ^^^^^^^^^^^^^^^^^^^^^^^^^^^^^^^^^^^^^^^^^^^^^^^^^
  File "C:\Education\Appligne\div\Appligne\venv\Lib\site-packages\django\template\base.py", line 1000, in <listcomp>
    return SafeString("".join([node.render_annotated(context) for node in self]))
                               ^^^^^^^^^^^^^^^^^^^^^^^^^^^^^^
  File "C:\Education\Appligne\div\Appligne\venv\Lib\site-packages\django\template\base.py", line 961, in render_annotated
    return self.render(context)
           ^^^^^^^^^^^^^^^^^^^^
  File "C:\Education\Appligne\div\Appligne\venv\Lib\site-packages\django\template\defaulttags.py", line 478, in render
    url = reverse(view_name, args=args, kwargs=kwargs, current_app=current_app)
          ^^^^^^^^^^^^^^^^^^^^^^^^^^^^^^^^^^^^^^^^^^^^^^^^^^^^^^^^^^^^^^^^^^^^^
  File "C:\Education\Appligne\div\Appligne\venv\Lib\site-packages\django\urls\base.py", line 88, in reverse
    return resolver._reverse_with_prefix(view, prefix, *args, **kwargs)
           ^^^^^^^^^^^^^^^^^^^^^^^^^^^^^^^^^^^^^^^^^^^^^^^^^^^^^^^^^^^^
  File "C:\Education\Appligne\div\Appligne\venv\Lib\site-packages\django\urls\resolvers.py", line 848, in _reverse_with_prefix
    raise NoReverseMatch(msg)
django.urls.exceptions.NoReverseMatch: Reverse for 'admin_reponse_email' with keyword arguments '{'email_id': ''}' not found. 1 pattern(s) tried: ['admin_reponse_email/(?P<email_id>[0-9]+)/\\Z']
2025-04-06 05:14:32,750 [ERROR] django.server.log_message:212 - "GET /admin_detaille_email/ HTTP/1.1" 500 184967
2025-04-06 05:29:32,390 [INFO] googleapiclient.discovery_cache.autodetect:49 - file_cache is only supported with oauth2client<4.0.0
2025-04-06 05:38:56,861 [INFO] googleapiclient.discovery_cache.autodetect:49 - file_cache is only supported with oauth2client<4.0.0
2025-04-06 05:39:13,307 [INFO] googleapiclient.discovery_cache.autodetect:49 - file_cache is only supported with oauth2client<4.0.0
2025-04-06 05:39:17,685 [INFO] googleapiclient.discovery_cache.autodetect:49 - file_cache is only supported with oauth2client<4.0.0
2025-04-06 05:45:44,498 [INFO] googleapiclient.discovery_cache.autodetect:49 - file_cache is only supported with oauth2client<4.0.0
2025-04-06 05:45:49,093 [INFO] googleapiclient.discovery_cache.autodetect:49 - file_cache is only supported with oauth2client<4.0.0
2025-04-06 05:47:32,047 [INFO] googleapiclient.discovery_cache.autodetect:49 - file_cache is only supported with oauth2client<4.0.0
2025-04-06 05:49:05,906 [INFO] googleapiclient.discovery_cache.autodetect:49 - file_cache is only supported with oauth2client<4.0.0
2025-04-06 05:49:31,514 [INFO] googleapiclient.discovery_cache.autodetect:49 - file_cache is only supported with oauth2client<4.0.0
2025-04-06 05:49:50,931 [INFO] googleapiclient.discovery_cache.autodetect:49 - file_cache is only supported with oauth2client<4.0.0
2025-04-06 05:49:58,126 [INFO] googleapiclient.discovery_cache.autodetect:49 - file_cache is only supported with oauth2client<4.0.0
2025-04-06 05:50:05,759 [INFO] googleapiclient.discovery_cache.autodetect:49 - file_cache is only supported with oauth2client<4.0.0
2025-04-06 05:54:26,964 [INFO] googleapiclient.discovery_cache.autodetect:49 - file_cache is only supported with oauth2client<4.0.0
2025-04-06 05:54:40,293 [INFO] googleapiclient.discovery_cache.autodetect:49 - file_cache is only supported with oauth2client<4.0.0
2025-04-06 05:55:15,124 [INFO] googleapiclient.discovery_cache.autodetect:49 - file_cache is only supported with oauth2client<4.0.0
2025-04-06 05:55:37,977 [INFO] googleapiclient.discovery_cache.autodetect:49 - file_cache is only supported with oauth2client<4.0.0
2025-04-06 05:55:43,896 [INFO] googleapiclient.discovery_cache.autodetect:49 - file_cache is only supported with oauth2client<4.0.0
2025-04-06 05:55:48,023 [INFO] googleapiclient.discovery_cache.autodetect:49 - file_cache is only supported with oauth2client<4.0.0
2025-04-06 06:01:05,853 [INFO] googleapiclient.discovery_cache.autodetect:49 - file_cache is only supported with oauth2client<4.0.0
2025-04-06 06:01:31,576 [INFO] googleapiclient.discovery_cache.autodetect:49 - file_cache is only supported with oauth2client<4.0.0
2025-04-06 06:02:00,770 [INFO] googleapiclient.discovery_cache.autodetect:49 - file_cache is only supported with oauth2client<4.0.0
2025-04-06 06:07:01,095 [INFO] googleapiclient.discovery_cache.autodetect:49 - file_cache is only supported with oauth2client<4.0.0
2025-04-06 06:07:16,677 [INFO] googleapiclient.discovery_cache.autodetect:49 - file_cache is only supported with oauth2client<4.0.0
2025-04-06 06:07:24,101 [INFO] googleapiclient.discovery_cache.autodetect:49 - file_cache is only supported with oauth2client<4.0.0
2025-04-06 06:07:28,990 [INFO] googleapiclient.discovery_cache.autodetect:49 - file_cache is only supported with oauth2client<4.0.0
2025-04-06 06:07:33,479 [INFO] googleapiclient.discovery_cache.autodetect:49 - file_cache is only supported with oauth2client<4.0.0
2025-04-06 06:07:38,526 [INFO] googleapiclient.discovery_cache.autodetect:49 - file_cache is only supported with oauth2client<4.0.0
2025-04-06 06:07:47,359 [INFO] googleapiclient.discovery_cache.autodetect:49 - file_cache is only supported with oauth2client<4.0.0
2025-04-06 06:08:00,501 [INFO] googleapiclient.discovery_cache.autodetect:49 - file_cache is only supported with oauth2client<4.0.0
2025-04-06 06:08:27,332 [INFO] googleapiclient.discovery_cache.autodetect:49 - file_cache is only supported with oauth2client<4.0.0
2025-04-06 06:08:48,813 [INFO] googleapiclient.discovery_cache.autodetect:49 - file_cache is only supported with oauth2client<4.0.0
2025-04-06 06:15:22,907 [INFO] googleapiclient.discovery_cache.autodetect:49 - file_cache is only supported with oauth2client<4.0.0
2025-04-06 06:15:27,836 [INFO] googleapiclient.discovery_cache.autodetect:49 - file_cache is only supported with oauth2client<4.0.0
2025-04-06 06:15:54,068 [INFO] googleapiclient.discovery_cache.autodetect:49 - file_cache is only supported with oauth2client<4.0.0
2025-04-06 06:16:45,320 [INFO] googleapiclient.discovery_cache.autodetect:49 - file_cache is only supported with oauth2client<4.0.0
2025-04-06 06:16:54,301 [INFO] googleapiclient.discovery_cache.autodetect:49 - file_cache is only supported with oauth2client<4.0.0
2025-04-06 06:17:11,547 [INFO] googleapiclient.discovery_cache.autodetect:49 - file_cache is only supported with oauth2client<4.0.0
2025-04-06 06:17:36,196 [INFO] googleapiclient.discovery_cache.autodetect:49 - file_cache is only supported with oauth2client<4.0.0
2025-04-06 06:23:23,128 [INFO] googleapiclient.discovery_cache.autodetect:49 - file_cache is only supported with oauth2client<4.0.0
2025-04-06 06:23:27,852 [INFO] googleapiclient.discovery_cache.autodetect:49 - file_cache is only supported with oauth2client<4.0.0
2025-04-06 06:23:31,542 [INFO] googleapiclient.discovery_cache.autodetect:49 - file_cache is only supported with oauth2client<4.0.0
2025-04-06 06:23:37,459 [INFO] googleapiclient.discovery_cache.autodetect:49 - file_cache is only supported with oauth2client<4.0.0
2025-04-06 06:23:42,110 [INFO] googleapiclient.discovery_cache.autodetect:49 - file_cache is only supported with oauth2client<4.0.0
2025-04-06 06:23:46,191 [INFO] googleapiclient.discovery_cache.autodetect:49 - file_cache is only supported with oauth2client<4.0.0
2025-04-06 06:23:52,136 [INFO] googleapiclient.discovery_cache.autodetect:49 - file_cache is only supported with oauth2client<4.0.0
2025-04-06 06:24:02,939 [INFO] googleapiclient.discovery_cache.autodetect:49 - file_cache is only supported with oauth2client<4.0.0
2025-04-06 06:38:16,327 [ERROR] django.request.log_response:241 - Internal Server Error: /admin_detaille_email
Traceback (most recent call last):
  File "C:\Education\Appligne\div\Appligne\venv\Lib\site-packages\django\core\handlers\exception.py", line 55, in inner
    response = get_response(request)
               ^^^^^^^^^^^^^^^^^^^^^
  File "C:\Education\Appligne\div\Appligne\venv\Lib\site-packages\django\core\handlers\base.py", line 197, in _get_response
    response = wrapped_callback(request, *callback_args, **callback_kwargs)
               ^^^^^^^^^^^^^^^^^^^^^^^^^^^^^^^^^^^^^^^^^^^^^^^^^^^^^^^^^^^^
  File "C:\Education\Appligne\div\Appligne\venv\Lib\site-packages\django\contrib\auth\decorators.py", line 23, in _wrapper_view
    return view_func(request, *args, **kwargs)
           ^^^^^^^^^^^^^^^^^^^^^^^^^^^^^^^^^^^
  File "C:\Education\Appligne\div\Appligne\pages\views.py", line 1715, in admin_detaille_email
    return redirect(reverse('admin_detaille_email', args=[email.reponse_email_id])) # -	ça marche très bien
                    ^^^^^^^^^^^^^^^^^^^^^^^^^^^^^^^^^^^^^^^^^^^^^^^^^^^^^^^^^^^^^^
  File "C:\Education\Appligne\div\Appligne\venv\Lib\site-packages\django\urls\base.py", line 88, in reverse
    return resolver._reverse_with_prefix(view, prefix, *args, **kwargs)
           ^^^^^^^^^^^^^^^^^^^^^^^^^^^^^^^^^^^^^^^^^^^^^^^^^^^^^^^^^^^^
  File "C:\Education\Appligne\div\Appligne\venv\Lib\site-packages\django\urls\resolvers.py", line 848, in _reverse_with_prefix
    raise NoReverseMatch(msg)
django.urls.exceptions.NoReverseMatch: Reverse for 'admin_detaille_email' with arguments '(567,)' not found. 1 pattern(s) tried: ['admin_detaille_email\\Z']
2025-04-06 06:38:16,327 [ERROR] django.server.log_message:212 - "POST /admin_detaille_email HTTP/1.1" 500 90139
2025-04-06 06:44:15,097 [ERROR] django.request.log_response:241 - Internal Server Error: /admin_detaille_email
Traceback (most recent call last):
  File "C:\Education\Appligne\div\Appligne\venv\Lib\site-packages\django\core\handlers\exception.py", line 55, in inner
    response = get_response(request)
               ^^^^^^^^^^^^^^^^^^^^^
  File "C:\Education\Appligne\div\Appligne\venv\Lib\site-packages\django\core\handlers\base.py", line 197, in _get_response
    response = wrapped_callback(request, *callback_args, **callback_kwargs)
               ^^^^^^^^^^^^^^^^^^^^^^^^^^^^^^^^^^^^^^^^^^^^^^^^^^^^^^^^^^^^
  File "C:\Education\Appligne\div\Appligne\venv\Lib\site-packages\django\contrib\auth\decorators.py", line 23, in _wrapper_view
    return view_func(request, *args, **kwargs)
           ^^^^^^^^^^^^^^^^^^^^^^^^^^^^^^^^^^^
  File "C:\Education\Appligne\div\Appligne\pages\views.py", line 1715, in admin_detaille_email
    return redirect(reverse('admin_detaille_email', args=[email.reponse_email_id])) # -	ça marche très bien
                    ^^^^^^^^^^^^^^^^^^^^^^^^^^^^^^^^^^^^^^^^^^^^^^^^^^^^^^^^^^^^^^
  File "C:\Education\Appligne\div\Appligne\venv\Lib\site-packages\django\urls\base.py", line 88, in reverse
    return resolver._reverse_with_prefix(view, prefix, *args, **kwargs)
           ^^^^^^^^^^^^^^^^^^^^^^^^^^^^^^^^^^^^^^^^^^^^^^^^^^^^^^^^^^^^
  File "C:\Education\Appligne\div\Appligne\venv\Lib\site-packages\django\urls\resolvers.py", line 848, in _reverse_with_prefix
    raise NoReverseMatch(msg)
django.urls.exceptions.NoReverseMatch: Reverse for 'admin_detaille_email' with arguments '(567,)' not found. 1 pattern(s) tried: ['admin_detaille_email\\Z']
2025-04-06 06:44:15,099 [ERROR] django.server.log_message:212 - "POST /admin_detaille_email HTTP/1.1" 500 90139
2025-04-06 06:47:41,044 [INFO] googleapiclient.discovery_cache.autodetect:49 - file_cache is only supported with oauth2client<4.0.0
2025-04-06 06:47:56,196 [INFO] googleapiclient.discovery_cache.autodetect:49 - file_cache is only supported with oauth2client<4.0.0
2025-04-06 06:48:01,835 [INFO] googleapiclient.discovery_cache.autodetect:49 - file_cache is only supported with oauth2client<4.0.0
2025-04-06 06:48:06,447 [INFO] googleapiclient.discovery_cache.autodetect:49 - file_cache is only supported with oauth2client<4.0.0
2025-04-06 06:48:11,586 [INFO] googleapiclient.discovery_cache.autodetect:49 - file_cache is only supported with oauth2client<4.0.0
2025-04-06 06:48:18,707 [INFO] googleapiclient.discovery_cache.autodetect:49 - file_cache is only supported with oauth2client<4.0.0
2025-04-06 06:48:25,925 [INFO] googleapiclient.discovery_cache.autodetect:49 - file_cache is only supported with oauth2client<4.0.0
2025-04-06 06:48:40,940 [INFO] googleapiclient.discovery_cache.autodetect:49 - file_cache is only supported with oauth2client<4.0.0
2025-04-06 06:49:06,532 [INFO] googleapiclient.discovery_cache.autodetect:49 - file_cache is only supported with oauth2client<4.0.0
2025-04-06 06:49:14,208 [INFO] googleapiclient.discovery_cache.autodetect:49 - file_cache is only supported with oauth2client<4.0.0
