2025-05-01 02:22:07,014 [INFO] googleapiclient.discovery_cache.autodetect:49 - file_cache is only supported with oauth2client<4.0.0
2025-05-01 02:27:09,241 [INFO] googleapiclient.discovery_cache.autodetect:49 - file_cache is only supported with oauth2client<4.0.0
2025-05-01 02:27:27,923 [INFO] googleapiclient.discovery_cache.autodetect:49 - file_cache is only supported with oauth2client<4.0.0
2025-05-01 02:27:38,819 [INFO] googleapiclient.discovery_cache.autodetect:49 - file_cache is only supported with oauth2client<4.0.0
2025-05-01 02:28:34,386 [INFO] googleapiclient.discovery_cache.autodetect:49 - file_cache is only supported with oauth2client<4.0.0
2025-05-01 02:28:42,530 [INFO] googleapiclient.discovery_cache.autodetect:49 - file_cache is only supported with oauth2client<4.0.0
2025-05-01 02:28:48,438 [INFO] googleapiclient.discovery_cache.autodetect:49 - file_cache is only supported with oauth2client<4.0.0
2025-05-01 02:29:25,240 [INFO] googleapiclient.discovery_cache.autodetect:49 - file_cache is only supported with oauth2client<4.0.0
2025-05-01 02:29:55,135 [INFO] googleapiclient.discovery_cache.autodetect:49 - file_cache is only supported with oauth2client<4.0.0
2025-05-01 02:30:03,251 [INFO] googleapiclient.discovery_cache.autodetect:49 - file_cache is only supported with oauth2client<4.0.0
2025-05-01 02:30:08,399 [INFO] googleapiclient.discovery_cache.autodetect:49 - file_cache is only supported with oauth2client<4.0.0
2025-05-01 02:30:13,338 [INFO] googleapiclient.discovery_cache.autodetect:49 - file_cache is only supported with oauth2client<4.0.0
2025-05-01 02:30:18,998 [INFO] googleapiclient.discovery_cache.autodetect:49 - file_cache is only supported with oauth2client<4.0.0
2025-05-01 02:30:23,741 [INFO] googleapiclient.discovery_cache.autodetect:49 - file_cache is only supported with oauth2client<4.0.0
2025-05-01 02:30:58,325 [INFO] googleapiclient.discovery_cache.autodetect:49 - file_cache is only supported with oauth2client<4.0.0
2025-05-01 02:31:02,391 [INFO] googleapiclient.discovery_cache.autodetect:49 - file_cache is only supported with oauth2client<4.0.0
2025-05-01 02:31:06,878 [INFO] googleapiclient.discovery_cache.autodetect:49 - file_cache is only supported with oauth2client<4.0.0
2025-05-01 02:31:17,174 [INFO] googleapiclient.discovery_cache.autodetect:49 - file_cache is only supported with oauth2client<4.0.0
2025-05-01 02:32:52,482 [INFO] googleapiclient.discovery_cache.autodetect:49 - file_cache is only supported with oauth2client<4.0.0
2025-05-01 02:37:18,114 [INFO] googleapiclient.discovery_cache.autodetect:49 - file_cache is only supported with oauth2client<4.0.0
2025-05-01 02:37:26,041 [INFO] googleapiclient.discovery_cache.autodetect:49 - file_cache is only supported with oauth2client<4.0.0
2025-05-01 02:38:02,711 [INFO] googleapiclient.discovery_cache.autodetect:49 - file_cache is only supported with oauth2client<4.0.0
2025-05-01 02:38:13,700 [INFO] googleapiclient.discovery_cache.autodetect:49 - file_cache is only supported with oauth2client<4.0.0
2025-05-01 02:38:32,781 [INFO] googleapiclient.discovery_cache.autodetect:49 - file_cache is only supported with oauth2client<4.0.0
2025-05-01 02:39:27,257 [INFO] googleapiclient.discovery_cache.autodetect:49 - file_cache is only supported with oauth2client<4.0.0
2025-05-01 02:39:31,266 [INFO] googleapiclient.discovery_cache.autodetect:49 - file_cache is only supported with oauth2client<4.0.0
2025-05-01 02:39:56,520 [INFO] googleapiclient.discovery_cache.autodetect:49 - file_cache is only supported with oauth2client<4.0.0
2025-05-01 02:40:20,630 [INFO] googleapiclient.discovery_cache.autodetect:49 - file_cache is only supported with oauth2client<4.0.0
2025-05-01 02:40:28,415 [INFO] googleapiclient.discovery_cache.autodetect:49 - file_cache is only supported with oauth2client<4.0.0
2025-05-01 02:40:40,130 [INFO] googleapiclient.discovery_cache.autodetect:49 - file_cache is only supported with oauth2client<4.0.0
2025-05-01 02:40:50,588 [INFO] googleapiclient.discovery_cache.autodetect:49 - file_cache is only supported with oauth2client<4.0.0
2025-05-01 02:40:59,559 [INFO] googleapiclient.discovery_cache.autodetect:49 - file_cache is only supported with oauth2client<4.0.0
2025-05-01 02:46:21,898 [INFO] googleapiclient.discovery_cache.autodetect:49 - file_cache is only supported with oauth2client<4.0.0
2025-05-01 02:47:38,441 [INFO] googleapiclient.discovery_cache.autodetect:49 - file_cache is only supported with oauth2client<4.0.0
2025-05-01 02:48:18,900 [INFO] googleapiclient.discovery_cache.autodetect:49 - file_cache is only supported with oauth2client<4.0.0
2025-05-01 02:48:26,730 [INFO] googleapiclient.discovery_cache.autodetect:49 - file_cache is only supported with oauth2client<4.0.0
2025-05-01 02:48:44,593 [INFO] googleapiclient.discovery_cache.autodetect:49 - file_cache is only supported with oauth2client<4.0.0
2025-05-01 02:48:57,016 [INFO] googleapiclient.discovery_cache.autodetect:49 - file_cache is only supported with oauth2client<4.0.0
2025-05-01 02:49:10,825 [INFO] googleapiclient.discovery_cache.autodetect:49 - file_cache is only supported with oauth2client<4.0.0
2025-05-01 02:49:16,602 [INFO] googleapiclient.discovery_cache.autodetect:49 - file_cache is only supported with oauth2client<4.0.0
2025-05-01 02:49:27,990 [INFO] googleapiclient.discovery_cache.autodetect:49 - file_cache is only supported with oauth2client<4.0.0
2025-05-01 02:49:33,134 [INFO] googleapiclient.discovery_cache.autodetect:49 - file_cache is only supported with oauth2client<4.0.0
2025-05-01 02:50:49,643 [INFO] googleapiclient.discovery_cache.autodetect:49 - file_cache is only supported with oauth2client<4.0.0
2025-05-01 02:50:55,412 [INFO] googleapiclient.discovery_cache.autodetect:49 - file_cache is only supported with oauth2client<4.0.0
2025-05-01 02:51:15,216 [INFO] googleapiclient.discovery_cache.autodetect:49 - file_cache is only supported with oauth2client<4.0.0
2025-05-01 02:51:39,343 [INFO] googleapiclient.discovery_cache.autodetect:49 - file_cache is only supported with oauth2client<4.0.0
2025-05-01 02:52:03,039 [INFO] googleapiclient.discovery_cache.autodetect:49 - file_cache is only supported with oauth2client<4.0.0
2025-05-01 02:52:12,942 [INFO] googleapiclient.discovery_cache.autodetect:49 - file_cache is only supported with oauth2client<4.0.0
2025-05-01 02:53:42,829 [INFO] googleapiclient.discovery_cache.autodetect:49 - file_cache is only supported with oauth2client<4.0.0
2025-05-01 02:54:10,276 [INFO] googleapiclient.discovery_cache.autodetect:49 - file_cache is only supported with oauth2client<4.0.0
2025-05-01 02:54:16,008 [INFO] googleapiclient.discovery_cache.autodetect:49 - file_cache is only supported with oauth2client<4.0.0
2025-05-01 02:54:26,931 [INFO] googleapiclient.discovery_cache.autodetect:49 - file_cache is only supported with oauth2client<4.0.0
2025-05-01 02:54:30,787 [INFO] googleapiclient.discovery_cache.autodetect:49 - file_cache is only supported with oauth2client<4.0.0
2025-05-01 02:54:43,215 [INFO] googleapiclient.discovery_cache.autodetect:49 - file_cache is only supported with oauth2client<4.0.0
2025-05-01 02:54:47,388 [INFO] googleapiclient.discovery_cache.autodetect:49 - file_cache is only supported with oauth2client<4.0.0
2025-05-01 02:55:07,863 [INFO] googleapiclient.discovery_cache.autodetect:49 - file_cache is only supported with oauth2client<4.0.0
2025-05-01 02:55:11,799 [INFO] googleapiclient.discovery_cache.autodetect:49 - file_cache is only supported with oauth2client<4.0.0
2025-05-01 02:55:30,650 [INFO] googleapiclient.discovery_cache.autodetect:49 - file_cache is only supported with oauth2client<4.0.0
2025-05-01 02:55:54,626 [INFO] googleapiclient.discovery_cache.autodetect:49 - file_cache is only supported with oauth2client<4.0.0
2025-05-01 02:55:58,775 [INFO] googleapiclient.discovery_cache.autodetect:49 - file_cache is only supported with oauth2client<4.0.0
2025-05-01 02:57:45,796 [INFO] googleapiclient.discovery_cache.autodetect:49 - file_cache is only supported with oauth2client<4.0.0
2025-05-01 02:57:51,269 [INFO] googleapiclient.discovery_cache.autodetect:49 - file_cache is only supported with oauth2client<4.0.0
2025-05-01 02:58:26,193 [INFO] googleapiclient.discovery_cache.autodetect:49 - file_cache is only supported with oauth2client<4.0.0
2025-05-01 02:58:38,712 [INFO] googleapiclient.discovery_cache.autodetect:49 - file_cache is only supported with oauth2client<4.0.0
2025-05-01 02:59:23,164 [INFO] googleapiclient.discovery_cache.autodetect:49 - file_cache is only supported with oauth2client<4.0.0
2025-05-01 02:59:28,531 [INFO] googleapiclient.discovery_cache.autodetect:49 - file_cache is only supported with oauth2client<4.0.0
2025-05-01 02:59:35,113 [INFO] googleapiclient.discovery_cache.autodetect:49 - file_cache is only supported with oauth2client<4.0.0
2025-05-01 02:59:55,961 [INFO] googleapiclient.discovery_cache.autodetect:49 - file_cache is only supported with oauth2client<4.0.0
2025-05-01 03:00:02,778 [INFO] googleapiclient.discovery_cache.autodetect:49 - file_cache is only supported with oauth2client<4.0.0
2025-05-01 03:00:24,821 [INFO] googleapiclient.discovery_cache.autodetect:49 - file_cache is only supported with oauth2client<4.0.0
2025-05-01 03:01:24,395 [INFO] googleapiclient.discovery_cache.autodetect:49 - file_cache is only supported with oauth2client<4.0.0
2025-05-01 03:02:18,479 [INFO] googleapiclient.discovery_cache.autodetect:49 - file_cache is only supported with oauth2client<4.0.0
2025-05-01 03:02:27,688 [INFO] googleapiclient.discovery_cache.autodetect:49 - file_cache is only supported with oauth2client<4.0.0
2025-05-01 03:02:33,968 [INFO] googleapiclient.discovery_cache.autodetect:49 - file_cache is only supported with oauth2client<4.0.0
2025-05-01 03:03:26,830 [INFO] googleapiclient.discovery_cache.autodetect:49 - file_cache is only supported with oauth2client<4.0.0
2025-05-01 03:03:32,326 [INFO] googleapiclient.discovery_cache.autodetect:49 - file_cache is only supported with oauth2client<4.0.0
2025-05-01 03:04:03,653 [INFO] googleapiclient.discovery_cache.autodetect:49 - file_cache is only supported with oauth2client<4.0.0
2025-05-01 03:04:07,365 [INFO] googleapiclient.discovery_cache.autodetect:49 - file_cache is only supported with oauth2client<4.0.0
2025-05-01 03:04:45,175 [INFO] googleapiclient.discovery_cache.autodetect:49 - file_cache is only supported with oauth2client<4.0.0
2025-05-01 03:05:08,442 [INFO] googleapiclient.discovery_cache.autodetect:49 - file_cache is only supported with oauth2client<4.0.0
2025-05-01 03:05:16,282 [INFO] googleapiclient.discovery_cache.autodetect:49 - file_cache is only supported with oauth2client<4.0.0
2025-05-01 03:05:32,605 [INFO] googleapiclient.discovery_cache.autodetect:49 - file_cache is only supported with oauth2client<4.0.0
2025-05-01 03:08:08,845 [INFO] googleapiclient.discovery_cache.autodetect:49 - file_cache is only supported with oauth2client<4.0.0
2025-05-01 03:09:44,684 [INFO] googleapiclient.discovery_cache.autodetect:49 - file_cache is only supported with oauth2client<4.0.0
2025-05-01 03:09:52,018 [INFO] googleapiclient.discovery_cache.autodetect:49 - file_cache is only supported with oauth2client<4.0.0
2025-05-01 03:10:35,211 [ERROR] django.request.log_response:241 - Internal Server Error: /admin_remboursement_email
Traceback (most recent call last):
  File "C:\Education\Appligne\div\Appligne\venv\Lib\site-packages\django\db\backends\utils.py", line 105, in _execute
    return self.cursor.execute(sql, params)
           ^^^^^^^^^^^^^^^^^^^^^^^^^^^^^^^^
  File "C:\Education\Appligne\div\Appligne\venv\Lib\site-packages\django\db\backends\mysql\base.py", line 75, in execute
    return self.cursor.execute(query, args)
           ^^^^^^^^^^^^^^^^^^^^^^^^^^^^^^^^
  File "C:\Education\Appligne\div\Appligne\venv\Lib\site-packages\MySQLdb\cursors.py", line 179, in execute
    res = self._query(mogrified_query)
          ^^^^^^^^^^^^^^^^^^^^^^^^^^^^
  File "C:\Education\Appligne\div\Appligne\venv\Lib\site-packages\MySQLdb\cursors.py", line 330, in _query
    db.query(q)
  File "C:\Education\Appligne\div\Appligne\venv\Lib\site-packages\MySQLdb\connections.py", line 257, in query
    _mysql.connection.query(self, query)
MySQLdb.DataError: (1406, "Data too long for column 'sujet' at row 1")

The above exception was the direct cause of the following exception:

Traceback (most recent call last):
  File "C:\Education\Appligne\div\Appligne\venv\Lib\site-packages\django\core\handlers\exception.py", line 55, in inner
    response = get_response(request)
               ^^^^^^^^^^^^^^^^^^^^^
  File "C:\Education\Appligne\div\Appligne\venv\Lib\site-packages\django\core\handlers\base.py", line 197, in _get_response
    response = wrapped_callback(request, *callback_args, **callback_kwargs)
               ^^^^^^^^^^^^^^^^^^^^^^^^^^^^^^^^^^^^^^^^^^^^^^^^^^^^^^^^^^^^
  File "C:\Education\Appligne\div\Appligne\venv\Lib\site-packages\django\contrib\auth\decorators.py", line 23, in _wrapper_view
    return view_func(request, *args, **kwargs)
           ^^^^^^^^^^^^^^^^^^^^^^^^^^^^^^^^^^^
  File "C:\Education\Appligne\div\Appligne\pages\views.py", line 4338, in admin_remboursement_email
    mail_record = Email_telecharge.objects.create(
                  ^^^^^^^^^^^^^^^^^^^^^^^^^^^^^^^^
  File "C:\Education\Appligne\div\Appligne\venv\Lib\site-packages\django\db\models\manager.py", line 87, in manager_method
    return getattr(self.get_queryset(), name)(*args, **kwargs)
           ^^^^^^^^^^^^^^^^^^^^^^^^^^^^^^^^^^^^^^^^^^^^^^^^^^^
  File "C:\Education\Appligne\div\Appligne\venv\Lib\site-packages\django\db\models\query.py", line 677, in create
    obj.save(force_insert=True, using=self.db)
  File "C:\Education\Appligne\div\Appligne\venv\Lib\site-packages\django\db\models\base.py", line 814, in save
    self.save_base(
  File "C:\Education\Appligne\div\Appligne\venv\Lib\site-packages\django\db\models\base.py", line 901, in save_base
    updated = self._save_table(
              ^^^^^^^^^^^^^^^^^
  File "C:\Education\Appligne\div\Appligne\venv\Lib\site-packages\django\db\models\base.py", line 1059, in _save_table
    results = self._do_insert(
              ^^^^^^^^^^^^^^^^
  File "C:\Education\Appligne\div\Appligne\venv\Lib\site-packages\django\db\models\base.py", line 1100, in _do_insert
    return manager._insert(
           ^^^^^^^^^^^^^^^^
  File "C:\Education\Appligne\div\Appligne\venv\Lib\site-packages\django\db\models\manager.py", line 87, in manager_method
    return getattr(self.get_queryset(), name)(*args, **kwargs)
           ^^^^^^^^^^^^^^^^^^^^^^^^^^^^^^^^^^^^^^^^^^^^^^^^^^^
  File "C:\Education\Appligne\div\Appligne\venv\Lib\site-packages\django\db\models\query.py", line 1845, in _insert
    return query.get_compiler(using=using).execute_sql(returning_fields)
           ^^^^^^^^^^^^^^^^^^^^^^^^^^^^^^^^^^^^^^^^^^^^^^^^^^^^^^^^^^^^^
  File "C:\Education\Appligne\div\Appligne\venv\Lib\site-packages\django\db\models\sql\compiler.py", line 1822, in execute_sql
    cursor.execute(sql, params)
  File "C:\Education\Appligne\div\Appligne\venv\Lib\site-packages\django\db\backends\utils.py", line 122, in execute
    return super().execute(sql, params)
           ^^^^^^^^^^^^^^^^^^^^^^^^^^^^
  File "C:\Education\Appligne\div\Appligne\venv\Lib\site-packages\django\db\backends\utils.py", line 79, in execute
    return self._execute_with_wrappers(
           ^^^^^^^^^^^^^^^^^^^^^^^^^^^^
  File "C:\Education\Appligne\div\Appligne\venv\Lib\site-packages\django\db\backends\utils.py", line 92, in _execute_with_wrappers
    return executor(sql, params, many, context)
           ^^^^^^^^^^^^^^^^^^^^^^^^^^^^^^^^^^^^
  File "C:\Education\Appligne\div\Appligne\venv\Lib\site-packages\django\db\backends\utils.py", line 100, in _execute
    with self.db.wrap_database_errors:
  File "C:\Education\Appligne\div\Appligne\venv\Lib\site-packages\django\db\utils.py", line 91, in __exit__
    raise dj_exc_value.with_traceback(traceback) from exc_value
  File "C:\Education\Appligne\div\Appligne\venv\Lib\site-packages\django\db\backends\utils.py", line 105, in _execute
    return self.cursor.execute(sql, params)
           ^^^^^^^^^^^^^^^^^^^^^^^^^^^^^^^^
  File "C:\Education\Appligne\div\Appligne\venv\Lib\site-packages\django\db\backends\mysql\base.py", line 75, in execute
    return self.cursor.execute(query, args)
           ^^^^^^^^^^^^^^^^^^^^^^^^^^^^^^^^
  File "C:\Education\Appligne\div\Appligne\venv\Lib\site-packages\MySQLdb\cursors.py", line 179, in execute
    res = self._query(mogrified_query)
          ^^^^^^^^^^^^^^^^^^^^^^^^^^^^
  File "C:\Education\Appligne\div\Appligne\venv\Lib\site-packages\MySQLdb\cursors.py", line 330, in _query
    db.query(q)
  File "C:\Education\Appligne\div\Appligne\venv\Lib\site-packages\MySQLdb\connections.py", line 257, in query
    _mysql.connection.query(self, query)
django.db.utils.DataError: (1406, "Data too long for column 'sujet' at row 1")
2025-05-01 03:10:35,222 [ERROR] django.server.log_message:212 - "POST /admin_remboursement_email HTTP/1.1" 500 227633
2025-05-01 03:17:04,773 [INFO] googleapiclient.discovery_cache.autodetect:49 - file_cache is only supported with oauth2client<4.0.0
2025-05-01 03:17:10,760 [INFO] googleapiclient.discovery_cache.autodetect:49 - file_cache is only supported with oauth2client<4.0.0
2025-05-01 03:17:16,434 [INFO] googleapiclient.discovery_cache.autodetect:49 - file_cache is only supported with oauth2client<4.0.0
2025-05-01 03:17:22,031 [INFO] googleapiclient.discovery_cache.autodetect:49 - file_cache is only supported with oauth2client<4.0.0
2025-05-01 03:17:29,852 [INFO] googleapiclient.discovery_cache.autodetect:49 - file_cache is only supported with oauth2client<4.0.0
2025-05-01 03:17:36,994 [INFO] googleapiclient.discovery_cache.autodetect:49 - file_cache is only supported with oauth2client<4.0.0
2025-05-01 03:17:44,737 [INFO] googleapiclient.discovery_cache.autodetect:49 - file_cache is only supported with oauth2client<4.0.0
2025-05-01 03:17:55,569 [INFO] googleapiclient.discovery_cache.autodetect:49 - file_cache is only supported with oauth2client<4.0.0
2025-05-01 03:19:05,941 [INFO] googleapiclient.discovery_cache.autodetect:49 - file_cache is only supported with oauth2client<4.0.0
2025-05-01 03:19:49,650 [INFO] googleapiclient.discovery_cache.autodetect:49 - file_cache is only supported with oauth2client<4.0.0
2025-05-01 03:19:59,147 [INFO] googleapiclient.discovery_cache.autodetect:49 - file_cache is only supported with oauth2client<4.0.0
2025-05-01 03:20:13,874 [INFO] googleapiclient.discovery_cache.autodetect:49 - file_cache is only supported with oauth2client<4.0.0
2025-05-01 03:20:18,031 [INFO] googleapiclient.discovery_cache.autodetect:49 - file_cache is only supported with oauth2client<4.0.0
2025-05-01 03:20:30,674 [INFO] googleapiclient.discovery_cache.autodetect:49 - file_cache is only supported with oauth2client<4.0.0
2025-05-01 03:20:36,779 [INFO] googleapiclient.discovery_cache.autodetect:49 - file_cache is only supported with oauth2client<4.0.0
2025-05-01 03:21:18,598 [INFO] googleapiclient.discovery_cache.autodetect:49 - file_cache is only supported with oauth2client<4.0.0
2025-05-01 03:21:22,474 [INFO] googleapiclient.discovery_cache.autodetect:49 - file_cache is only supported with oauth2client<4.0.0
2025-05-01 03:21:35,637 [INFO] googleapiclient.discovery_cache.autodetect:49 - file_cache is only supported with oauth2client<4.0.0
2025-05-01 03:22:05,155 [INFO] googleapiclient.discovery_cache.autodetect:49 - file_cache is only supported with oauth2client<4.0.0
2025-05-01 03:22:12,618 [INFO] googleapiclient.discovery_cache.autodetect:49 - file_cache is only supported with oauth2client<4.0.0
2025-05-01 03:22:30,457 [INFO] googleapiclient.discovery_cache.autodetect:49 - file_cache is only supported with oauth2client<4.0.0
2025-05-01 03:32:25,769 [INFO] googleapiclient.discovery_cache.autodetect:49 - file_cache is only supported with oauth2client<4.0.0
2025-05-01 03:32:36,196 [INFO] googleapiclient.discovery_cache.autodetect:49 - file_cache is only supported with oauth2client<4.0.0
2025-05-01 03:32:41,194 [INFO] googleapiclient.discovery_cache.autodetect:49 - file_cache is only supported with oauth2client<4.0.0
2025-05-01 03:33:01,164 [INFO] googleapiclient.discovery_cache.autodetect:49 - file_cache is only supported with oauth2client<4.0.0
2025-05-01 03:34:29,338 [INFO] googleapiclient.discovery_cache.autodetect:49 - file_cache is only supported with oauth2client<4.0.0
2025-05-01 03:35:05,033 [INFO] googleapiclient.discovery_cache.autodetect:49 - file_cache is only supported with oauth2client<4.0.0
2025-05-01 08:38:19,962 [INFO] googleapiclient.discovery_cache.autodetect:49 - file_cache is only supported with oauth2client<4.0.0
2025-05-01 08:48:00,253 [INFO] googleapiclient.discovery_cache.autodetect:49 - file_cache is only supported with oauth2client<4.0.0
2025-05-01 08:48:33,098 [INFO] googleapiclient.discovery_cache.autodetect:49 - file_cache is only supported with oauth2client<4.0.0
2025-05-01 08:48:40,671 [INFO] googleapiclient.discovery_cache.autodetect:49 - file_cache is only supported with oauth2client<4.0.0
2025-05-01 08:48:48,014 [INFO] googleapiclient.discovery_cache.autodetect:49 - file_cache is only supported with oauth2client<4.0.0
2025-05-01 08:51:16,307 [INFO] googleapiclient.discovery_cache.autodetect:49 - file_cache is only supported with oauth2client<4.0.0
2025-05-01 08:59:14,684 [INFO] googleapiclient.discovery_cache.autodetect:49 - file_cache is only supported with oauth2client<4.0.0
2025-05-01 09:10:46,867 [INFO] googleapiclient.discovery_cache.autodetect:49 - file_cache is only supported with oauth2client<4.0.0
2025-05-01 09:10:55,771 [INFO] googleapiclient.discovery_cache.autodetect:49 - file_cache is only supported with oauth2client<4.0.0
2025-05-01 09:10:59,977 [INFO] googleapiclient.discovery_cache.autodetect:49 - file_cache is only supported with oauth2client<4.0.0
2025-05-01 09:13:31,729 [INFO] googleapiclient.discovery_cache.autodetect:49 - file_cache is only supported with oauth2client<4.0.0
2025-05-01 09:13:52,823 [INFO] googleapiclient.discovery_cache.autodetect:49 - file_cache is only supported with oauth2client<4.0.0
2025-05-01 09:13:56,677 [INFO] googleapiclient.discovery_cache.autodetect:49 - file_cache is only supported with oauth2client<4.0.0
2025-05-01 09:14:05,864 [INFO] googleapiclient.discovery_cache.autodetect:49 - file_cache is only supported with oauth2client<4.0.0
2025-05-01 09:14:09,771 [INFO] googleapiclient.discovery_cache.autodetect:49 - file_cache is only supported with oauth2client<4.0.0
2025-05-01 09:14:30,500 [INFO] googleapiclient.discovery_cache.autodetect:49 - file_cache is only supported with oauth2client<4.0.0
2025-05-01 09:14:45,085 [INFO] googleapiclient.discovery_cache.autodetect:49 - file_cache is only supported with oauth2client<4.0.0
2025-05-01 09:15:09,471 [INFO] googleapiclient.discovery_cache.autodetect:49 - file_cache is only supported with oauth2client<4.0.0
2025-05-01 09:15:50,839 [INFO] googleapiclient.discovery_cache.autodetect:49 - file_cache is only supported with oauth2client<4.0.0
2025-05-01 09:15:58,706 [INFO] googleapiclient.discovery_cache.autodetect:49 - file_cache is only supported with oauth2client<4.0.0
2025-05-01 09:16:24,233 [INFO] googleapiclient.discovery_cache.autodetect:49 - file_cache is only supported with oauth2client<4.0.0
2025-05-01 09:16:30,637 [INFO] googleapiclient.discovery_cache.autodetect:49 - file_cache is only supported with oauth2client<4.0.0
2025-05-01 09:22:40,305 [INFO] googleapiclient.discovery_cache.autodetect:49 - file_cache is only supported with oauth2client<4.0.0
2025-05-01 09:22:45,221 [INFO] googleapiclient.discovery_cache.autodetect:49 - file_cache is only supported with oauth2client<4.0.0
2025-05-01 09:23:20,749 [INFO] googleapiclient.discovery_cache.autodetect:49 - file_cache is only supported with oauth2client<4.0.0
2025-05-01 09:23:27,852 [INFO] googleapiclient.discovery_cache.autodetect:49 - file_cache is only supported with oauth2client<4.0.0
2025-05-01 09:27:24,067 [INFO] googleapiclient.discovery_cache.autodetect:49 - file_cache is only supported with oauth2client<4.0.0
2025-05-01 09:27:31,870 [INFO] googleapiclient.discovery_cache.autodetect:49 - file_cache is only supported with oauth2client<4.0.0
2025-05-01 09:33:42,572 [INFO] googleapiclient.discovery_cache.autodetect:49 - file_cache is only supported with oauth2client<4.0.0
2025-05-01 09:35:16,363 [INFO] googleapiclient.discovery_cache.autodetect:49 - file_cache is only supported with oauth2client<4.0.0
2025-05-01 09:35:58,409 [INFO] googleapiclient.discovery_cache.autodetect:49 - file_cache is only supported with oauth2client<4.0.0
2025-05-01 09:36:07,408 [INFO] googleapiclient.discovery_cache.autodetect:49 - file_cache is only supported with oauth2client<4.0.0
2025-05-01 09:37:01,526 [INFO] googleapiclient.discovery_cache.autodetect:49 - file_cache is only supported with oauth2client<4.0.0
2025-05-01 09:37:07,648 [INFO] googleapiclient.discovery_cache.autodetect:49 - file_cache is only supported with oauth2client<4.0.0
2025-05-01 09:37:12,707 [INFO] googleapiclient.discovery_cache.autodetect:49 - file_cache is only supported with oauth2client<4.0.0
2025-05-01 09:37:22,295 [INFO] googleapiclient.discovery_cache.autodetect:49 - file_cache is only supported with oauth2client<4.0.0
2025-05-01 09:37:30,018 [INFO] googleapiclient.discovery_cache.autodetect:49 - file_cache is only supported with oauth2client<4.0.0
2025-05-01 09:37:38,764 [INFO] googleapiclient.discovery_cache.autodetect:49 - file_cache is only supported with oauth2client<4.0.0
2025-05-01 09:37:57,304 [INFO] googleapiclient.discovery_cache.autodetect:49 - file_cache is only supported with oauth2client<4.0.0
2025-05-01 09:38:04,063 [INFO] googleapiclient.discovery_cache.autodetect:49 - file_cache is only supported with oauth2client<4.0.0
2025-05-01 09:38:09,141 [INFO] googleapiclient.discovery_cache.autodetect:49 - file_cache is only supported with oauth2client<4.0.0
2025-05-01 09:38:25,107 [INFO] googleapiclient.discovery_cache.autodetect:49 - file_cache is only supported with oauth2client<4.0.0
2025-05-01 09:38:28,838 [INFO] googleapiclient.discovery_cache.autodetect:49 - file_cache is only supported with oauth2client<4.0.0
2025-05-01 09:38:35,034 [INFO] googleapiclient.discovery_cache.autodetect:49 - file_cache is only supported with oauth2client<4.0.0
2025-05-01 09:38:52,040 [INFO] googleapiclient.discovery_cache.autodetect:49 - file_cache is only supported with oauth2client<4.0.0
2025-05-01 09:39:14,566 [INFO] googleapiclient.discovery_cache.autodetect:49 - file_cache is only supported with oauth2client<4.0.0
2025-05-01 09:39:22,752 [INFO] googleapiclient.discovery_cache.autodetect:49 - file_cache is only supported with oauth2client<4.0.0
2025-05-01 09:39:32,925 [INFO] googleapiclient.discovery_cache.autodetect:49 - file_cache is only supported with oauth2client<4.0.0
2025-05-01 09:39:45,618 [INFO] googleapiclient.discovery_cache.autodetect:49 - file_cache is only supported with oauth2client<4.0.0
2025-05-01 09:40:37,748 [INFO] googleapiclient.discovery_cache.autodetect:49 - file_cache is only supported with oauth2client<4.0.0
2025-05-01 09:40:43,891 [INFO] googleapiclient.discovery_cache.autodetect:49 - file_cache is only supported with oauth2client<4.0.0
2025-05-01 09:40:50,996 [INFO] googleapiclient.discovery_cache.autodetect:49 - file_cache is only supported with oauth2client<4.0.0
2025-05-01 09:40:55,906 [INFO] googleapiclient.discovery_cache.autodetect:49 - file_cache is only supported with oauth2client<4.0.0
2025-05-01 09:41:11,436 [INFO] googleapiclient.discovery_cache.autodetect:49 - file_cache is only supported with oauth2client<4.0.0
2025-05-01 09:41:48,598 [INFO] googleapiclient.discovery_cache.autodetect:49 - file_cache is only supported with oauth2client<4.0.0
2025-05-01 09:48:50,643 [INFO] googleapiclient.discovery_cache.autodetect:49 - file_cache is only supported with oauth2client<4.0.0
2025-05-01 09:48:55,050 [INFO] googleapiclient.discovery_cache.autodetect:49 - file_cache is only supported with oauth2client<4.0.0
2025-05-01 09:49:10,079 [INFO] googleapiclient.discovery_cache.autodetect:49 - file_cache is only supported with oauth2client<4.0.0
2025-05-01 09:49:58,795 [INFO] googleapiclient.discovery_cache.autodetect:49 - file_cache is only supported with oauth2client<4.0.0
2025-05-01 09:54:40,378 [INFO] googleapiclient.discovery_cache.autodetect:49 - file_cache is only supported with oauth2client<4.0.0
2025-05-01 09:59:32,411 [INFO] googleapiclient.discovery_cache.autodetect:49 - file_cache is only supported with oauth2client<4.0.0
2025-05-01 10:03:14,726 [INFO] googleapiclient.discovery_cache.autodetect:49 - file_cache is only supported with oauth2client<4.0.0
2025-05-01 10:03:23,746 [INFO] googleapiclient.discovery_cache.autodetect:49 - file_cache is only supported with oauth2client<4.0.0
2025-05-01 10:03:27,710 [INFO] googleapiclient.discovery_cache.autodetect:49 - file_cache is only supported with oauth2client<4.0.0
2025-05-01 10:03:33,540 [INFO] googleapiclient.discovery_cache.autodetect:49 - file_cache is only supported with oauth2client<4.0.0
2025-05-01 10:03:50,200 [INFO] googleapiclient.discovery_cache.autodetect:49 - file_cache is only supported with oauth2client<4.0.0
2025-05-01 10:03:54,585 [INFO] googleapiclient.discovery_cache.autodetect:49 - file_cache is only supported with oauth2client<4.0.0
2025-05-01 10:04:01,739 [INFO] googleapiclient.discovery_cache.autodetect:49 - file_cache is only supported with oauth2client<4.0.0
2025-05-01 14:18:44,356 [INFO] googleapiclient.discovery_cache.autodetect:49 - file_cache is only supported with oauth2client<4.0.0
2025-05-01 14:40:01,479 [INFO] googleapiclient.discovery_cache.autodetect:49 - file_cache is only supported with oauth2client<4.0.0
2025-05-01 15:29:44,605 [INFO] googleapiclient.discovery_cache.autodetect:49 - file_cache is only supported with oauth2client<4.0.0
2025-05-01 15:32:44,397 [INFO] googleapiclient.discovery_cache.autodetect:49 - file_cache is only supported with oauth2client<4.0.0
2025-05-01 15:32:51,599 [INFO] googleapiclient.discovery_cache.autodetect:49 - file_cache is only supported with oauth2client<4.0.0
2025-05-01 15:32:59,773 [INFO] googleapiclient.discovery_cache.autodetect:49 - file_cache is only supported with oauth2client<4.0.0
2025-05-01 15:33:06,255 [INFO] googleapiclient.discovery_cache.autodetect:49 - file_cache is only supported with oauth2client<4.0.0
2025-05-01 15:33:10,991 [INFO] googleapiclient.discovery_cache.autodetect:49 - file_cache is only supported with oauth2client<4.0.0
2025-05-01 15:33:18,632 [INFO] googleapiclient.discovery_cache.autodetect:49 - file_cache is only supported with oauth2client<4.0.0
2025-05-01 15:33:23,387 [INFO] googleapiclient.discovery_cache.autodetect:49 - file_cache is only supported with oauth2client<4.0.0
2025-05-01 15:35:08,138 [ERROR] django.request.log_response:241 - Internal Server Error: /admin_remboursement_email
Traceback (most recent call last):
  File "C:\Education\Appligne\div\Appligne\venv\Lib\site-packages\django\core\handlers\exception.py", line 55, in inner
    response = get_response(request)
               ^^^^^^^^^^^^^^^^^^^^^
  File "C:\Education\Appligne\div\Appligne\venv\Lib\site-packages\django\core\handlers\base.py", line 197, in _get_response
    response = wrapped_callback(request, *callback_args, **callback_kwargs)
               ^^^^^^^^^^^^^^^^^^^^^^^^^^^^^^^^^^^^^^^^^^^^^^^^^^^^^^^^^^^^
  File "C:\Education\Appligne\div\Appligne\venv\Lib\site-packages\django\contrib\auth\decorators.py", line 23, in _wrapper_view
    return view_func(request, *args, **kwargs)
           ^^^^^^^^^^^^^^^^^^^^^^^^^^^^^^^^^^^
  File "C:\Education\Appligne\div\Appligne\pages\views.py", line 4235, in admin_remboursement_email
    messages.inf(request, f"id = {id}")
    ^^^^^^^^^^^^
AttributeError: module 'django.contrib.messages' has no attribute 'inf'
2025-05-01 15:35:08,138 [ERROR] django.server.log_message:212 - "GET /admin_remboursement_email HTTP/1.1" 500 75373
2025-05-01 15:36:01,180 [ERROR] django.request.log_response:241 - Internal Server Error: /admin_remboursement_email
Traceback (most recent call last):
  File "C:\Education\Appligne\div\Appligne\venv\Lib\site-packages\django\core\handlers\exception.py", line 55, in inner
    response = get_response(request)
               ^^^^^^^^^^^^^^^^^^^^^
  File "C:\Education\Appligne\div\Appligne\venv\Lib\site-packages\django\core\handlers\base.py", line 197, in _get_response
    response = wrapped_callback(request, *callback_args, **callback_kwargs)
               ^^^^^^^^^^^^^^^^^^^^^^^^^^^^^^^^^^^^^^^^^^^^^^^^^^^^^^^^^^^^
  File "C:\Education\Appligne\div\Appligne\venv\Lib\site-packages\django\contrib\auth\decorators.py", line 23, in _wrapper_view
    return view_func(request, *args, **kwargs)
           ^^^^^^^^^^^^^^^^^^^^^^^^^^^^^^^^^^^
  File "C:\Education\Appligne\div\Appligne\pages\views.py", line 4235, in admin_remboursement_email
    messages.inf(request, f"id = {id}")
    ^^^^^^^^^^^^
AttributeError: module 'django.contrib.messages' has no attribute 'inf'
2025-05-01 15:36:01,180 [ERROR] django.server.log_message:212 - "GET /admin_remboursement_email HTTP/1.1" 500 75373
2025-05-01 15:36:17,049 [INFO] googleapiclient.discovery_cache.autodetect:49 - file_cache is only supported with oauth2client<4.0.0
2025-05-01 15:36:21,080 [INFO] googleapiclient.discovery_cache.autodetect:49 - file_cache is only supported with oauth2client<4.0.0
2025-05-01 15:36:54,589 [INFO] googleapiclient.discovery_cache.autodetect:49 - file_cache is only supported with oauth2client<4.0.0
2025-05-01 15:40:30,668 [INFO] googleapiclient.discovery_cache.autodetect:49 - file_cache is only supported with oauth2client<4.0.0
2025-05-01 15:41:13,582 [INFO] googleapiclient.discovery_cache.autodetect:49 - file_cache is only supported with oauth2client<4.0.0
2025-05-01 15:41:21,420 [INFO] googleapiclient.discovery_cache.autodetect:49 - file_cache is only supported with oauth2client<4.0.0
2025-05-01 15:41:54,844 [INFO] googleapiclient.discovery_cache.autodetect:49 - file_cache is only supported with oauth2client<4.0.0
2025-05-01 15:42:03,888 [INFO] googleapiclient.discovery_cache.autodetect:49 - file_cache is only supported with oauth2client<4.0.0
2025-05-01 15:48:21,478 [INFO] googleapiclient.discovery_cache.autodetect:49 - file_cache is only supported with oauth2client<4.0.0
2025-05-01 15:48:26,857 [INFO] googleapiclient.discovery_cache.autodetect:49 - file_cache is only supported with oauth2client<4.0.0
2025-05-01 15:48:31,254 [INFO] googleapiclient.discovery_cache.autodetect:49 - file_cache is only supported with oauth2client<4.0.0
2025-05-01 15:48:40,132 [INFO] googleapiclient.discovery_cache.autodetect:49 - file_cache is only supported with oauth2client<4.0.0
2025-05-01 15:48:49,897 [INFO] googleapiclient.discovery_cache.autodetect:49 - file_cache is only supported with oauth2client<4.0.0
2025-05-01 15:50:55,592 [INFO] googleapiclient.discovery_cache.autodetect:49 - file_cache is only supported with oauth2client<4.0.0
2025-05-01 15:50:59,974 [INFO] googleapiclient.discovery_cache.autodetect:49 - file_cache is only supported with oauth2client<4.0.0
2025-05-01 15:51:06,484 [INFO] googleapiclient.discovery_cache.autodetect:49 - file_cache is only supported with oauth2client<4.0.0
2025-05-01 15:51:59,391 [INFO] googleapiclient.discovery_cache.autodetect:49 - file_cache is only supported with oauth2client<4.0.0
2025-05-01 15:52:03,676 [INFO] googleapiclient.discovery_cache.autodetect:49 - file_cache is only supported with oauth2client<4.0.0
2025-05-01 15:53:36,427 [INFO] googleapiclient.discovery_cache.autodetect:49 - file_cache is only supported with oauth2client<4.0.0
2025-05-01 15:53:41,333 [INFO] googleapiclient.discovery_cache.autodetect:49 - file_cache is only supported with oauth2client<4.0.0
2025-05-01 15:53:49,282 [INFO] googleapiclient.discovery_cache.autodetect:49 - file_cache is only supported with oauth2client<4.0.0
2025-05-01 15:53:53,462 [INFO] googleapiclient.discovery_cache.autodetect:49 - file_cache is only supported with oauth2client<4.0.0
2025-05-01 15:53:58,565 [INFO] googleapiclient.discovery_cache.autodetect:49 - file_cache is only supported with oauth2client<4.0.0
2025-05-01 15:54:33,982 [INFO] googleapiclient.discovery_cache.autodetect:49 - file_cache is only supported with oauth2client<4.0.0
2025-05-01 15:55:27,994 [INFO] googleapiclient.discovery_cache.autodetect:49 - file_cache is only supported with oauth2client<4.0.0
2025-05-01 15:57:45,469 [INFO] googleapiclient.discovery_cache.autodetect:49 - file_cache is only supported with oauth2client<4.0.0
2025-05-01 15:58:01,835 [INFO] googleapiclient.discovery_cache.autodetect:49 - file_cache is only supported with oauth2client<4.0.0
2025-05-01 15:58:20,822 [INFO] googleapiclient.discovery_cache.autodetect:49 - file_cache is only supported with oauth2client<4.0.0
2025-05-01 15:58:48,158 [INFO] googleapiclient.discovery_cache.autodetect:49 - file_cache is only supported with oauth2client<4.0.0
2025-05-01 15:59:40,608 [INFO] googleapiclient.discovery_cache.autodetect:49 - file_cache is only supported with oauth2client<4.0.0
2025-05-01 15:59:56,180 [INFO] googleapiclient.discovery_cache.autodetect:49 - file_cache is only supported with oauth2client<4.0.0
2025-05-01 16:02:01,136 [INFO] googleapiclient.discovery_cache.autodetect:49 - file_cache is only supported with oauth2client<4.0.0
2025-05-01 16:02:05,948 [INFO] googleapiclient.discovery_cache.autodetect:49 - file_cache is only supported with oauth2client<4.0.0
2025-05-01 16:02:15,733 [INFO] googleapiclient.discovery_cache.autodetect:49 - file_cache is only supported with oauth2client<4.0.0
2025-05-01 16:02:21,302 [INFO] googleapiclient.discovery_cache.autodetect:49 - file_cache is only supported with oauth2client<4.0.0
2025-05-01 16:03:52,630 [INFO] googleapiclient.discovery_cache.autodetect:49 - file_cache is only supported with oauth2client<4.0.0
2025-05-01 16:03:56,761 [INFO] googleapiclient.discovery_cache.autodetect:49 - file_cache is only supported with oauth2client<4.0.0
2025-05-01 16:09:08,938 [INFO] googleapiclient.discovery_cache.autodetect:49 - file_cache is only supported with oauth2client<4.0.0
2025-05-01 16:09:21,392 [INFO] googleapiclient.discovery_cache.autodetect:49 - file_cache is only supported with oauth2client<4.0.0
2025-05-01 16:09:38,964 [INFO] googleapiclient.discovery_cache.autodetect:49 - file_cache is only supported with oauth2client<4.0.0
2025-05-01 16:10:41,232 [INFO] googleapiclient.discovery_cache.autodetect:49 - file_cache is only supported with oauth2client<4.0.0
2025-05-01 16:10:47,143 [INFO] googleapiclient.discovery_cache.autodetect:49 - file_cache is only supported with oauth2client<4.0.0
2025-05-01 16:10:51,597 [INFO] googleapiclient.discovery_cache.autodetect:49 - file_cache is only supported with oauth2client<4.0.0
2025-05-01 17:55:57,598 [INFO] googleapiclient.discovery_cache.autodetect:49 - file_cache is only supported with oauth2client<4.0.0
2025-05-01 17:57:03,747 [INFO] googleapiclient.discovery_cache.autodetect:49 - file_cache is only supported with oauth2client<4.0.0
2025-05-01 17:57:13,939 [INFO] googleapiclient.discovery_cache.autodetect:49 - file_cache is only supported with oauth2client<4.0.0
2025-05-01 17:58:19,328 [INFO] googleapiclient.discovery_cache.autodetect:49 - file_cache is only supported with oauth2client<4.0.0
2025-05-01 17:59:02,752 [INFO] googleapiclient.discovery_cache.autodetect:49 - file_cache is only supported with oauth2client<4.0.0
2025-05-01 17:59:43,544 [INFO] googleapiclient.discovery_cache.autodetect:49 - file_cache is only supported with oauth2client<4.0.0
2025-05-01 17:59:50,327 [INFO] googleapiclient.discovery_cache.autodetect:49 - file_cache is only supported with oauth2client<4.0.0
2025-05-01 17:59:57,197 [INFO] googleapiclient.discovery_cache.autodetect:49 - file_cache is only supported with oauth2client<4.0.0
2025-05-01 18:00:03,575 [INFO] googleapiclient.discovery_cache.autodetect:49 - file_cache is only supported with oauth2client<4.0.0
2025-05-01 18:00:10,807 [INFO] googleapiclient.discovery_cache.autodetect:49 - file_cache is only supported with oauth2client<4.0.0
2025-05-01 18:00:28,104 [INFO] googleapiclient.discovery_cache.autodetect:49 - file_cache is only supported with oauth2client<4.0.0
2025-05-01 18:00:33,437 [INFO] googleapiclient.discovery_cache.autodetect:49 - file_cache is only supported with oauth2client<4.0.0
2025-05-01 18:00:43,152 [INFO] googleapiclient.discovery_cache.autodetect:49 - file_cache is only supported with oauth2client<4.0.0
2025-05-01 18:00:47,684 [INFO] googleapiclient.discovery_cache.autodetect:49 - file_cache is only supported with oauth2client<4.0.0
2025-05-01 18:00:56,688 [INFO] googleapiclient.discovery_cache.autodetect:49 - file_cache is only supported with oauth2client<4.0.0
2025-05-01 18:01:02,249 [INFO] googleapiclient.discovery_cache.autodetect:49 - file_cache is only supported with oauth2client<4.0.0
2025-05-01 18:01:09,866 [INFO] googleapiclient.discovery_cache.autodetect:49 - file_cache is only supported with oauth2client<4.0.0
2025-05-01 18:01:16,140 [INFO] googleapiclient.discovery_cache.autodetect:49 - file_cache is only supported with oauth2client<4.0.0
2025-05-01 18:01:23,513 [INFO] googleapiclient.discovery_cache.autodetect:49 - file_cache is only supported with oauth2client<4.0.0
2025-05-01 18:01:30,033 [INFO] googleapiclient.discovery_cache.autodetect:49 - file_cache is only supported with oauth2client<4.0.0
2025-05-01 18:01:46,160 [INFO] googleapiclient.discovery_cache.autodetect:49 - file_cache is only supported with oauth2client<4.0.0
2025-05-01 18:06:56,673 [INFO] googleapiclient.discovery_cache.autodetect:49 - file_cache is only supported with oauth2client<4.0.0
2025-05-01 18:07:04,255 [INFO] googleapiclient.discovery_cache.autodetect:49 - file_cache is only supported with oauth2client<4.0.0
2025-05-01 18:07:23,722 [INFO] googleapiclient.discovery_cache.autodetect:49 - file_cache is only supported with oauth2client<4.0.0
2025-05-01 18:07:28,468 [INFO] googleapiclient.discovery_cache.autodetect:49 - file_cache is only supported with oauth2client<4.0.0
2025-05-01 18:07:33,417 [INFO] googleapiclient.discovery_cache.autodetect:49 - file_cache is only supported with oauth2client<4.0.0
2025-05-01 18:07:37,742 [INFO] googleapiclient.discovery_cache.autodetect:49 - file_cache is only supported with oauth2client<4.0.0
2025-05-01 18:08:26,425 [INFO] googleapiclient.discovery_cache.autodetect:49 - file_cache is only supported with oauth2client<4.0.0
2025-05-01 18:08:32,937 [INFO] googleapiclient.discovery_cache.autodetect:49 - file_cache is only supported with oauth2client<4.0.0
2025-05-01 18:08:37,318 [INFO] googleapiclient.discovery_cache.autodetect:49 - file_cache is only supported with oauth2client<4.0.0
2025-05-01 18:08:58,253 [INFO] googleapiclient.discovery_cache.autodetect:49 - file_cache is only supported with oauth2client<4.0.0
2025-05-01 18:10:16,020 [INFO] googleapiclient.discovery_cache.autodetect:49 - file_cache is only supported with oauth2client<4.0.0
2025-05-01 18:10:21,083 [INFO] googleapiclient.discovery_cache.autodetect:49 - file_cache is only supported with oauth2client<4.0.0
2025-05-01 18:10:34,414 [INFO] googleapiclient.discovery_cache.autodetect:49 - file_cache is only supported with oauth2client<4.0.0
2025-05-01 18:10:46,272 [INFO] googleapiclient.discovery_cache.autodetect:49 - file_cache is only supported with oauth2client<4.0.0
2025-05-01 18:11:16,084 [INFO] googleapiclient.discovery_cache.autodetect:49 - file_cache is only supported with oauth2client<4.0.0
2025-05-01 18:11:24,070 [INFO] googleapiclient.discovery_cache.autodetect:49 - file_cache is only supported with oauth2client<4.0.0
2025-05-01 18:11:32,052 [INFO] googleapiclient.discovery_cache.autodetect:49 - file_cache is only supported with oauth2client<4.0.0
2025-05-01 18:11:37,140 [INFO] googleapiclient.discovery_cache.autodetect:49 - file_cache is only supported with oauth2client<4.0.0
2025-05-01 18:11:44,980 [INFO] googleapiclient.discovery_cache.autodetect:49 - file_cache is only supported with oauth2client<4.0.0
2025-05-01 18:11:50,284 [INFO] googleapiclient.discovery_cache.autodetect:49 - file_cache is only supported with oauth2client<4.0.0
2025-05-01 18:11:54,475 [INFO] googleapiclient.discovery_cache.autodetect:49 - file_cache is only supported with oauth2client<4.0.0
2025-05-01 18:11:58,871 [INFO] googleapiclient.discovery_cache.autodetect:49 - file_cache is only supported with oauth2client<4.0.0
2025-05-01 18:12:03,918 [INFO] googleapiclient.discovery_cache.autodetect:49 - file_cache is only supported with oauth2client<4.0.0
2025-05-01 18:12:07,990 [INFO] googleapiclient.discovery_cache.autodetect:49 - file_cache is only supported with oauth2client<4.0.0
2025-05-01 18:12:15,309 [INFO] googleapiclient.discovery_cache.autodetect:49 - file_cache is only supported with oauth2client<4.0.0
2025-05-01 18:12:20,403 [INFO] googleapiclient.discovery_cache.autodetect:49 - file_cache is only supported with oauth2client<4.0.0
2025-05-01 18:16:58,313 [INFO] googleapiclient.discovery_cache.autodetect:49 - file_cache is only supported with oauth2client<4.0.0
2025-05-01 18:17:03,205 [INFO] googleapiclient.discovery_cache.autodetect:49 - file_cache is only supported with oauth2client<4.0.0
2025-05-01 18:25:21,751 [INFO] googleapiclient.discovery_cache.autodetect:49 - file_cache is only supported with oauth2client<4.0.0
2025-05-01 18:26:04,125 [INFO] googleapiclient.discovery_cache.autodetect:49 - file_cache is only supported with oauth2client<4.0.0
2025-05-01 18:26:08,447 [INFO] googleapiclient.discovery_cache.autodetect:49 - file_cache is only supported with oauth2client<4.0.0
2025-05-01 18:26:12,713 [INFO] googleapiclient.discovery_cache.autodetect:49 - file_cache is only supported with oauth2client<4.0.0
2025-05-01 18:26:20,577 [INFO] googleapiclient.discovery_cache.autodetect:49 - file_cache is only supported with oauth2client<4.0.0
2025-05-01 18:27:59,953 [INFO] googleapiclient.discovery_cache.autodetect:49 - file_cache is only supported with oauth2client<4.0.0
2025-05-01 18:28:07,283 [INFO] googleapiclient.discovery_cache.autodetect:49 - file_cache is only supported with oauth2client<4.0.0
2025-05-01 18:28:11,258 [INFO] googleapiclient.discovery_cache.autodetect:49 - file_cache is only supported with oauth2client<4.0.0
2025-05-01 18:28:25,687 [INFO] googleapiclient.discovery_cache.autodetect:49 - file_cache is only supported with oauth2client<4.0.0
2025-05-01 18:28:44,067 [INFO] googleapiclient.discovery_cache.autodetect:49 - file_cache is only supported with oauth2client<4.0.0
2025-05-01 18:28:52,493 [INFO] googleapiclient.discovery_cache.autodetect:49 - file_cache is only supported with oauth2client<4.0.0
2025-05-01 18:28:59,871 [INFO] googleapiclient.discovery_cache.autodetect:49 - file_cache is only supported with oauth2client<4.0.0
2025-05-01 18:29:05,430 [INFO] googleapiclient.discovery_cache.autodetect:49 - file_cache is only supported with oauth2client<4.0.0
2025-05-01 18:29:09,666 [INFO] googleapiclient.discovery_cache.autodetect:49 - file_cache is only supported with oauth2client<4.0.0
2025-05-01 18:30:25,501 [INFO] googleapiclient.discovery_cache.autodetect:49 - file_cache is only supported with oauth2client<4.0.0
2025-05-01 18:30:31,799 [INFO] googleapiclient.discovery_cache.autodetect:49 - file_cache is only supported with oauth2client<4.0.0
2025-05-01 18:32:09,982 [INFO] googleapiclient.discovery_cache.autodetect:49 - file_cache is only supported with oauth2client<4.0.0
2025-05-01 18:32:17,880 [INFO] googleapiclient.discovery_cache.autodetect:49 - file_cache is only supported with oauth2client<4.0.0
2025-05-01 18:37:09,588 [INFO] googleapiclient.discovery_cache.autodetect:49 - file_cache is only supported with oauth2client<4.0.0
2025-05-01 18:37:45,301 [INFO] googleapiclient.discovery_cache.autodetect:49 - file_cache is only supported with oauth2client<4.0.0
2025-05-01 18:40:11,645 [INFO] googleapiclient.discovery_cache.autodetect:49 - file_cache is only supported with oauth2client<4.0.0
2025-05-01 18:40:19,799 [INFO] googleapiclient.discovery_cache.autodetect:49 - file_cache is only supported with oauth2client<4.0.0
2025-05-01 18:40:25,329 [INFO] googleapiclient.discovery_cache.autodetect:49 - file_cache is only supported with oauth2client<4.0.0
2025-05-01 18:40:33,269 [INFO] googleapiclient.discovery_cache.autodetect:49 - file_cache is only supported with oauth2client<4.0.0
2025-05-01 18:40:50,994 [INFO] googleapiclient.discovery_cache.autodetect:49 - file_cache is only supported with oauth2client<4.0.0
2025-05-01 18:40:58,880 [INFO] googleapiclient.discovery_cache.autodetect:49 - file_cache is only supported with oauth2client<4.0.0
2025-05-01 18:41:05,212 [INFO] googleapiclient.discovery_cache.autodetect:49 - file_cache is only supported with oauth2client<4.0.0
2025-05-01 18:41:09,526 [INFO] googleapiclient.discovery_cache.autodetect:49 - file_cache is only supported with oauth2client<4.0.0
2025-05-01 18:41:13,723 [INFO] googleapiclient.discovery_cache.autodetect:49 - file_cache is only supported with oauth2client<4.0.0
2025-05-01 18:41:26,791 [INFO] googleapiclient.discovery_cache.autodetect:49 - file_cache is only supported with oauth2client<4.0.0
2025-05-01 18:41:33,622 [INFO] googleapiclient.discovery_cache.autodetect:49 - file_cache is only supported with oauth2client<4.0.0
2025-05-01 18:41:40,789 [INFO] googleapiclient.discovery_cache.autodetect:49 - file_cache is only supported with oauth2client<4.0.0
2025-05-01 18:41:56,040 [INFO] googleapiclient.discovery_cache.autodetect:49 - file_cache is only supported with oauth2client<4.0.0
2025-05-01 18:42:02,146 [INFO] googleapiclient.discovery_cache.autodetect:49 - file_cache is only supported with oauth2client<4.0.0
2025-05-01 18:42:43,262 [INFO] googleapiclient.discovery_cache.autodetect:49 - file_cache is only supported with oauth2client<4.0.0
2025-05-01 18:42:53,996 [INFO] googleapiclient.discovery_cache.autodetect:49 - file_cache is only supported with oauth2client<4.0.0
2025-05-01 18:43:23,231 [INFO] googleapiclient.discovery_cache.autodetect:49 - file_cache is only supported with oauth2client<4.0.0
2025-05-01 18:43:29,146 [INFO] googleapiclient.discovery_cache.autodetect:49 - file_cache is only supported with oauth2client<4.0.0
2025-05-01 18:43:36,788 [INFO] googleapiclient.discovery_cache.autodetect:49 - file_cache is only supported with oauth2client<4.0.0
2025-05-01 18:43:50,237 [INFO] googleapiclient.discovery_cache.autodetect:49 - file_cache is only supported with oauth2client<4.0.0
2025-05-01 18:43:53,947 [INFO] googleapiclient.discovery_cache.autodetect:49 - file_cache is only supported with oauth2client<4.0.0
2025-05-01 18:44:30,465 [INFO] googleapiclient.discovery_cache.autodetect:49 - file_cache is only supported with oauth2client<4.0.0
2025-05-01 18:44:38,601 [INFO] googleapiclient.discovery_cache.autodetect:49 - file_cache is only supported with oauth2client<4.0.0
2025-05-01 18:44:43,094 [INFO] googleapiclient.discovery_cache.autodetect:49 - file_cache is only supported with oauth2client<4.0.0
2025-05-01 18:45:17,753 [INFO] googleapiclient.discovery_cache.autodetect:49 - file_cache is only supported with oauth2client<4.0.0
2025-05-01 18:45:31,511 [INFO] googleapiclient.discovery_cache.autodetect:49 - file_cache is only supported with oauth2client<4.0.0
2025-05-01 18:45:41,180 [INFO] googleapiclient.discovery_cache.autodetect:49 - file_cache is only supported with oauth2client<4.0.0
2025-05-01 18:46:12,976 [INFO] googleapiclient.discovery_cache.autodetect:49 - file_cache is only supported with oauth2client<4.0.0
2025-05-01 18:46:41,211 [INFO] googleapiclient.discovery_cache.autodetect:49 - file_cache is only supported with oauth2client<4.0.0
2025-05-01 18:46:46,211 [INFO] googleapiclient.discovery_cache.autodetect:49 - file_cache is only supported with oauth2client<4.0.0
2025-05-01 18:47:26,867 [INFO] googleapiclient.discovery_cache.autodetect:49 - file_cache is only supported with oauth2client<4.0.0
2025-05-01 18:47:32,436 [INFO] googleapiclient.discovery_cache.autodetect:49 - file_cache is only supported with oauth2client<4.0.0
2025-05-01 18:47:38,014 [INFO] googleapiclient.discovery_cache.autodetect:49 - file_cache is only supported with oauth2client<4.0.0
2025-05-01 18:48:02,889 [INFO] googleapiclient.discovery_cache.autodetect:49 - file_cache is only supported with oauth2client<4.0.0
2025-05-01 18:48:40,486 [INFO] googleapiclient.discovery_cache.autodetect:49 - file_cache is only supported with oauth2client<4.0.0
2025-05-01 18:48:48,122 [INFO] googleapiclient.discovery_cache.autodetect:49 - file_cache is only supported with oauth2client<4.0.0
2025-05-01 18:48:54,226 [INFO] googleapiclient.discovery_cache.autodetect:49 - file_cache is only supported with oauth2client<4.0.0
2025-05-01 18:49:48,536 [INFO] googleapiclient.discovery_cache.autodetect:49 - file_cache is only supported with oauth2client<4.0.0
2025-05-01 18:50:03,039 [INFO] googleapiclient.discovery_cache.autodetect:49 - file_cache is only supported with oauth2client<4.0.0
2025-05-01 18:50:36,719 [INFO] googleapiclient.discovery_cache.autodetect:49 - file_cache is only supported with oauth2client<4.0.0
2025-05-01 18:51:33,795 [INFO] googleapiclient.discovery_cache.autodetect:49 - file_cache is only supported with oauth2client<4.0.0
2025-05-01 18:51:40,647 [INFO] googleapiclient.discovery_cache.autodetect:49 - file_cache is only supported with oauth2client<4.0.0
2025-05-01 18:51:47,218 [INFO] googleapiclient.discovery_cache.autodetect:49 - file_cache is only supported with oauth2client<4.0.0
2025-05-01 18:51:57,255 [INFO] googleapiclient.discovery_cache.autodetect:49 - file_cache is only supported with oauth2client<4.0.0
2025-05-01 18:52:12,780 [INFO] googleapiclient.discovery_cache.autodetect:49 - file_cache is only supported with oauth2client<4.0.0
2025-05-01 18:52:49,762 [INFO] googleapiclient.discovery_cache.autodetect:49 - file_cache is only supported with oauth2client<4.0.0
2025-05-01 18:53:09,998 [INFO] googleapiclient.discovery_cache.autodetect:49 - file_cache is only supported with oauth2client<4.0.0
2025-05-01 18:53:14,149 [INFO] googleapiclient.discovery_cache.autodetect:49 - file_cache is only supported with oauth2client<4.0.0
2025-05-01 18:53:31,811 [INFO] googleapiclient.discovery_cache.autodetect:49 - file_cache is only supported with oauth2client<4.0.0
2025-05-01 18:53:35,764 [INFO] googleapiclient.discovery_cache.autodetect:49 - file_cache is only supported with oauth2client<4.0.0
2025-05-01 18:53:43,581 [INFO] googleapiclient.discovery_cache.autodetect:49 - file_cache is only supported with oauth2client<4.0.0
