2025-05-17 10:10:22,487 [INFO] googleapiclient.discovery_cache.autodetect:49 - file_cache is only supported with oauth2client<4.0.0
2025-05-17 10:25:53,477 [INFO] googleapiclient.discovery_cache.autodetect:49 - file_cache is only supported with oauth2client<4.0.0
2025-05-17 10:26:29,540 [INFO] googleapiclient.discovery_cache.autodetect:49 - file_cache is only supported with oauth2client<4.0.0
2025-05-17 10:28:24,197 [INFO] backups.utils.backup_utils.create_backup:30 - Starting backup creation - type: full, encrypted: True
2025-05-17 10:28:24,197 [DEBUG] backups.utils.backup_utils.create_backup:32 - DB credentials: {'ENGINE': 'django.db.backends.mysql', 'NAME': 'Appligne_06', 'USER': 'root', 'PASSWORD': '', 'HOST': 'localhost', 'PORT': '3306', 'OPTIONS': {'init_command': "SET sql_mode='STRICT_TRANS_TABLES'"}, 'ATOMIC_REQUESTS': False, 'AUTOCOMMIT': True, 'CONN_MAX_AGE': 0, 'CONN_HEALTH_CHECKS': False, 'TIME_ZONE': None, 'TEST': {'CHARSET': None, 'COLLATION': None, 'MIGRATE': True, 'MIRROR': None, 'NAME': None}}
2025-05-17 10:28:24,198 [INFO] backups.utils.backup_utils.create_backup:38 - Backup will be saved to: C:\Education\Appligne\div\Appligne\media\backups\backup_full_20250517_102824.sql
2025-05-17 10:28:24,198 [INFO] backups.utils.backup_utils.create_backup:60 - Creating backup with command: C:\xampp\mysql\bin\mysqldump.exe --user=root --password= --host=localhost --port=3306 --single-transaction --routines --triggers Appligne_06
2025-05-17 10:31:08,093 [INFO] googleapiclient.discovery_cache.autodetect:49 - file_cache is only supported with oauth2client<4.0.0
2025-05-17 10:31:11,726 [INFO] googleapiclient.discovery_cache.autodetect:49 - file_cache is only supported with oauth2client<4.0.0
2025-05-17 10:31:27,053 [INFO] googleapiclient.discovery_cache.autodetect:49 - file_cache is only supported with oauth2client<4.0.0
2025-05-17 10:31:45,022 [INFO] backups.utils.backup_utils.create_backup:30 - Starting backup creation - type: full, encrypted: True
2025-05-17 10:31:45,022 [DEBUG] backups.utils.backup_utils.create_backup:32 - DB credentials: {'ENGINE': 'django.db.backends.mysql', 'NAME': 'Appligne_06', 'USER': 'root', 'PASSWORD': '', 'HOST': 'localhost', 'PORT': '3306', 'OPTIONS': {'init_command': "SET sql_mode='STRICT_TRANS_TABLES'"}, 'ATOMIC_REQUESTS': False, 'AUTOCOMMIT': True, 'CONN_MAX_AGE': 0, 'CONN_HEALTH_CHECKS': False, 'TIME_ZONE': None, 'TEST': {'CHARSET': None, 'COLLATION': None, 'MIGRATE': True, 'MIRROR': None, 'NAME': None}}
2025-05-17 10:31:45,022 [INFO] backups.utils.backup_utils.create_backup:38 - Backup will be saved to: C:\Education\Appligne\div\Appligne\media\backups\backup_full_20250517_103145.sql
2025-05-17 10:31:45,022 [INFO] backups.utils.backup_utils.create_backup:60 - Creating backup with command: C:\xampp\mysql\bin\mysqldump.exe --user=root --password= --host=localhost --port=3306 --single-transaction --routines --triggers Appligne_06
2025-05-17 10:33:12,287 [INFO] backups.utils.backup_utils.create_backup:30 - Starting backup creation - type: full, encrypted: True
2025-05-17 10:33:12,287 [DEBUG] backups.utils.backup_utils.create_backup:32 - DB credentials: {'ENGINE': 'django.db.backends.mysql', 'NAME': 'Appligne_06', 'USER': 'root', 'PASSWORD': '', 'HOST': 'localhost', 'PORT': '3306', 'OPTIONS': {'init_command': "SET sql_mode='STRICT_TRANS_TABLES'"}, 'ATOMIC_REQUESTS': False, 'AUTOCOMMIT': True, 'CONN_MAX_AGE': 0, 'CONN_HEALTH_CHECKS': False, 'TIME_ZONE': None, 'TEST': {'CHARSET': None, 'COLLATION': None, 'MIGRATE': True, 'MIRROR': None, 'NAME': None}}
2025-05-17 10:33:12,288 [INFO] backups.utils.backup_utils.create_backup:38 - Backup will be saved to: C:\Education\Appligne\div\Appligne\media\backups\backup_full_20250517_103312.sql
2025-05-17 10:33:12,288 [INFO] backups.utils.backup_utils.create_backup:60 - Creating backup with command: C:\xampp\mysql\bin\mysqldump.exe --user=root --password= --host=localhost --port=3306 --single-transaction --routines --triggers Appligne_06
2025-05-17 10:41:54,390 [INFO] googleapiclient.discovery_cache.autodetect:49 - file_cache is only supported with oauth2client<4.0.0
2025-05-17 10:42:09,236 [INFO] googleapiclient.discovery_cache.autodetect:49 - file_cache is only supported with oauth2client<4.0.0
2025-05-17 10:42:13,900 [INFO] googleapiclient.discovery_cache.autodetect:49 - file_cache is only supported with oauth2client<4.0.0
2025-05-17 10:42:17,785 [INFO] googleapiclient.discovery_cache.autodetect:49 - file_cache is only supported with oauth2client<4.0.0
2025-05-17 10:42:21,186 [INFO] googleapiclient.discovery_cache.autodetect:49 - file_cache is only supported with oauth2client<4.0.0
2025-05-17 11:14:01,041 [INFO] googleapiclient.discovery_cache.autodetect:49 - file_cache is only supported with oauth2client<4.0.0
2025-05-17 11:14:05,164 [INFO] googleapiclient.discovery_cache.autodetect:49 - file_cache is only supported with oauth2client<4.0.0
2025-05-17 11:15:01,002 [INFO] googleapiclient.discovery_cache.autodetect:49 - file_cache is only supported with oauth2client<4.0.0
2025-05-17 11:15:38,083 [INFO] backups.utils.backup_utils.create_backup:41 - Starting backup creation - type: full, encrypted: True
2025-05-17 11:15:38,084 [DEBUG] backups.utils.backup_utils.create_backup:43 - DB credentials: {'ENGINE': 'django.db.backends.mysql', 'NAME': 'Appligne_06', 'USER': 'root', 'PASSWORD': '', 'HOST': 'localhost', 'PORT': '3306', 'OPTIONS': {'init_command': "SET sql_mode='STRICT_TRANS_TABLES'"}, 'ATOMIC_REQUESTS': False, 'AUTOCOMMIT': True, 'CONN_MAX_AGE': 0, 'CONN_HEALTH_CHECKS': False, 'TIME_ZONE': None, 'TEST': {'CHARSET': None, 'COLLATION': None, 'MIGRATE': True, 'MIRROR': None, 'NAME': None}}
2025-05-17 11:15:38,084 [INFO] backups.utils.backup_utils.create_backup:68 - Creating backup with command: C:\xampp\mysql\bin\mysqldump.exe --user=root --password= --host=localhost --port=3306 --single-transaction --routines --triggers Appligne_06
2025-05-17 11:26:09,472 [INFO] googleapiclient.discovery_cache.autodetect:49 - file_cache is only supported with oauth2client<4.0.0
2025-05-17 11:26:30,601 [INFO] googleapiclient.discovery_cache.autodetect:49 - file_cache is only supported with oauth2client<4.0.0
2025-05-17 11:26:33,890 [INFO] googleapiclient.discovery_cache.autodetect:49 - file_cache is only supported with oauth2client<4.0.0
2025-05-17 11:29:01,754 [INFO] backups.utils.backup_utils.create_backup:41 - Starting backup creation - type: partial, encrypted: True
2025-05-17 11:29:01,754 [DEBUG] backups.utils.backup_utils.create_backup:43 - DB credentials: {'ENGINE': 'django.db.backends.mysql', 'NAME': 'Appligne_06', 'USER': 'root', 'PASSWORD': '', 'HOST': 'localhost', 'PORT': '3306', 'OPTIONS': {'init_command': "SET sql_mode='STRICT_TRANS_TABLES'"}, 'ATOMIC_REQUESTS': False, 'AUTOCOMMIT': True, 'CONN_MAX_AGE': 0, 'CONN_HEALTH_CHECKS': False, 'TIME_ZONE': None, 'TEST': {'CHARSET': None, 'COLLATION': None, 'MIGRATE': True, 'MIRROR': None, 'NAME': None}}
2025-05-17 11:29:01,755 [INFO] backups.utils.backup_utils.create_backup:68 - Creating backup with command: C:\xampp\mysql\bin\mysqldump.exe --user=root --password= --host=localhost --port=3306 --single-transaction --routines --triggers Appligne_06 --ignore-table=Appligne_06.django_session --ignore-table=Appligne_06.django_admin_log
2025-05-17 11:29:32,841 [INFO] backups.utils.backup_utils.create_backup:41 - Starting backup creation - type: full, encrypted: False
2025-05-17 11:29:32,841 [DEBUG] backups.utils.backup_utils.create_backup:43 - DB credentials: {'ENGINE': 'django.db.backends.mysql', 'NAME': 'Appligne_06', 'USER': 'root', 'PASSWORD': '', 'HOST': 'localhost', 'PORT': '3306', 'OPTIONS': {'init_command': "SET sql_mode='STRICT_TRANS_TABLES'"}, 'ATOMIC_REQUESTS': False, 'AUTOCOMMIT': True, 'CONN_MAX_AGE': 0, 'CONN_HEALTH_CHECKS': False, 'TIME_ZONE': None, 'TEST': {'CHARSET': None, 'COLLATION': None, 'MIGRATE': True, 'MIRROR': None, 'NAME': None}}
2025-05-17 11:29:32,841 [INFO] backups.utils.backup_utils.create_backup:68 - Creating backup with command: C:\xampp\mysql\bin\mysqldump.exe --user=root --password= --host=localhost --port=3306 --single-transaction --routines --triggers Appligne_06
2025-05-17 11:29:51,470 [INFO] backups.utils.backup_utils.create_backup:41 - Starting backup creation - type: partial, encrypted: False
2025-05-17 11:29:51,470 [DEBUG] backups.utils.backup_utils.create_backup:43 - DB credentials: {'ENGINE': 'django.db.backends.mysql', 'NAME': 'Appligne_06', 'USER': 'root', 'PASSWORD': '', 'HOST': 'localhost', 'PORT': '3306', 'OPTIONS': {'init_command': "SET sql_mode='STRICT_TRANS_TABLES'"}, 'ATOMIC_REQUESTS': False, 'AUTOCOMMIT': True, 'CONN_MAX_AGE': 0, 'CONN_HEALTH_CHECKS': False, 'TIME_ZONE': None, 'TEST': {'CHARSET': None, 'COLLATION': None, 'MIGRATE': True, 'MIRROR': None, 'NAME': None}}
2025-05-17 11:29:51,471 [INFO] backups.utils.backup_utils.create_backup:68 - Creating backup with command: C:\xampp\mysql\bin\mysqldump.exe --user=root --password= --host=localhost --port=3306 --single-transaction --routines --triggers Appligne_06 --ignore-table=Appligne_06.django_session --ignore-table=Appligne_06.django_admin_log
